[2025-12-27T03:03:49.186+0000] {processor.py:161} INFO - Started process (PID=25695) to work on /workspaces/Airflow-domain-etl/venv/lib/python3.10/site-packages/airflow/example_dags/example_params_trigger_ui.py
[2025-12-27T03:03:49.186+0000] {processor.py:830} INFO - Processing file /workspaces/Airflow-domain-etl/venv/lib/python3.10/site-packages/airflow/example_dags/example_params_trigger_ui.py for tasks to queue
[2025-12-27T03:03:49.187+0000] {logging_mixin.py:188} INFO - [2025-12-27T03:03:49.187+0000] {dagbag.py:538} INFO - Filling up the DagBag from /workspaces/Airflow-domain-etl/venv/lib/python3.10/site-packages/airflow/example_dags/example_params_trigger_ui.py
[2025-12-27T03:03:49.199+0000] {processor.py:840} INFO - DAG(s) 'example_params_trigger_ui' retrieved from /workspaces/Airflow-domain-etl/venv/lib/python3.10/site-packages/airflow/example_dags/example_params_trigger_ui.py
[2025-12-27T03:03:49.315+0000] {logging_mixin.py:188} INFO - [2025-12-27T03:03:49.315+0000] {override.py:1769} INFO - Created Permission View: can delete on DAG:example_params_trigger_ui
[2025-12-27T03:03:49.324+0000] {logging_mixin.py:188} INFO - [2025-12-27T03:03:49.324+0000] {override.py:1769} INFO - Created Permission View: can edit on DAG:example_params_trigger_ui
[2025-12-27T03:03:49.330+0000] {logging_mixin.py:188} INFO - [2025-12-27T03:03:49.330+0000] {override.py:1769} INFO - Created Permission View: can read on DAG:example_params_trigger_ui
[2025-12-27T03:03:49.330+0000] {logging_mixin.py:188} INFO - [2025-12-27T03:03:49.330+0000] {dag.py:3036} INFO - Sync 1 DAGs
[2025-12-27T03:03:49.337+0000] {logging_mixin.py:188} INFO - [2025-12-27T03:03:49.337+0000] {dag.py:3058} INFO - Creating ORM DAG for example_params_trigger_ui
[2025-12-27T03:03:49.338+0000] {logging_mixin.py:188} INFO - [2025-12-27T03:03:49.338+0000] {dag.py:3823} INFO - Setting next_dagrun for example_params_trigger_ui to None, run_after=None
[2025-12-27T03:03:49.355+0000] {processor.py:183} INFO - Processing /workspaces/Airflow-domain-etl/venv/lib/python3.10/site-packages/airflow/example_dags/example_params_trigger_ui.py took 0.171 seconds
[2025-12-27T03:04:35.674+0000] {processor.py:161} INFO - Started process (PID=26204) to work on /workspaces/Airflow-domain-etl/venv/lib/python3.10/site-packages/airflow/example_dags/example_params_trigger_ui.py
[2025-12-27T03:04:35.675+0000] {processor.py:830} INFO - Processing file /workspaces/Airflow-domain-etl/venv/lib/python3.10/site-packages/airflow/example_dags/example_params_trigger_ui.py for tasks to queue
[2025-12-27T03:04:35.676+0000] {logging_mixin.py:188} INFO - [2025-12-27T03:04:35.675+0000] {dagbag.py:538} INFO - Filling up the DagBag from /workspaces/Airflow-domain-etl/venv/lib/python3.10/site-packages/airflow/example_dags/example_params_trigger_ui.py
[2025-12-27T03:04:35.686+0000] {processor.py:840} INFO - DAG(s) 'example_params_trigger_ui' retrieved from /workspaces/Airflow-domain-etl/venv/lib/python3.10/site-packages/airflow/example_dags/example_params_trigger_ui.py
[2025-12-27T03:04:35.716+0000] {logging_mixin.py:188} INFO - [2025-12-27T03:04:35.716+0000] {dag.py:3036} INFO - Sync 1 DAGs
[2025-12-27T03:04:35.723+0000] {logging_mixin.py:188} INFO - [2025-12-27T03:04:35.723+0000] {dag.py:3823} INFO - Setting next_dagrun for example_params_trigger_ui to None, run_after=None
[2025-12-27T03:04:35.738+0000] {processor.py:183} INFO - Processing /workspaces/Airflow-domain-etl/venv/lib/python3.10/site-packages/airflow/example_dags/example_params_trigger_ui.py took 0.066 seconds
[2025-12-27T03:05:24.773+0000] {processor.py:161} INFO - Started process (PID=26605) to work on /workspaces/Airflow-domain-etl/venv/lib/python3.10/site-packages/airflow/example_dags/example_params_trigger_ui.py
[2025-12-27T03:05:24.774+0000] {processor.py:830} INFO - Processing file /workspaces/Airflow-domain-etl/venv/lib/python3.10/site-packages/airflow/example_dags/example_params_trigger_ui.py for tasks to queue
[2025-12-27T03:05:24.775+0000] {logging_mixin.py:188} INFO - [2025-12-27T03:05:24.774+0000] {dagbag.py:538} INFO - Filling up the DagBag from /workspaces/Airflow-domain-etl/venv/lib/python3.10/site-packages/airflow/example_dags/example_params_trigger_ui.py
[2025-12-27T03:05:24.785+0000] {processor.py:840} INFO - DAG(s) 'example_params_trigger_ui' retrieved from /workspaces/Airflow-domain-etl/venv/lib/python3.10/site-packages/airflow/example_dags/example_params_trigger_ui.py
[2025-12-27T03:05:24.814+0000] {logging_mixin.py:188} INFO - [2025-12-27T03:05:24.814+0000] {dag.py:3036} INFO - Sync 1 DAGs
[2025-12-27T03:05:24.821+0000] {logging_mixin.py:188} INFO - [2025-12-27T03:05:24.821+0000] {dag.py:3823} INFO - Setting next_dagrun for example_params_trigger_ui to None, run_after=None
[2025-12-27T03:05:24.836+0000] {processor.py:183} INFO - Processing /workspaces/Airflow-domain-etl/venv/lib/python3.10/site-packages/airflow/example_dags/example_params_trigger_ui.py took 0.065 seconds
[2025-12-27T03:06:19.405+0000] {processor.py:161} INFO - Started process (PID=27305) to work on /workspaces/Airflow-domain-etl/venv/lib/python3.10/site-packages/airflow/example_dags/example_params_trigger_ui.py
[2025-12-27T03:06:19.406+0000] {processor.py:830} INFO - Processing file /workspaces/Airflow-domain-etl/venv/lib/python3.10/site-packages/airflow/example_dags/example_params_trigger_ui.py for tasks to queue
[2025-12-27T03:06:19.406+0000] {logging_mixin.py:188} INFO - [2025-12-27T03:06:19.406+0000] {dagbag.py:538} INFO - Filling up the DagBag from /workspaces/Airflow-domain-etl/venv/lib/python3.10/site-packages/airflow/example_dags/example_params_trigger_ui.py
[2025-12-27T03:06:19.417+0000] {processor.py:840} INFO - DAG(s) 'example_params_trigger_ui' retrieved from /workspaces/Airflow-domain-etl/venv/lib/python3.10/site-packages/airflow/example_dags/example_params_trigger_ui.py
[2025-12-27T03:06:19.446+0000] {logging_mixin.py:188} INFO - [2025-12-27T03:06:19.446+0000] {dag.py:3036} INFO - Sync 1 DAGs
[2025-12-27T03:06:19.454+0000] {logging_mixin.py:188} INFO - [2025-12-27T03:06:19.454+0000] {dag.py:3823} INFO - Setting next_dagrun for example_params_trigger_ui to None, run_after=None
[2025-12-27T03:06:19.472+0000] {processor.py:183} INFO - Processing /workspaces/Airflow-domain-etl/venv/lib/python3.10/site-packages/airflow/example_dags/example_params_trigger_ui.py took 0.069 seconds
