[2025-12-27T03:03:37.480+0000] {processor.py:161} INFO - Started process (PID=25559) to work on /workspaces/Airflow-domain-etl/venv/lib/python3.10/site-packages/airflow/example_dags/example_short_circuit_decorator.py
[2025-12-27T03:03:37.481+0000] {processor.py:830} INFO - Processing file /workspaces/Airflow-domain-etl/venv/lib/python3.10/site-packages/airflow/example_dags/example_short_circuit_decorator.py for tasks to queue
[2025-12-27T03:03:37.482+0000] {logging_mixin.py:188} INFO - [2025-12-27T03:03:37.481+0000] {dagbag.py:538} INFO - Filling up the DagBag from /workspaces/Airflow-domain-etl/venv/lib/python3.10/site-packages/airflow/example_dags/example_short_circuit_decorator.py
[2025-12-27T03:03:37.488+0000] {processor.py:840} INFO - DAG(s) 'example_short_circuit_decorator' retrieved from /workspaces/Airflow-domain-etl/venv/lib/python3.10/site-packages/airflow/example_dags/example_short_circuit_decorator.py
[2025-12-27T03:03:37.562+0000] {logging_mixin.py:188} INFO - [2025-12-27T03:03:37.562+0000] {override.py:1769} INFO - Created Permission View: can delete on DAG:example_short_circuit_decorator
[2025-12-27T03:03:37.570+0000] {logging_mixin.py:188} INFO - [2025-12-27T03:03:37.570+0000] {override.py:1769} INFO - Created Permission View: can edit on DAG:example_short_circuit_decorator
[2025-12-27T03:03:37.577+0000] {logging_mixin.py:188} INFO - [2025-12-27T03:03:37.577+0000] {override.py:1769} INFO - Created Permission View: can read on DAG:example_short_circuit_decorator
[2025-12-27T03:03:37.577+0000] {logging_mixin.py:188} INFO - [2025-12-27T03:03:37.577+0000] {dag.py:3036} INFO - Sync 1 DAGs
[2025-12-27T03:03:37.584+0000] {logging_mixin.py:188} INFO - [2025-12-27T03:03:37.584+0000] {dag.py:3058} INFO - Creating ORM DAG for example_short_circuit_decorator
[2025-12-27T03:03:37.590+0000] {logging_mixin.py:188} INFO - [2025-12-27T03:03:37.590+0000] {dag.py:3823} INFO - Setting next_dagrun for example_short_circuit_decorator to 2025-12-26 00:00:00+00:00, run_after=2025-12-27 00:00:00+00:00
[2025-12-27T03:03:37.606+0000] {processor.py:183} INFO - Processing /workspaces/Airflow-domain-etl/venv/lib/python3.10/site-packages/airflow/example_dags/example_short_circuit_decorator.py took 0.127 seconds
[2025-12-27T03:04:25.541+0000] {processor.py:161} INFO - Started process (PID=26109) to work on /workspaces/Airflow-domain-etl/venv/lib/python3.10/site-packages/airflow/example_dags/example_short_circuit_decorator.py
[2025-12-27T03:04:25.542+0000] {processor.py:830} INFO - Processing file /workspaces/Airflow-domain-etl/venv/lib/python3.10/site-packages/airflow/example_dags/example_short_circuit_decorator.py for tasks to queue
[2025-12-27T03:04:25.543+0000] {logging_mixin.py:188} INFO - [2025-12-27T03:04:25.542+0000] {dagbag.py:538} INFO - Filling up the DagBag from /workspaces/Airflow-domain-etl/venv/lib/python3.10/site-packages/airflow/example_dags/example_short_circuit_decorator.py
[2025-12-27T03:04:25.550+0000] {processor.py:840} INFO - DAG(s) 'example_short_circuit_decorator' retrieved from /workspaces/Airflow-domain-etl/venv/lib/python3.10/site-packages/airflow/example_dags/example_short_circuit_decorator.py
[2025-12-27T03:04:25.562+0000] {logging_mixin.py:188} INFO - [2025-12-27T03:04:25.562+0000] {dag.py:3036} INFO - Sync 1 DAGs
[2025-12-27T03:04:25.576+0000] {logging_mixin.py:188} INFO - [2025-12-27T03:04:25.576+0000] {dag.py:3823} INFO - Setting next_dagrun for example_short_circuit_decorator to 2025-12-26 00:00:00+00:00, run_after=2025-12-27 00:00:00+00:00
[2025-12-27T03:04:25.600+0000] {processor.py:183} INFO - Processing /workspaces/Airflow-domain-etl/venv/lib/python3.10/site-packages/airflow/example_dags/example_short_circuit_decorator.py took 0.061 seconds
[2025-12-27T03:05:12.839+0000] {processor.py:161} INFO - Started process (PID=26503) to work on /workspaces/Airflow-domain-etl/venv/lib/python3.10/site-packages/airflow/example_dags/example_short_circuit_decorator.py
[2025-12-27T03:05:12.840+0000] {processor.py:830} INFO - Processing file /workspaces/Airflow-domain-etl/venv/lib/python3.10/site-packages/airflow/example_dags/example_short_circuit_decorator.py for tasks to queue
[2025-12-27T03:05:12.840+0000] {logging_mixin.py:188} INFO - [2025-12-27T03:05:12.840+0000] {dagbag.py:538} INFO - Filling up the DagBag from /workspaces/Airflow-domain-etl/venv/lib/python3.10/site-packages/airflow/example_dags/example_short_circuit_decorator.py
[2025-12-27T03:05:12.847+0000] {processor.py:840} INFO - DAG(s) 'example_short_circuit_decorator' retrieved from /workspaces/Airflow-domain-etl/venv/lib/python3.10/site-packages/airflow/example_dags/example_short_circuit_decorator.py
[2025-12-27T03:05:12.859+0000] {logging_mixin.py:188} INFO - [2025-12-27T03:05:12.859+0000] {dag.py:3036} INFO - Sync 1 DAGs
[2025-12-27T03:05:12.872+0000] {logging_mixin.py:188} INFO - [2025-12-27T03:05:12.872+0000] {dag.py:3823} INFO - Setting next_dagrun for example_short_circuit_decorator to 2025-12-26 00:00:00+00:00, run_after=2025-12-27 00:00:00+00:00
[2025-12-27T03:05:12.887+0000] {processor.py:183} INFO - Processing /workspaces/Airflow-domain-etl/venv/lib/python3.10/site-packages/airflow/example_dags/example_short_circuit_decorator.py took 0.050 seconds
[2025-12-27T03:06:01.327+0000] {processor.py:161} INFO - Started process (PID=27081) to work on /workspaces/Airflow-domain-etl/venv/lib/python3.10/site-packages/airflow/example_dags/example_short_circuit_decorator.py
[2025-12-27T03:06:01.328+0000] {processor.py:830} INFO - Processing file /workspaces/Airflow-domain-etl/venv/lib/python3.10/site-packages/airflow/example_dags/example_short_circuit_decorator.py for tasks to queue
[2025-12-27T03:06:01.329+0000] {logging_mixin.py:188} INFO - [2025-12-27T03:06:01.328+0000] {dagbag.py:538} INFO - Filling up the DagBag from /workspaces/Airflow-domain-etl/venv/lib/python3.10/site-packages/airflow/example_dags/example_short_circuit_decorator.py
[2025-12-27T03:06:01.335+0000] {processor.py:840} INFO - DAG(s) 'example_short_circuit_decorator' retrieved from /workspaces/Airflow-domain-etl/venv/lib/python3.10/site-packages/airflow/example_dags/example_short_circuit_decorator.py
[2025-12-27T03:06:01.347+0000] {logging_mixin.py:188} INFO - [2025-12-27T03:06:01.347+0000] {dag.py:3036} INFO - Sync 1 DAGs
[2025-12-27T03:06:01.361+0000] {logging_mixin.py:188} INFO - [2025-12-27T03:06:01.361+0000] {dag.py:3823} INFO - Setting next_dagrun for example_short_circuit_decorator to 2025-12-26 00:00:00+00:00, run_after=2025-12-27 00:00:00+00:00
[2025-12-27T03:06:01.378+0000] {processor.py:183} INFO - Processing /workspaces/Airflow-domain-etl/venv/lib/python3.10/site-packages/airflow/example_dags/example_short_circuit_decorator.py took 0.053 seconds
