[2025-12-27T03:03:45.478+0000] {processor.py:161} INFO - Started process (PID=25638) to work on /workspaces/Airflow-domain-etl/venv/lib/python3.10/site-packages/airflow/example_dags/example_python_decorator.py
[2025-12-27T03:03:45.478+0000] {processor.py:830} INFO - Processing file /workspaces/Airflow-domain-etl/venv/lib/python3.10/site-packages/airflow/example_dags/example_python_decorator.py for tasks to queue
[2025-12-27T03:03:45.479+0000] {logging_mixin.py:188} INFO - [2025-12-27T03:03:45.479+0000] {dagbag.py:538} INFO - Filling up the DagBag from /workspaces/Airflow-domain-etl/venv/lib/python3.10/site-packages/airflow/example_dags/example_python_decorator.py
[2025-12-27T03:03:45.490+0000] {processor.py:840} INFO - DAG(s) 'example_python_decorator' retrieved from /workspaces/Airflow-domain-etl/venv/lib/python3.10/site-packages/airflow/example_dags/example_python_decorator.py
[2025-12-27T03:03:45.565+0000] {logging_mixin.py:188} INFO - [2025-12-27T03:03:45.565+0000] {override.py:1769} INFO - Created Permission View: can delete on DAG:example_python_decorator
[2025-12-27T03:03:45.573+0000] {logging_mixin.py:188} INFO - [2025-12-27T03:03:45.573+0000] {override.py:1769} INFO - Created Permission View: can edit on DAG:example_python_decorator
[2025-12-27T03:03:45.580+0000] {logging_mixin.py:188} INFO - [2025-12-27T03:03:45.580+0000] {override.py:1769} INFO - Created Permission View: can read on DAG:example_python_decorator
[2025-12-27T03:03:45.580+0000] {logging_mixin.py:188} INFO - [2025-12-27T03:03:45.580+0000] {dag.py:3036} INFO - Sync 1 DAGs
[2025-12-27T03:03:45.587+0000] {logging_mixin.py:188} INFO - [2025-12-27T03:03:45.587+0000] {dag.py:3058} INFO - Creating ORM DAG for example_python_decorator
[2025-12-27T03:03:45.588+0000] {logging_mixin.py:188} INFO - [2025-12-27T03:03:45.588+0000] {dag.py:3823} INFO - Setting next_dagrun for example_python_decorator to None, run_after=None
[2025-12-27T03:03:45.603+0000] {processor.py:183} INFO - Processing /workspaces/Airflow-domain-etl/venv/lib/python3.10/site-packages/airflow/example_dags/example_python_decorator.py took 0.128 seconds
[2025-12-27T03:04:33.261+0000] {processor.py:161} INFO - Started process (PID=26192) to work on /workspaces/Airflow-domain-etl/venv/lib/python3.10/site-packages/airflow/example_dags/example_python_decorator.py
[2025-12-27T03:04:33.261+0000] {processor.py:830} INFO - Processing file /workspaces/Airflow-domain-etl/venv/lib/python3.10/site-packages/airflow/example_dags/example_python_decorator.py for tasks to queue
[2025-12-27T03:04:33.262+0000] {logging_mixin.py:188} INFO - [2025-12-27T03:04:33.262+0000] {dagbag.py:538} INFO - Filling up the DagBag from /workspaces/Airflow-domain-etl/venv/lib/python3.10/site-packages/airflow/example_dags/example_python_decorator.py
[2025-12-27T03:04:33.272+0000] {processor.py:840} INFO - DAG(s) 'example_python_decorator' retrieved from /workspaces/Airflow-domain-etl/venv/lib/python3.10/site-packages/airflow/example_dags/example_python_decorator.py
[2025-12-27T03:04:33.284+0000] {logging_mixin.py:188} INFO - [2025-12-27T03:04:33.284+0000] {dag.py:3036} INFO - Sync 1 DAGs
[2025-12-27T03:04:33.291+0000] {logging_mixin.py:188} INFO - [2025-12-27T03:04:33.291+0000] {dag.py:3823} INFO - Setting next_dagrun for example_python_decorator to None, run_after=None
[2025-12-27T03:04:33.305+0000] {processor.py:183} INFO - Processing /workspaces/Airflow-domain-etl/venv/lib/python3.10/site-packages/airflow/example_dags/example_python_decorator.py took 0.047 seconds
[2025-12-27T03:05:21.899+0000] {processor.py:161} INFO - Started process (PID=26578) to work on /workspaces/Airflow-domain-etl/venv/lib/python3.10/site-packages/airflow/example_dags/example_python_decorator.py
[2025-12-27T03:05:21.899+0000] {processor.py:830} INFO - Processing file /workspaces/Airflow-domain-etl/venv/lib/python3.10/site-packages/airflow/example_dags/example_python_decorator.py for tasks to queue
[2025-12-27T03:05:21.900+0000] {logging_mixin.py:188} INFO - [2025-12-27T03:05:21.900+0000] {dagbag.py:538} INFO - Filling up the DagBag from /workspaces/Airflow-domain-etl/venv/lib/python3.10/site-packages/airflow/example_dags/example_python_decorator.py
[2025-12-27T03:05:21.910+0000] {processor.py:840} INFO - DAG(s) 'example_python_decorator' retrieved from /workspaces/Airflow-domain-etl/venv/lib/python3.10/site-packages/airflow/example_dags/example_python_decorator.py
[2025-12-27T03:05:21.921+0000] {logging_mixin.py:188} INFO - [2025-12-27T03:05:21.921+0000] {dag.py:3036} INFO - Sync 1 DAGs
[2025-12-27T03:05:21.929+0000] {logging_mixin.py:188} INFO - [2025-12-27T03:05:21.928+0000] {dag.py:3823} INFO - Setting next_dagrun for example_python_decorator to None, run_after=None
[2025-12-27T03:05:21.943+0000] {processor.py:183} INFO - Processing /workspaces/Airflow-domain-etl/venv/lib/python3.10/site-packages/airflow/example_dags/example_python_decorator.py took 0.047 seconds
[2025-12-27T03:06:16.459+0000] {processor.py:161} INFO - Started process (PID=27278) to work on /workspaces/Airflow-domain-etl/venv/lib/python3.10/site-packages/airflow/example_dags/example_python_decorator.py
[2025-12-27T03:06:16.460+0000] {processor.py:830} INFO - Processing file /workspaces/Airflow-domain-etl/venv/lib/python3.10/site-packages/airflow/example_dags/example_python_decorator.py for tasks to queue
[2025-12-27T03:06:16.460+0000] {logging_mixin.py:188} INFO - [2025-12-27T03:06:16.460+0000] {dagbag.py:538} INFO - Filling up the DagBag from /workspaces/Airflow-domain-etl/venv/lib/python3.10/site-packages/airflow/example_dags/example_python_decorator.py
[2025-12-27T03:06:16.470+0000] {processor.py:840} INFO - DAG(s) 'example_python_decorator' retrieved from /workspaces/Airflow-domain-etl/venv/lib/python3.10/site-packages/airflow/example_dags/example_python_decorator.py
[2025-12-27T03:06:16.482+0000] {logging_mixin.py:188} INFO - [2025-12-27T03:06:16.481+0000] {dag.py:3036} INFO - Sync 1 DAGs
[2025-12-27T03:06:16.489+0000] {logging_mixin.py:188} INFO - [2025-12-27T03:06:16.489+0000] {dag.py:3823} INFO - Setting next_dagrun for example_python_decorator to None, run_after=None
[2025-12-27T03:06:16.506+0000] {processor.py:183} INFO - Processing /workspaces/Airflow-domain-etl/venv/lib/python3.10/site-packages/airflow/example_dags/example_python_decorator.py took 0.049 seconds
