[2025-12-27T03:03:54.942+0000] {processor.py:161} INFO - Started process (PID=25757) to work on /workspaces/Airflow-domain-etl/venv/lib/python3.10/site-packages/airflow/example_dags/example_dag_decorator.py
[2025-12-27T03:03:54.943+0000] {processor.py:830} INFO - Processing file /workspaces/Airflow-domain-etl/venv/lib/python3.10/site-packages/airflow/example_dags/example_dag_decorator.py for tasks to queue
[2025-12-27T03:03:54.944+0000] {logging_mixin.py:188} INFO - [2025-12-27T03:03:54.943+0000] {dagbag.py:538} INFO - Filling up the DagBag from /workspaces/Airflow-domain-etl/venv/lib/python3.10/site-packages/airflow/example_dags/example_dag_decorator.py
[2025-12-27T03:03:55.008+0000] {processor.py:840} INFO - DAG(s) 'example_dag_decorator' retrieved from /workspaces/Airflow-domain-etl/venv/lib/python3.10/site-packages/airflow/example_dags/example_dag_decorator.py
[2025-12-27T03:03:55.080+0000] {logging_mixin.py:188} INFO - [2025-12-27T03:03:55.079+0000] {override.py:1769} INFO - Created Permission View: can delete on DAG:example_dag_decorator
[2025-12-27T03:03:55.088+0000] {logging_mixin.py:188} INFO - [2025-12-27T03:03:55.088+0000] {override.py:1769} INFO - Created Permission View: can edit on DAG:example_dag_decorator
[2025-12-27T03:03:55.094+0000] {logging_mixin.py:188} INFO - [2025-12-27T03:03:55.094+0000] {override.py:1769} INFO - Created Permission View: can read on DAG:example_dag_decorator
[2025-12-27T03:03:55.094+0000] {logging_mixin.py:188} INFO - [2025-12-27T03:03:55.094+0000] {dag.py:3036} INFO - Sync 1 DAGs
[2025-12-27T03:03:55.104+0000] {logging_mixin.py:188} INFO - [2025-12-27T03:03:55.104+0000] {dag.py:3058} INFO - Creating ORM DAG for example_dag_decorator
[2025-12-27T03:03:55.105+0000] {logging_mixin.py:188} INFO - [2025-12-27T03:03:55.105+0000] {dag.py:3823} INFO - Setting next_dagrun for example_dag_decorator to None, run_after=None
[2025-12-27T03:03:55.123+0000] {processor.py:183} INFO - Processing /workspaces/Airflow-domain-etl/venv/lib/python3.10/site-packages/airflow/example_dags/example_dag_decorator.py took 0.184 seconds
[2025-12-27T03:04:41.814+0000] {processor.py:161} INFO - Started process (PID=26264) to work on /workspaces/Airflow-domain-etl/venv/lib/python3.10/site-packages/airflow/example_dags/example_dag_decorator.py
[2025-12-27T03:04:41.814+0000] {processor.py:830} INFO - Processing file /workspaces/Airflow-domain-etl/venv/lib/python3.10/site-packages/airflow/example_dags/example_dag_decorator.py for tasks to queue
[2025-12-27T03:04:41.815+0000] {logging_mixin.py:188} INFO - [2025-12-27T03:04:41.815+0000] {dagbag.py:538} INFO - Filling up the DagBag from /workspaces/Airflow-domain-etl/venv/lib/python3.10/site-packages/airflow/example_dags/example_dag_decorator.py
[2025-12-27T03:04:41.877+0000] {processor.py:840} INFO - DAG(s) 'example_dag_decorator' retrieved from /workspaces/Airflow-domain-etl/venv/lib/python3.10/site-packages/airflow/example_dags/example_dag_decorator.py
[2025-12-27T03:04:41.942+0000] {logging_mixin.py:188} INFO - [2025-12-27T03:04:41.942+0000] {dag.py:3036} INFO - Sync 1 DAGs
[2025-12-27T03:04:41.951+0000] {logging_mixin.py:188} INFO - [2025-12-27T03:04:41.951+0000] {dag.py:3823} INFO - Setting next_dagrun for example_dag_decorator to None, run_after=None
[2025-12-27T03:04:41.973+0000] {processor.py:183} INFO - Processing /workspaces/Airflow-domain-etl/venv/lib/python3.10/site-packages/airflow/example_dags/example_dag_decorator.py took 0.161 seconds
[2025-12-27T03:05:29.917+0000] {processor.py:161} INFO - Started process (PID=26676) to work on /workspaces/Airflow-domain-etl/venv/lib/python3.10/site-packages/airflow/example_dags/example_dag_decorator.py
[2025-12-27T03:05:29.917+0000] {processor.py:830} INFO - Processing file /workspaces/Airflow-domain-etl/venv/lib/python3.10/site-packages/airflow/example_dags/example_dag_decorator.py for tasks to queue
[2025-12-27T03:05:29.918+0000] {logging_mixin.py:188} INFO - [2025-12-27T03:05:29.918+0000] {dagbag.py:538} INFO - Filling up the DagBag from /workspaces/Airflow-domain-etl/venv/lib/python3.10/site-packages/airflow/example_dags/example_dag_decorator.py
[2025-12-27T03:05:29.979+0000] {processor.py:840} INFO - DAG(s) 'example_dag_decorator' retrieved from /workspaces/Airflow-domain-etl/venv/lib/python3.10/site-packages/airflow/example_dags/example_dag_decorator.py
[2025-12-27T03:05:30.045+0000] {logging_mixin.py:188} INFO - [2025-12-27T03:05:30.045+0000] {dag.py:3036} INFO - Sync 1 DAGs
[2025-12-27T03:05:30.053+0000] {logging_mixin.py:188} INFO - [2025-12-27T03:05:30.053+0000] {dag.py:3823} INFO - Setting next_dagrun for example_dag_decorator to None, run_after=None
[2025-12-27T03:05:30.068+0000] {processor.py:183} INFO - Processing /workspaces/Airflow-domain-etl/venv/lib/python3.10/site-packages/airflow/example_dags/example_dag_decorator.py took 0.154 seconds
[2025-12-27T03:06:25.257+0000] {processor.py:161} INFO - Started process (PID=27356) to work on /workspaces/Airflow-domain-etl/venv/lib/python3.10/site-packages/airflow/example_dags/example_dag_decorator.py
[2025-12-27T03:06:25.257+0000] {processor.py:830} INFO - Processing file /workspaces/Airflow-domain-etl/venv/lib/python3.10/site-packages/airflow/example_dags/example_dag_decorator.py for tasks to queue
[2025-12-27T03:06:25.258+0000] {logging_mixin.py:188} INFO - [2025-12-27T03:06:25.258+0000] {dagbag.py:538} INFO - Filling up the DagBag from /workspaces/Airflow-domain-etl/venv/lib/python3.10/site-packages/airflow/example_dags/example_dag_decorator.py
[2025-12-27T03:06:25.317+0000] {processor.py:840} INFO - DAG(s) 'example_dag_decorator' retrieved from /workspaces/Airflow-domain-etl/venv/lib/python3.10/site-packages/airflow/example_dags/example_dag_decorator.py
[2025-12-27T03:06:25.381+0000] {logging_mixin.py:188} INFO - [2025-12-27T03:06:25.381+0000] {dag.py:3036} INFO - Sync 1 DAGs
[2025-12-27T03:06:25.387+0000] {logging_mixin.py:188} INFO - [2025-12-27T03:06:25.387+0000] {dag.py:3823} INFO - Setting next_dagrun for example_dag_decorator to None, run_after=None
[2025-12-27T03:06:25.402+0000] {processor.py:183} INFO - Processing /workspaces/Airflow-domain-etl/venv/lib/python3.10/site-packages/airflow/example_dags/example_dag_decorator.py took 0.147 seconds
