[2025-12-27T03:03:46.718+0000] {processor.py:161} INFO - Started process (PID=25649) to work on /workspaces/Airflow-domain-etl/venv/lib/python3.10/site-packages/airflow/example_dags/example_python_operator.py
[2025-12-27T03:03:46.719+0000] {processor.py:830} INFO - Processing file /workspaces/Airflow-domain-etl/venv/lib/python3.10/site-packages/airflow/example_dags/example_python_operator.py for tasks to queue
[2025-12-27T03:03:46.720+0000] {logging_mixin.py:188} INFO - [2025-12-27T03:03:46.719+0000] {dagbag.py:538} INFO - Filling up the DagBag from /workspaces/Airflow-domain-etl/venv/lib/python3.10/site-packages/airflow/example_dags/example_python_operator.py
[2025-12-27T03:03:46.728+0000] {processor.py:840} INFO - DAG(s) 'example_python_operator' retrieved from /workspaces/Airflow-domain-etl/venv/lib/python3.10/site-packages/airflow/example_dags/example_python_operator.py
[2025-12-27T03:03:46.808+0000] {logging_mixin.py:188} INFO - [2025-12-27T03:03:46.807+0000] {override.py:1769} INFO - Created Permission View: can delete on DAG:example_python_operator
[2025-12-27T03:03:46.817+0000] {logging_mixin.py:188} INFO - [2025-12-27T03:03:46.817+0000] {override.py:1769} INFO - Created Permission View: can edit on DAG:example_python_operator
[2025-12-27T03:03:46.823+0000] {logging_mixin.py:188} INFO - [2025-12-27T03:03:46.823+0000] {override.py:1769} INFO - Created Permission View: can read on DAG:example_python_operator
[2025-12-27T03:03:46.823+0000] {logging_mixin.py:188} INFO - [2025-12-27T03:03:46.823+0000] {dag.py:3036} INFO - Sync 1 DAGs
[2025-12-27T03:03:46.830+0000] {logging_mixin.py:188} INFO - [2025-12-27T03:03:46.830+0000] {dag.py:3058} INFO - Creating ORM DAG for example_python_operator
[2025-12-27T03:03:46.831+0000] {logging_mixin.py:188} INFO - [2025-12-27T03:03:46.830+0000] {dag.py:3823} INFO - Setting next_dagrun for example_python_operator to None, run_after=None
[2025-12-27T03:03:46.847+0000] {processor.py:183} INFO - Processing /workspaces/Airflow-domain-etl/venv/lib/python3.10/site-packages/airflow/example_dags/example_python_operator.py took 0.130 seconds
[2025-12-27T03:04:34.396+0000] {processor.py:161} INFO - Started process (PID=26194) to work on /workspaces/Airflow-domain-etl/venv/lib/python3.10/site-packages/airflow/example_dags/example_python_operator.py
[2025-12-27T03:04:34.396+0000] {processor.py:830} INFO - Processing file /workspaces/Airflow-domain-etl/venv/lib/python3.10/site-packages/airflow/example_dags/example_python_operator.py for tasks to queue
[2025-12-27T03:04:34.397+0000] {logging_mixin.py:188} INFO - [2025-12-27T03:04:34.397+0000] {dagbag.py:538} INFO - Filling up the DagBag from /workspaces/Airflow-domain-etl/venv/lib/python3.10/site-packages/airflow/example_dags/example_python_operator.py
[2025-12-27T03:04:34.405+0000] {processor.py:840} INFO - DAG(s) 'example_python_operator' retrieved from /workspaces/Airflow-domain-etl/venv/lib/python3.10/site-packages/airflow/example_dags/example_python_operator.py
[2025-12-27T03:04:34.416+0000] {logging_mixin.py:188} INFO - [2025-12-27T03:04:34.416+0000] {dag.py:3036} INFO - Sync 1 DAGs
[2025-12-27T03:04:34.424+0000] {logging_mixin.py:188} INFO - [2025-12-27T03:04:34.424+0000] {dag.py:3823} INFO - Setting next_dagrun for example_python_operator to None, run_after=None
[2025-12-27T03:04:34.438+0000] {processor.py:183} INFO - Processing /workspaces/Airflow-domain-etl/venv/lib/python3.10/site-packages/airflow/example_dags/example_python_operator.py took 0.044 seconds
[2025-12-27T03:05:23.036+0000] {processor.py:161} INFO - Started process (PID=26586) to work on /workspaces/Airflow-domain-etl/venv/lib/python3.10/site-packages/airflow/example_dags/example_python_operator.py
[2025-12-27T03:05:23.036+0000] {processor.py:830} INFO - Processing file /workspaces/Airflow-domain-etl/venv/lib/python3.10/site-packages/airflow/example_dags/example_python_operator.py for tasks to queue
[2025-12-27T03:05:23.037+0000] {logging_mixin.py:188} INFO - [2025-12-27T03:05:23.037+0000] {dagbag.py:538} INFO - Filling up the DagBag from /workspaces/Airflow-domain-etl/venv/lib/python3.10/site-packages/airflow/example_dags/example_python_operator.py
[2025-12-27T03:05:23.045+0000] {processor.py:840} INFO - DAG(s) 'example_python_operator' retrieved from /workspaces/Airflow-domain-etl/venv/lib/python3.10/site-packages/airflow/example_dags/example_python_operator.py
[2025-12-27T03:05:23.057+0000] {logging_mixin.py:188} INFO - [2025-12-27T03:05:23.056+0000] {dag.py:3036} INFO - Sync 1 DAGs
[2025-12-27T03:05:23.064+0000] {logging_mixin.py:188} INFO - [2025-12-27T03:05:23.064+0000] {dag.py:3823} INFO - Setting next_dagrun for example_python_operator to None, run_after=None
[2025-12-27T03:05:23.078+0000] {processor.py:183} INFO - Processing /workspaces/Airflow-domain-etl/venv/lib/python3.10/site-packages/airflow/example_dags/example_python_operator.py took 0.045 seconds
[2025-12-27T03:06:17.139+0000] {processor.py:161} INFO - Started process (PID=27280) to work on /workspaces/Airflow-domain-etl/venv/lib/python3.10/site-packages/airflow/example_dags/example_python_operator.py
[2025-12-27T03:06:17.140+0000] {processor.py:830} INFO - Processing file /workspaces/Airflow-domain-etl/venv/lib/python3.10/site-packages/airflow/example_dags/example_python_operator.py for tasks to queue
[2025-12-27T03:06:17.140+0000] {logging_mixin.py:188} INFO - [2025-12-27T03:06:17.140+0000] {dagbag.py:538} INFO - Filling up the DagBag from /workspaces/Airflow-domain-etl/venv/lib/python3.10/site-packages/airflow/example_dags/example_python_operator.py
[2025-12-27T03:06:17.149+0000] {processor.py:840} INFO - DAG(s) 'example_python_operator' retrieved from /workspaces/Airflow-domain-etl/venv/lib/python3.10/site-packages/airflow/example_dags/example_python_operator.py
[2025-12-27T03:06:17.161+0000] {logging_mixin.py:188} INFO - [2025-12-27T03:06:17.161+0000] {dag.py:3036} INFO - Sync 1 DAGs
[2025-12-27T03:06:17.169+0000] {logging_mixin.py:188} INFO - [2025-12-27T03:06:17.169+0000] {dag.py:3823} INFO - Setting next_dagrun for example_python_operator to None, run_after=None
[2025-12-27T03:06:17.183+0000] {processor.py:183} INFO - Processing /workspaces/Airflow-domain-etl/venv/lib/python3.10/site-packages/airflow/example_dags/example_python_operator.py took 0.047 seconds
