[2025-12-27T03:04:02.334+0000] {processor.py:161} INFO - Started process (PID=25840) to work on /workspaces/Airflow-domain-etl/venv/lib/python3.10/site-packages/airflow/example_dags/example_branch_python_dop_operator_3.py
[2025-12-27T03:04:02.335+0000] {processor.py:830} INFO - Processing file /workspaces/Airflow-domain-etl/venv/lib/python3.10/site-packages/airflow/example_dags/example_branch_python_dop_operator_3.py for tasks to queue
[2025-12-27T03:04:02.335+0000] {logging_mixin.py:188} INFO - [2025-12-27T03:04:02.335+0000] {dagbag.py:538} INFO - Filling up the DagBag from /workspaces/Airflow-domain-etl/venv/lib/python3.10/site-packages/airflow/example_dags/example_branch_python_dop_operator_3.py
[2025-12-27T03:04:02.342+0000] {processor.py:840} INFO - DAG(s) 'example_branch_dop_operator_v3' retrieved from /workspaces/Airflow-domain-etl/venv/lib/python3.10/site-packages/airflow/example_dags/example_branch_python_dop_operator_3.py
[2025-12-27T03:04:02.414+0000] {logging_mixin.py:188} INFO - [2025-12-27T03:04:02.413+0000] {override.py:1769} INFO - Created Permission View: can delete on DAG:example_branch_dop_operator_v3
[2025-12-27T03:04:02.422+0000] {logging_mixin.py:188} INFO - [2025-12-27T03:04:02.422+0000] {override.py:1769} INFO - Created Permission View: can edit on DAG:example_branch_dop_operator_v3
[2025-12-27T03:04:02.428+0000] {logging_mixin.py:188} INFO - [2025-12-27T03:04:02.428+0000] {override.py:1769} INFO - Created Permission View: can read on DAG:example_branch_dop_operator_v3
[2025-12-27T03:04:02.428+0000] {logging_mixin.py:188} INFO - [2025-12-27T03:04:02.428+0000] {dag.py:3036} INFO - Sync 1 DAGs
[2025-12-27T03:04:02.435+0000] {logging_mixin.py:188} INFO - [2025-12-27T03:04:02.435+0000] {dag.py:3058} INFO - Creating ORM DAG for example_branch_dop_operator_v3
[2025-12-27T03:04:02.444+0000] {logging_mixin.py:188} INFO - [2025-12-27T03:04:02.444+0000] {dag.py:3823} INFO - Setting next_dagrun for example_branch_dop_operator_v3 to 2025-12-27 03:03:00+00:00, run_after=2025-12-27 03:04:00+00:00
[2025-12-27T03:04:02.459+0000] {processor.py:183} INFO - Processing /workspaces/Airflow-domain-etl/venv/lib/python3.10/site-packages/airflow/example_dags/example_branch_python_dop_operator_3.py took 0.127 seconds
[2025-12-27T03:04:52.882+0000] {processor.py:161} INFO - Started process (PID=26349) to work on /workspaces/Airflow-domain-etl/venv/lib/python3.10/site-packages/airflow/example_dags/example_branch_python_dop_operator_3.py
[2025-12-27T03:04:52.883+0000] {processor.py:830} INFO - Processing file /workspaces/Airflow-domain-etl/venv/lib/python3.10/site-packages/airflow/example_dags/example_branch_python_dop_operator_3.py for tasks to queue
[2025-12-27T03:04:52.884+0000] {logging_mixin.py:188} INFO - [2025-12-27T03:04:52.883+0000] {dagbag.py:538} INFO - Filling up the DagBag from /workspaces/Airflow-domain-etl/venv/lib/python3.10/site-packages/airflow/example_dags/example_branch_python_dop_operator_3.py
[2025-12-27T03:04:52.890+0000] {processor.py:840} INFO - DAG(s) 'example_branch_dop_operator_v3' retrieved from /workspaces/Airflow-domain-etl/venv/lib/python3.10/site-packages/airflow/example_dags/example_branch_python_dop_operator_3.py
[2025-12-27T03:04:52.900+0000] {logging_mixin.py:188} INFO - [2025-12-27T03:04:52.900+0000] {dag.py:3036} INFO - Sync 1 DAGs
[2025-12-27T03:04:52.916+0000] {logging_mixin.py:188} INFO - [2025-12-27T03:04:52.916+0000] {dag.py:3823} INFO - Setting next_dagrun for example_branch_dop_operator_v3 to 2025-12-27 03:03:00+00:00, run_after=2025-12-27 03:04:00+00:00
[2025-12-27T03:04:52.931+0000] {processor.py:183} INFO - Processing /workspaces/Airflow-domain-etl/venv/lib/python3.10/site-packages/airflow/example_dags/example_branch_python_dop_operator_3.py took 0.051 seconds
[2025-12-27T03:05:43.715+0000] {processor.py:161} INFO - Started process (PID=26858) to work on /workspaces/Airflow-domain-etl/venv/lib/python3.10/site-packages/airflow/example_dags/example_branch_python_dop_operator_3.py
[2025-12-27T03:05:43.715+0000] {processor.py:830} INFO - Processing file /workspaces/Airflow-domain-etl/venv/lib/python3.10/site-packages/airflow/example_dags/example_branch_python_dop_operator_3.py for tasks to queue
[2025-12-27T03:05:43.716+0000] {logging_mixin.py:188} INFO - [2025-12-27T03:05:43.716+0000] {dagbag.py:538} INFO - Filling up the DagBag from /workspaces/Airflow-domain-etl/venv/lib/python3.10/site-packages/airflow/example_dags/example_branch_python_dop_operator_3.py
[2025-12-27T03:05:43.723+0000] {processor.py:840} INFO - DAG(s) 'example_branch_dop_operator_v3' retrieved from /workspaces/Airflow-domain-etl/venv/lib/python3.10/site-packages/airflow/example_dags/example_branch_python_dop_operator_3.py
[2025-12-27T03:05:43.735+0000] {logging_mixin.py:188} INFO - [2025-12-27T03:05:43.735+0000] {dag.py:3036} INFO - Sync 1 DAGs
[2025-12-27T03:05:43.759+0000] {logging_mixin.py:188} INFO - [2025-12-27T03:05:43.759+0000] {dag.py:3823} INFO - Setting next_dagrun for example_branch_dop_operator_v3 to 2025-12-27 03:04:00+00:00, run_after=2025-12-27 03:05:00+00:00
[2025-12-27T03:05:43.780+0000] {processor.py:183} INFO - Processing /workspaces/Airflow-domain-etl/venv/lib/python3.10/site-packages/airflow/example_dags/example_branch_python_dop_operator_3.py took 0.067 seconds
[2025-12-27T03:06:41.004+0000] {processor.py:161} INFO - Started process (PID=27563) to work on /workspaces/Airflow-domain-etl/venv/lib/python3.10/site-packages/airflow/example_dags/example_branch_python_dop_operator_3.py
[2025-12-27T03:06:41.005+0000] {processor.py:830} INFO - Processing file /workspaces/Airflow-domain-etl/venv/lib/python3.10/site-packages/airflow/example_dags/example_branch_python_dop_operator_3.py for tasks to queue
[2025-12-27T03:06:41.005+0000] {logging_mixin.py:188} INFO - [2025-12-27T03:06:41.005+0000] {dagbag.py:538} INFO - Filling up the DagBag from /workspaces/Airflow-domain-etl/venv/lib/python3.10/site-packages/airflow/example_dags/example_branch_python_dop_operator_3.py
[2025-12-27T03:06:41.012+0000] {processor.py:840} INFO - DAG(s) 'example_branch_dop_operator_v3' retrieved from /workspaces/Airflow-domain-etl/venv/lib/python3.10/site-packages/airflow/example_dags/example_branch_python_dop_operator_3.py
[2025-12-27T03:06:41.022+0000] {logging_mixin.py:188} INFO - [2025-12-27T03:06:41.022+0000] {dag.py:3036} INFO - Sync 1 DAGs
[2025-12-27T03:06:41.038+0000] {logging_mixin.py:188} INFO - [2025-12-27T03:06:41.038+0000] {dag.py:3823} INFO - Setting next_dagrun for example_branch_dop_operator_v3 to 2025-12-27 03:05:00+00:00, run_after=2025-12-27 03:06:00+00:00
[2025-12-27T03:06:41.053+0000] {processor.py:183} INFO - Processing /workspaces/Airflow-domain-etl/venv/lib/python3.10/site-packages/airflow/example_dags/example_branch_python_dop_operator_3.py took 0.051 seconds
