[2025-12-27T03:04:01.098+0000] {processor.py:161} INFO - Started process (PID=25823) to work on /workspaces/Airflow-domain-etl/venv/lib/python3.10/site-packages/airflow/example_dags/example_branch_labels.py
[2025-12-27T03:04:01.099+0000] {processor.py:830} INFO - Processing file /workspaces/Airflow-domain-etl/venv/lib/python3.10/site-packages/airflow/example_dags/example_branch_labels.py for tasks to queue
[2025-12-27T03:04:01.100+0000] {logging_mixin.py:188} INFO - [2025-12-27T03:04:01.099+0000] {dagbag.py:538} INFO - Filling up the DagBag from /workspaces/Airflow-domain-etl/venv/lib/python3.10/site-packages/airflow/example_dags/example_branch_labels.py
[2025-12-27T03:04:01.106+0000] {processor.py:840} INFO - DAG(s) 'example_branch_labels' retrieved from /workspaces/Airflow-domain-etl/venv/lib/python3.10/site-packages/airflow/example_dags/example_branch_labels.py
[2025-12-27T03:04:01.182+0000] {logging_mixin.py:188} INFO - [2025-12-27T03:04:01.182+0000] {override.py:1769} INFO - Created Permission View: can delete on DAG:example_branch_labels
[2025-12-27T03:04:01.191+0000] {logging_mixin.py:188} INFO - [2025-12-27T03:04:01.190+0000] {override.py:1769} INFO - Created Permission View: can edit on DAG:example_branch_labels
[2025-12-27T03:04:01.197+0000] {logging_mixin.py:188} INFO - [2025-12-27T03:04:01.197+0000] {override.py:1769} INFO - Created Permission View: can read on DAG:example_branch_labels
[2025-12-27T03:04:01.197+0000] {logging_mixin.py:188} INFO - [2025-12-27T03:04:01.197+0000] {dag.py:3036} INFO - Sync 1 DAGs
[2025-12-27T03:04:01.204+0000] {logging_mixin.py:188} INFO - [2025-12-27T03:04:01.204+0000] {dag.py:3058} INFO - Creating ORM DAG for example_branch_labels
[2025-12-27T03:04:01.211+0000] {logging_mixin.py:188} INFO - [2025-12-27T03:04:01.210+0000] {dag.py:3823} INFO - Setting next_dagrun for example_branch_labels to 2025-12-26 00:00:00+00:00, run_after=2025-12-27 00:00:00+00:00
[2025-12-27T03:04:01.223+0000] {processor.py:183} INFO - Processing /workspaces/Airflow-domain-etl/venv/lib/python3.10/site-packages/airflow/example_dags/example_branch_labels.py took 0.129 seconds
[2025-12-27T03:04:52.274+0000] {processor.py:161} INFO - Started process (PID=26341) to work on /workspaces/Airflow-domain-etl/venv/lib/python3.10/site-packages/airflow/example_dags/example_branch_labels.py
[2025-12-27T03:04:52.275+0000] {processor.py:830} INFO - Processing file /workspaces/Airflow-domain-etl/venv/lib/python3.10/site-packages/airflow/example_dags/example_branch_labels.py for tasks to queue
[2025-12-27T03:04:52.275+0000] {logging_mixin.py:188} INFO - [2025-12-27T03:04:52.275+0000] {dagbag.py:538} INFO - Filling up the DagBag from /workspaces/Airflow-domain-etl/venv/lib/python3.10/site-packages/airflow/example_dags/example_branch_labels.py
[2025-12-27T03:04:52.281+0000] {processor.py:840} INFO - DAG(s) 'example_branch_labels' retrieved from /workspaces/Airflow-domain-etl/venv/lib/python3.10/site-packages/airflow/example_dags/example_branch_labels.py
[2025-12-27T03:04:52.292+0000] {logging_mixin.py:188} INFO - [2025-12-27T03:04:52.292+0000] {dag.py:3036} INFO - Sync 1 DAGs
[2025-12-27T03:04:52.306+0000] {logging_mixin.py:188} INFO - [2025-12-27T03:04:52.306+0000] {dag.py:3823} INFO - Setting next_dagrun for example_branch_labels to 2025-12-26 00:00:00+00:00, run_after=2025-12-27 00:00:00+00:00
[2025-12-27T03:04:52.321+0000] {processor.py:183} INFO - Processing /workspaces/Airflow-domain-etl/venv/lib/python3.10/site-packages/airflow/example_dags/example_branch_labels.py took 0.049 seconds
[2025-12-27T03:05:42.580+0000] {processor.py:161} INFO - Started process (PID=26855) to work on /workspaces/Airflow-domain-etl/venv/lib/python3.10/site-packages/airflow/example_dags/example_branch_labels.py
[2025-12-27T03:05:42.581+0000] {processor.py:830} INFO - Processing file /workspaces/Airflow-domain-etl/venv/lib/python3.10/site-packages/airflow/example_dags/example_branch_labels.py for tasks to queue
[2025-12-27T03:05:42.581+0000] {logging_mixin.py:188} INFO - [2025-12-27T03:05:42.581+0000] {dagbag.py:538} INFO - Filling up the DagBag from /workspaces/Airflow-domain-etl/venv/lib/python3.10/site-packages/airflow/example_dags/example_branch_labels.py
[2025-12-27T03:05:42.587+0000] {processor.py:840} INFO - DAG(s) 'example_branch_labels' retrieved from /workspaces/Airflow-domain-etl/venv/lib/python3.10/site-packages/airflow/example_dags/example_branch_labels.py
[2025-12-27T03:05:42.598+0000] {logging_mixin.py:188} INFO - [2025-12-27T03:05:42.598+0000] {dag.py:3036} INFO - Sync 1 DAGs
[2025-12-27T03:05:42.612+0000] {logging_mixin.py:188} INFO - [2025-12-27T03:05:42.612+0000] {dag.py:3823} INFO - Setting next_dagrun for example_branch_labels to 2025-12-26 00:00:00+00:00, run_after=2025-12-27 00:00:00+00:00
[2025-12-27T03:05:42.630+0000] {processor.py:183} INFO - Processing /workspaces/Airflow-domain-etl/venv/lib/python3.10/site-packages/airflow/example_dags/example_branch_labels.py took 0.052 seconds
[2025-12-27T03:06:39.874+0000] {processor.py:161} INFO - Started process (PID=27526) to work on /workspaces/Airflow-domain-etl/venv/lib/python3.10/site-packages/airflow/example_dags/example_branch_labels.py
[2025-12-27T03:06:39.874+0000] {processor.py:830} INFO - Processing file /workspaces/Airflow-domain-etl/venv/lib/python3.10/site-packages/airflow/example_dags/example_branch_labels.py for tasks to queue
[2025-12-27T03:06:39.875+0000] {logging_mixin.py:188} INFO - [2025-12-27T03:06:39.875+0000] {dagbag.py:538} INFO - Filling up the DagBag from /workspaces/Airflow-domain-etl/venv/lib/python3.10/site-packages/airflow/example_dags/example_branch_labels.py
[2025-12-27T03:06:39.882+0000] {processor.py:840} INFO - DAG(s) 'example_branch_labels' retrieved from /workspaces/Airflow-domain-etl/venv/lib/python3.10/site-packages/airflow/example_dags/example_branch_labels.py
[2025-12-27T03:06:39.898+0000] {logging_mixin.py:188} INFO - [2025-12-27T03:06:39.898+0000] {dag.py:3036} INFO - Sync 1 DAGs
[2025-12-27T03:06:39.920+0000] {logging_mixin.py:188} INFO - [2025-12-27T03:06:39.920+0000] {dag.py:3823} INFO - Setting next_dagrun for example_branch_labels to 2025-12-26 00:00:00+00:00, run_after=2025-12-27 00:00:00+00:00
[2025-12-27T03:06:39.936+0000] {processor.py:183} INFO - Processing /workspaces/Airflow-domain-etl/venv/lib/python3.10/site-packages/airflow/example_dags/example_branch_labels.py took 0.064 seconds
