[2025-12-27T03:03:31.004+0000] {processor.py:161} INFO - Started process (PID=25137) to work on /workspaces/Airflow-domain-etl/venv/lib/python3.10/site-packages/airflow/example_dags/example_time_delta_sensor_async.py
[2025-12-27T03:03:31.004+0000] {processor.py:830} INFO - Processing file /workspaces/Airflow-domain-etl/venv/lib/python3.10/site-packages/airflow/example_dags/example_time_delta_sensor_async.py for tasks to queue
[2025-12-27T03:03:31.005+0000] {logging_mixin.py:188} INFO - [2025-12-27T03:03:31.005+0000] {dagbag.py:538} INFO - Filling up the DagBag from /workspaces/Airflow-domain-etl/venv/lib/python3.10/site-packages/airflow/example_dags/example_time_delta_sensor_async.py
[2025-12-27T03:03:31.012+0000] {processor.py:840} INFO - DAG(s) 'example_time_delta_sensor_async' retrieved from /workspaces/Airflow-domain-etl/venv/lib/python3.10/site-packages/airflow/example_dags/example_time_delta_sensor_async.py
[2025-12-27T03:03:31.103+0000] {logging_mixin.py:188} INFO - [2025-12-27T03:03:31.103+0000] {override.py:1769} INFO - Created Permission View: can delete on DAG:example_time_delta_sensor_async
[2025-12-27T03:03:31.111+0000] {logging_mixin.py:188} INFO - [2025-12-27T03:03:31.111+0000] {override.py:1769} INFO - Created Permission View: can edit on DAG:example_time_delta_sensor_async
[2025-12-27T03:03:31.117+0000] {logging_mixin.py:188} INFO - [2025-12-27T03:03:31.117+0000] {override.py:1769} INFO - Created Permission View: can read on DAG:example_time_delta_sensor_async
[2025-12-27T03:03:31.118+0000] {logging_mixin.py:188} INFO - [2025-12-27T03:03:31.118+0000] {dag.py:3036} INFO - Sync 1 DAGs
[2025-12-27T03:03:31.124+0000] {logging_mixin.py:188} INFO - [2025-12-27T03:03:31.124+0000] {dag.py:3058} INFO - Creating ORM DAG for example_time_delta_sensor_async
[2025-12-27T03:03:31.125+0000] {logging_mixin.py:188} INFO - [2025-12-27T03:03:31.125+0000] {dag.py:3823} INFO - Setting next_dagrun for example_time_delta_sensor_async to None, run_after=None
[2025-12-27T03:03:31.141+0000] {processor.py:183} INFO - Processing /workspaces/Airflow-domain-etl/venv/lib/python3.10/site-packages/airflow/example_dags/example_time_delta_sensor_async.py took 0.140 seconds
[2025-12-27T03:04:20.141+0000] {processor.py:161} INFO - Started process (PID=26056) to work on /workspaces/Airflow-domain-etl/venv/lib/python3.10/site-packages/airflow/example_dags/example_time_delta_sensor_async.py
[2025-12-27T03:04:20.142+0000] {processor.py:830} INFO - Processing file /workspaces/Airflow-domain-etl/venv/lib/python3.10/site-packages/airflow/example_dags/example_time_delta_sensor_async.py for tasks to queue
[2025-12-27T03:04:20.142+0000] {logging_mixin.py:188} INFO - [2025-12-27T03:04:20.142+0000] {dagbag.py:538} INFO - Filling up the DagBag from /workspaces/Airflow-domain-etl/venv/lib/python3.10/site-packages/airflow/example_dags/example_time_delta_sensor_async.py
[2025-12-27T03:04:20.148+0000] {processor.py:840} INFO - DAG(s) 'example_time_delta_sensor_async' retrieved from /workspaces/Airflow-domain-etl/venv/lib/python3.10/site-packages/airflow/example_dags/example_time_delta_sensor_async.py
[2025-12-27T03:04:20.165+0000] {logging_mixin.py:188} INFO - [2025-12-27T03:04:20.164+0000] {dag.py:3036} INFO - Sync 1 DAGs
[2025-12-27T03:04:20.176+0000] {logging_mixin.py:188} INFO - [2025-12-27T03:04:20.175+0000] {dag.py:3823} INFO - Setting next_dagrun for example_time_delta_sensor_async to None, run_after=None
[2025-12-27T03:04:20.195+0000] {processor.py:183} INFO - Processing /workspaces/Airflow-domain-etl/venv/lib/python3.10/site-packages/airflow/example_dags/example_time_delta_sensor_async.py took 0.057 seconds
[2025-12-27T03:05:06.087+0000] {processor.py:161} INFO - Started process (PID=26448) to work on /workspaces/Airflow-domain-etl/venv/lib/python3.10/site-packages/airflow/example_dags/example_time_delta_sensor_async.py
[2025-12-27T03:05:06.088+0000] {processor.py:830} INFO - Processing file /workspaces/Airflow-domain-etl/venv/lib/python3.10/site-packages/airflow/example_dags/example_time_delta_sensor_async.py for tasks to queue
[2025-12-27T03:05:06.089+0000] {logging_mixin.py:188} INFO - [2025-12-27T03:05:06.088+0000] {dagbag.py:538} INFO - Filling up the DagBag from /workspaces/Airflow-domain-etl/venv/lib/python3.10/site-packages/airflow/example_dags/example_time_delta_sensor_async.py
[2025-12-27T03:05:06.092+0000] {processor.py:840} INFO - DAG(s) 'example_time_delta_sensor_async' retrieved from /workspaces/Airflow-domain-etl/venv/lib/python3.10/site-packages/airflow/example_dags/example_time_delta_sensor_async.py
[2025-12-27T03:05:06.103+0000] {logging_mixin.py:188} INFO - [2025-12-27T03:05:06.103+0000] {dag.py:3036} INFO - Sync 1 DAGs
[2025-12-27T03:05:06.111+0000] {logging_mixin.py:188} INFO - [2025-12-27T03:05:06.111+0000] {dag.py:3823} INFO - Setting next_dagrun for example_time_delta_sensor_async to None, run_after=None
[2025-12-27T03:05:06.140+0000] {processor.py:183} INFO - Processing /workspaces/Airflow-domain-etl/venv/lib/python3.10/site-packages/airflow/example_dags/example_time_delta_sensor_async.py took 0.056 seconds
[2025-12-27T03:05:55.701+0000] {processor.py:161} INFO - Started process (PID=26986) to work on /workspaces/Airflow-domain-etl/venv/lib/python3.10/site-packages/airflow/example_dags/example_time_delta_sensor_async.py
[2025-12-27T03:05:55.702+0000] {processor.py:830} INFO - Processing file /workspaces/Airflow-domain-etl/venv/lib/python3.10/site-packages/airflow/example_dags/example_time_delta_sensor_async.py for tasks to queue
[2025-12-27T03:05:55.702+0000] {logging_mixin.py:188} INFO - [2025-12-27T03:05:55.702+0000] {dagbag.py:538} INFO - Filling up the DagBag from /workspaces/Airflow-domain-etl/venv/lib/python3.10/site-packages/airflow/example_dags/example_time_delta_sensor_async.py
[2025-12-27T03:05:55.706+0000] {processor.py:840} INFO - DAG(s) 'example_time_delta_sensor_async' retrieved from /workspaces/Airflow-domain-etl/venv/lib/python3.10/site-packages/airflow/example_dags/example_time_delta_sensor_async.py
[2025-12-27T03:05:55.716+0000] {logging_mixin.py:188} INFO - [2025-12-27T03:05:55.716+0000] {dag.py:3036} INFO - Sync 1 DAGs
[2025-12-27T03:05:55.724+0000] {logging_mixin.py:188} INFO - [2025-12-27T03:05:55.724+0000] {dag.py:3823} INFO - Setting next_dagrun for example_time_delta_sensor_async to None, run_after=None
[2025-12-27T03:05:55.738+0000] {processor.py:183} INFO - Processing /workspaces/Airflow-domain-etl/venv/lib/python3.10/site-packages/airflow/example_dags/example_time_delta_sensor_async.py took 0.039 seconds
[2025-12-27T03:06:33.859+0000] {processor.py:161} INFO - Started process (PID=27447) to work on /workspaces/Airflow-domain-etl/venv/lib/python3.10/site-packages/airflow/example_dags/example_time_delta_sensor_async.py
[2025-12-27T03:06:33.860+0000] {processor.py:830} INFO - Processing file /workspaces/Airflow-domain-etl/venv/lib/python3.10/site-packages/airflow/example_dags/example_time_delta_sensor_async.py for tasks to queue
[2025-12-27T03:06:33.861+0000] {logging_mixin.py:188} INFO - [2025-12-27T03:06:33.860+0000] {dagbag.py:538} INFO - Filling up the DagBag from /workspaces/Airflow-domain-etl/venv/lib/python3.10/site-packages/airflow/example_dags/example_time_delta_sensor_async.py
[2025-12-27T03:06:33.864+0000] {processor.py:840} INFO - DAG(s) 'example_time_delta_sensor_async' retrieved from /workspaces/Airflow-domain-etl/venv/lib/python3.10/site-packages/airflow/example_dags/example_time_delta_sensor_async.py
[2025-12-27T03:06:33.875+0000] {logging_mixin.py:188} INFO - [2025-12-27T03:06:33.874+0000] {dag.py:3036} INFO - Sync 1 DAGs
[2025-12-27T03:06:33.882+0000] {logging_mixin.py:188} INFO - [2025-12-27T03:06:33.882+0000] {dag.py:3823} INFO - Setting next_dagrun for example_time_delta_sensor_async to None, run_after=None
[2025-12-27T03:06:33.896+0000] {processor.py:183} INFO - Processing /workspaces/Airflow-domain-etl/venv/lib/python3.10/site-packages/airflow/example_dags/example_time_delta_sensor_async.py took 0.039 seconds
