[2025-12-27T03:03:34.702+0000] {processor.py:161} INFO - Started process (PID=25511) to work on /workspaces/Airflow-domain-etl/venv/lib/python3.10/site-packages/airflow/example_dags/example_task_group_decorator.py
[2025-12-27T03:03:34.703+0000] {processor.py:830} INFO - Processing file /workspaces/Airflow-domain-etl/venv/lib/python3.10/site-packages/airflow/example_dags/example_task_group_decorator.py for tasks to queue
[2025-12-27T03:03:34.703+0000] {logging_mixin.py:188} INFO - [2025-12-27T03:03:34.703+0000] {dagbag.py:538} INFO - Filling up the DagBag from /workspaces/Airflow-domain-etl/venv/lib/python3.10/site-packages/airflow/example_dags/example_task_group_decorator.py
[2025-12-27T03:03:34.714+0000] {processor.py:840} INFO - DAG(s) 'example_task_group_decorator' retrieved from /workspaces/Airflow-domain-etl/venv/lib/python3.10/site-packages/airflow/example_dags/example_task_group_decorator.py
[2025-12-27T03:03:34.790+0000] {logging_mixin.py:188} INFO - [2025-12-27T03:03:34.790+0000] {override.py:1769} INFO - Created Permission View: can delete on DAG:example_task_group_decorator
[2025-12-27T03:03:34.798+0000] {logging_mixin.py:188} INFO - [2025-12-27T03:03:34.798+0000] {override.py:1769} INFO - Created Permission View: can edit on DAG:example_task_group_decorator
[2025-12-27T03:03:34.805+0000] {logging_mixin.py:188} INFO - [2025-12-27T03:03:34.805+0000] {override.py:1769} INFO - Created Permission View: can read on DAG:example_task_group_decorator
[2025-12-27T03:03:34.805+0000] {logging_mixin.py:188} INFO - [2025-12-27T03:03:34.805+0000] {dag.py:3036} INFO - Sync 1 DAGs
[2025-12-27T03:03:34.812+0000] {logging_mixin.py:188} INFO - [2025-12-27T03:03:34.812+0000] {dag.py:3058} INFO - Creating ORM DAG for example_task_group_decorator
[2025-12-27T03:03:34.818+0000] {logging_mixin.py:188} INFO - [2025-12-27T03:03:34.818+0000] {dag.py:3823} INFO - Setting next_dagrun for example_task_group_decorator to 2025-12-26 00:00:00+00:00, run_after=2025-12-27 00:00:00+00:00
[2025-12-27T03:03:34.834+0000] {processor.py:183} INFO - Processing /workspaces/Airflow-domain-etl/venv/lib/python3.10/site-packages/airflow/example_dags/example_task_group_decorator.py took 0.134 seconds
[2025-12-27T03:04:22.984+0000] {processor.py:161} INFO - Started process (PID=26092) to work on /workspaces/Airflow-domain-etl/venv/lib/python3.10/site-packages/airflow/example_dags/example_task_group_decorator.py
[2025-12-27T03:04:22.984+0000] {processor.py:830} INFO - Processing file /workspaces/Airflow-domain-etl/venv/lib/python3.10/site-packages/airflow/example_dags/example_task_group_decorator.py for tasks to queue
[2025-12-27T03:04:22.985+0000] {logging_mixin.py:188} INFO - [2025-12-27T03:04:22.985+0000] {dagbag.py:538} INFO - Filling up the DagBag from /workspaces/Airflow-domain-etl/venv/lib/python3.10/site-packages/airflow/example_dags/example_task_group_decorator.py
[2025-12-27T03:04:22.995+0000] {processor.py:840} INFO - DAG(s) 'example_task_group_decorator' retrieved from /workspaces/Airflow-domain-etl/venv/lib/python3.10/site-packages/airflow/example_dags/example_task_group_decorator.py
[2025-12-27T03:04:23.008+0000] {logging_mixin.py:188} INFO - [2025-12-27T03:04:23.008+0000] {dag.py:3036} INFO - Sync 1 DAGs
[2025-12-27T03:04:23.021+0000] {logging_mixin.py:188} INFO - [2025-12-27T03:04:23.021+0000] {dag.py:3823} INFO - Setting next_dagrun for example_task_group_decorator to 2025-12-26 00:00:00+00:00, run_after=2025-12-27 00:00:00+00:00
[2025-12-27T03:04:23.036+0000] {processor.py:183} INFO - Processing /workspaces/Airflow-domain-etl/venv/lib/python3.10/site-packages/airflow/example_dags/example_task_group_decorator.py took 0.054 seconds
[2025-12-27T03:05:09.445+0000] {processor.py:161} INFO - Started process (PID=26484) to work on /workspaces/Airflow-domain-etl/venv/lib/python3.10/site-packages/airflow/example_dags/example_task_group_decorator.py
[2025-12-27T03:05:09.445+0000] {processor.py:830} INFO - Processing file /workspaces/Airflow-domain-etl/venv/lib/python3.10/site-packages/airflow/example_dags/example_task_group_decorator.py for tasks to queue
[2025-12-27T03:05:09.446+0000] {logging_mixin.py:188} INFO - [2025-12-27T03:05:09.446+0000] {dagbag.py:538} INFO - Filling up the DagBag from /workspaces/Airflow-domain-etl/venv/lib/python3.10/site-packages/airflow/example_dags/example_task_group_decorator.py
[2025-12-27T03:05:09.458+0000] {processor.py:840} INFO - DAG(s) 'example_task_group_decorator' retrieved from /workspaces/Airflow-domain-etl/venv/lib/python3.10/site-packages/airflow/example_dags/example_task_group_decorator.py
[2025-12-27T03:05:09.472+0000] {logging_mixin.py:188} INFO - [2025-12-27T03:05:09.472+0000] {dag.py:3036} INFO - Sync 1 DAGs
[2025-12-27T03:05:09.485+0000] {logging_mixin.py:188} INFO - [2025-12-27T03:05:09.485+0000] {dag.py:3823} INFO - Setting next_dagrun for example_task_group_decorator to 2025-12-26 00:00:00+00:00, run_after=2025-12-27 00:00:00+00:00
[2025-12-27T03:05:09.499+0000] {processor.py:183} INFO - Processing /workspaces/Airflow-domain-etl/venv/lib/python3.10/site-packages/airflow/example_dags/example_task_group_decorator.py took 0.057 seconds
[2025-12-27T03:05:59.141+0000] {processor.py:161} INFO - Started process (PID=27049) to work on /workspaces/Airflow-domain-etl/venv/lib/python3.10/site-packages/airflow/example_dags/example_task_group_decorator.py
[2025-12-27T03:05:59.142+0000] {processor.py:830} INFO - Processing file /workspaces/Airflow-domain-etl/venv/lib/python3.10/site-packages/airflow/example_dags/example_task_group_decorator.py for tasks to queue
[2025-12-27T03:05:59.143+0000] {logging_mixin.py:188} INFO - [2025-12-27T03:05:59.142+0000] {dagbag.py:538} INFO - Filling up the DagBag from /workspaces/Airflow-domain-etl/venv/lib/python3.10/site-packages/airflow/example_dags/example_task_group_decorator.py
[2025-12-27T03:05:59.153+0000] {processor.py:840} INFO - DAG(s) 'example_task_group_decorator' retrieved from /workspaces/Airflow-domain-etl/venv/lib/python3.10/site-packages/airflow/example_dags/example_task_group_decorator.py
[2025-12-27T03:05:59.166+0000] {logging_mixin.py:188} INFO - [2025-12-27T03:05:59.166+0000] {dag.py:3036} INFO - Sync 1 DAGs
[2025-12-27T03:05:59.179+0000] {logging_mixin.py:188} INFO - [2025-12-27T03:05:59.179+0000] {dag.py:3823} INFO - Setting next_dagrun for example_task_group_decorator to 2025-12-26 00:00:00+00:00, run_after=2025-12-27 00:00:00+00:00
[2025-12-27T03:05:59.194+0000] {processor.py:183} INFO - Processing /workspaces/Airflow-domain-etl/venv/lib/python3.10/site-packages/airflow/example_dags/example_task_group_decorator.py took 0.055 seconds
