[2025-12-27T03:03:29.471+0000] {processor.py:161} INFO - Started process (PID=25122) to work on /workspaces/Airflow-domain-etl/venv/lib/python3.10/site-packages/airflow/example_dags/example_trigger_target_dag.py
[2025-12-27T03:03:29.471+0000] {processor.py:830} INFO - Processing file /workspaces/Airflow-domain-etl/venv/lib/python3.10/site-packages/airflow/example_dags/example_trigger_target_dag.py for tasks to queue
[2025-12-27T03:03:29.472+0000] {logging_mixin.py:188} INFO - [2025-12-27T03:03:29.472+0000] {dagbag.py:538} INFO - Filling up the DagBag from /workspaces/Airflow-domain-etl/venv/lib/python3.10/site-packages/airflow/example_dags/example_trigger_target_dag.py
[2025-12-27T03:03:29.478+0000] {processor.py:840} INFO - DAG(s) 'example_trigger_target_dag' retrieved from /workspaces/Airflow-domain-etl/venv/lib/python3.10/site-packages/airflow/example_dags/example_trigger_target_dag.py
[2025-12-27T03:03:29.559+0000] {logging_mixin.py:188} INFO - [2025-12-27T03:03:29.558+0000] {override.py:1769} INFO - Created Permission View: can delete on DAG:example_trigger_target_dag
[2025-12-27T03:03:29.570+0000] {logging_mixin.py:188} INFO - [2025-12-27T03:03:29.569+0000] {override.py:1769} INFO - Created Permission View: can edit on DAG:example_trigger_target_dag
[2025-12-27T03:03:29.578+0000] {logging_mixin.py:188} INFO - [2025-12-27T03:03:29.578+0000] {override.py:1769} INFO - Created Permission View: can read on DAG:example_trigger_target_dag
[2025-12-27T03:03:29.578+0000] {logging_mixin.py:188} INFO - [2025-12-27T03:03:29.578+0000] {dag.py:3036} INFO - Sync 1 DAGs
[2025-12-27T03:03:29.585+0000] {logging_mixin.py:188} INFO - [2025-12-27T03:03:29.585+0000] {dag.py:3058} INFO - Creating ORM DAG for example_trigger_target_dag
[2025-12-27T03:03:29.585+0000] {logging_mixin.py:188} INFO - [2025-12-27T03:03:29.585+0000] {dag.py:3823} INFO - Setting next_dagrun for example_trigger_target_dag to None, run_after=None
[2025-12-27T03:03:29.600+0000] {processor.py:183} INFO - Processing /workspaces/Airflow-domain-etl/venv/lib/python3.10/site-packages/airflow/example_dags/example_trigger_target_dag.py took 0.132 seconds
[2025-12-27T03:04:17.852+0000] {processor.py:161} INFO - Started process (PID=26023) to work on /workspaces/Airflow-domain-etl/venv/lib/python3.10/site-packages/airflow/example_dags/example_trigger_target_dag.py
[2025-12-27T03:04:17.853+0000] {processor.py:830} INFO - Processing file /workspaces/Airflow-domain-etl/venv/lib/python3.10/site-packages/airflow/example_dags/example_trigger_target_dag.py for tasks to queue
[2025-12-27T03:04:17.854+0000] {logging_mixin.py:188} INFO - [2025-12-27T03:04:17.854+0000] {dagbag.py:538} INFO - Filling up the DagBag from /workspaces/Airflow-domain-etl/venv/lib/python3.10/site-packages/airflow/example_dags/example_trigger_target_dag.py
[2025-12-27T03:04:17.861+0000] {processor.py:840} INFO - DAG(s) 'example_trigger_target_dag' retrieved from /workspaces/Airflow-domain-etl/venv/lib/python3.10/site-packages/airflow/example_dags/example_trigger_target_dag.py
[2025-12-27T03:04:17.875+0000] {logging_mixin.py:188} INFO - [2025-12-27T03:04:17.875+0000] {dag.py:3036} INFO - Sync 1 DAGs
[2025-12-27T03:04:17.887+0000] {logging_mixin.py:188} INFO - [2025-12-27T03:04:17.886+0000] {dag.py:3823} INFO - Setting next_dagrun for example_trigger_target_dag to None, run_after=None
[2025-12-27T03:04:17.906+0000] {processor.py:183} INFO - Processing /workspaces/Airflow-domain-etl/venv/lib/python3.10/site-packages/airflow/example_dags/example_trigger_target_dag.py took 0.057 seconds
[2025-12-27T03:05:04.297+0000] {processor.py:161} INFO - Started process (PID=26438) to work on /workspaces/Airflow-domain-etl/venv/lib/python3.10/site-packages/airflow/example_dags/example_trigger_target_dag.py
[2025-12-27T03:05:04.297+0000] {processor.py:830} INFO - Processing file /workspaces/Airflow-domain-etl/venv/lib/python3.10/site-packages/airflow/example_dags/example_trigger_target_dag.py for tasks to queue
[2025-12-27T03:05:04.298+0000] {logging_mixin.py:188} INFO - [2025-12-27T03:05:04.298+0000] {dagbag.py:538} INFO - Filling up the DagBag from /workspaces/Airflow-domain-etl/venv/lib/python3.10/site-packages/airflow/example_dags/example_trigger_target_dag.py
[2025-12-27T03:05:04.303+0000] {processor.py:840} INFO - DAG(s) 'example_trigger_target_dag' retrieved from /workspaces/Airflow-domain-etl/venv/lib/python3.10/site-packages/airflow/example_dags/example_trigger_target_dag.py
[2025-12-27T03:05:04.313+0000] {logging_mixin.py:188} INFO - [2025-12-27T03:05:04.313+0000] {dag.py:3036} INFO - Sync 1 DAGs
[2025-12-27T03:05:04.321+0000] {logging_mixin.py:188} INFO - [2025-12-27T03:05:04.321+0000] {dag.py:3823} INFO - Setting next_dagrun for example_trigger_target_dag to None, run_after=None
[2025-12-27T03:05:04.336+0000] {processor.py:183} INFO - Processing /workspaces/Airflow-domain-etl/venv/lib/python3.10/site-packages/airflow/example_dags/example_trigger_target_dag.py took 0.041 seconds
[2025-12-27T03:05:53.966+0000] {processor.py:161} INFO - Started process (PID=26971) to work on /workspaces/Airflow-domain-etl/venv/lib/python3.10/site-packages/airflow/example_dags/example_trigger_target_dag.py
[2025-12-27T03:05:53.967+0000] {processor.py:830} INFO - Processing file /workspaces/Airflow-domain-etl/venv/lib/python3.10/site-packages/airflow/example_dags/example_trigger_target_dag.py for tasks to queue
[2025-12-27T03:05:53.968+0000] {logging_mixin.py:188} INFO - [2025-12-27T03:05:53.967+0000] {dagbag.py:538} INFO - Filling up the DagBag from /workspaces/Airflow-domain-etl/venv/lib/python3.10/site-packages/airflow/example_dags/example_trigger_target_dag.py
[2025-12-27T03:05:53.972+0000] {processor.py:840} INFO - DAG(s) 'example_trigger_target_dag' retrieved from /workspaces/Airflow-domain-etl/venv/lib/python3.10/site-packages/airflow/example_dags/example_trigger_target_dag.py
[2025-12-27T03:05:53.982+0000] {logging_mixin.py:188} INFO - [2025-12-27T03:05:53.982+0000] {dag.py:3036} INFO - Sync 1 DAGs
[2025-12-27T03:05:53.990+0000] {logging_mixin.py:188} INFO - [2025-12-27T03:05:53.989+0000] {dag.py:3823} INFO - Setting next_dagrun for example_trigger_target_dag to None, run_after=None
[2025-12-27T03:05:54.005+0000] {processor.py:183} INFO - Processing /workspaces/Airflow-domain-etl/venv/lib/python3.10/site-packages/airflow/example_dags/example_trigger_target_dag.py took 0.041 seconds
[2025-12-27T03:06:31.598+0000] {processor.py:161} INFO - Started process (PID=27430) to work on /workspaces/Airflow-domain-etl/venv/lib/python3.10/site-packages/airflow/example_dags/example_trigger_target_dag.py
[2025-12-27T03:06:31.599+0000] {processor.py:830} INFO - Processing file /workspaces/Airflow-domain-etl/venv/lib/python3.10/site-packages/airflow/example_dags/example_trigger_target_dag.py for tasks to queue
[2025-12-27T03:06:31.600+0000] {logging_mixin.py:188} INFO - [2025-12-27T03:06:31.599+0000] {dagbag.py:538} INFO - Filling up the DagBag from /workspaces/Airflow-domain-etl/venv/lib/python3.10/site-packages/airflow/example_dags/example_trigger_target_dag.py
[2025-12-27T03:06:31.605+0000] {processor.py:840} INFO - DAG(s) 'example_trigger_target_dag' retrieved from /workspaces/Airflow-domain-etl/venv/lib/python3.10/site-packages/airflow/example_dags/example_trigger_target_dag.py
[2025-12-27T03:06:31.619+0000] {logging_mixin.py:188} INFO - [2025-12-27T03:06:31.619+0000] {dag.py:3036} INFO - Sync 1 DAGs
[2025-12-27T03:06:31.627+0000] {logging_mixin.py:188} INFO - [2025-12-27T03:06:31.627+0000] {dag.py:3823} INFO - Setting next_dagrun for example_trigger_target_dag to None, run_after=None
[2025-12-27T03:06:31.645+0000] {processor.py:183} INFO - Processing /workspaces/Airflow-domain-etl/venv/lib/python3.10/site-packages/airflow/example_dags/example_trigger_target_dag.py took 0.051 seconds
