[2025-12-27T03:04:03.566+0000] {processor.py:161} INFO - Started process (PID=25852) to work on /workspaces/Airflow-domain-etl/venv/lib/python3.10/site-packages/airflow/example_dags/example_branch_day_of_week_operator.py
[2025-12-27T03:04:03.567+0000] {processor.py:830} INFO - Processing file /workspaces/Airflow-domain-etl/venv/lib/python3.10/site-packages/airflow/example_dags/example_branch_day_of_week_operator.py for tasks to queue
[2025-12-27T03:04:03.567+0000] {logging_mixin.py:188} INFO - [2025-12-27T03:04:03.567+0000] {dagbag.py:538} INFO - Filling up the DagBag from /workspaces/Airflow-domain-etl/venv/lib/python3.10/site-packages/airflow/example_dags/example_branch_day_of_week_operator.py
[2025-12-27T03:04:03.573+0000] {processor.py:840} INFO - DAG(s) 'example_weekday_branch_operator' retrieved from /workspaces/Airflow-domain-etl/venv/lib/python3.10/site-packages/airflow/example_dags/example_branch_day_of_week_operator.py
[2025-12-27T03:04:03.645+0000] {logging_mixin.py:188} INFO - [2025-12-27T03:04:03.645+0000] {override.py:1769} INFO - Created Permission View: can delete on DAG:example_weekday_branch_operator
[2025-12-27T03:04:03.653+0000] {logging_mixin.py:188} INFO - [2025-12-27T03:04:03.653+0000] {override.py:1769} INFO - Created Permission View: can edit on DAG:example_weekday_branch_operator
[2025-12-27T03:04:03.666+0000] {logging_mixin.py:188} INFO - [2025-12-27T03:04:03.666+0000] {override.py:1769} INFO - Created Permission View: can read on DAG:example_weekday_branch_operator
[2025-12-27T03:04:03.667+0000] {logging_mixin.py:188} INFO - [2025-12-27T03:04:03.666+0000] {dag.py:3036} INFO - Sync 1 DAGs
[2025-12-27T03:04:03.677+0000] {logging_mixin.py:188} INFO - [2025-12-27T03:04:03.676+0000] {dag.py:3058} INFO - Creating ORM DAG for example_weekday_branch_operator
[2025-12-27T03:04:03.685+0000] {logging_mixin.py:188} INFO - [2025-12-27T03:04:03.685+0000] {dag.py:3823} INFO - Setting next_dagrun for example_weekday_branch_operator to 2025-12-26 00:00:00+00:00, run_after=2025-12-27 00:00:00+00:00
[2025-12-27T03:04:03.701+0000] {processor.py:183} INFO - Processing /workspaces/Airflow-domain-etl/venv/lib/python3.10/site-packages/airflow/example_dags/example_branch_day_of_week_operator.py took 0.137 seconds
[2025-12-27T03:04:54.020+0000] {processor.py:161} INFO - Started process (PID=26357) to work on /workspaces/Airflow-domain-etl/venv/lib/python3.10/site-packages/airflow/example_dags/example_branch_day_of_week_operator.py
[2025-12-27T03:04:54.021+0000] {processor.py:830} INFO - Processing file /workspaces/Airflow-domain-etl/venv/lib/python3.10/site-packages/airflow/example_dags/example_branch_day_of_week_operator.py for tasks to queue
[2025-12-27T03:04:54.021+0000] {logging_mixin.py:188} INFO - [2025-12-27T03:04:54.021+0000] {dagbag.py:538} INFO - Filling up the DagBag from /workspaces/Airflow-domain-etl/venv/lib/python3.10/site-packages/airflow/example_dags/example_branch_day_of_week_operator.py
[2025-12-27T03:04:54.027+0000] {processor.py:840} INFO - DAG(s) 'example_weekday_branch_operator' retrieved from /workspaces/Airflow-domain-etl/venv/lib/python3.10/site-packages/airflow/example_dags/example_branch_day_of_week_operator.py
[2025-12-27T03:04:54.038+0000] {logging_mixin.py:188} INFO - [2025-12-27T03:04:54.038+0000] {dag.py:3036} INFO - Sync 1 DAGs
[2025-12-27T03:04:54.052+0000] {logging_mixin.py:188} INFO - [2025-12-27T03:04:54.052+0000] {dag.py:3823} INFO - Setting next_dagrun for example_weekday_branch_operator to 2025-12-26 00:00:00+00:00, run_after=2025-12-27 00:00:00+00:00
[2025-12-27T03:04:54.066+0000] {processor.py:183} INFO - Processing /workspaces/Airflow-domain-etl/venv/lib/python3.10/site-packages/airflow/example_dags/example_branch_day_of_week_operator.py took 0.049 seconds
[2025-12-27T03:05:44.309+0000] {processor.py:161} INFO - Started process (PID=26860) to work on /workspaces/Airflow-domain-etl/venv/lib/python3.10/site-packages/airflow/example_dags/example_branch_day_of_week_operator.py
[2025-12-27T03:05:44.310+0000] {processor.py:830} INFO - Processing file /workspaces/Airflow-domain-etl/venv/lib/python3.10/site-packages/airflow/example_dags/example_branch_day_of_week_operator.py for tasks to queue
[2025-12-27T03:05:44.311+0000] {logging_mixin.py:188} INFO - [2025-12-27T03:05:44.310+0000] {dagbag.py:538} INFO - Filling up the DagBag from /workspaces/Airflow-domain-etl/venv/lib/python3.10/site-packages/airflow/example_dags/example_branch_day_of_week_operator.py
[2025-12-27T03:05:44.316+0000] {processor.py:840} INFO - DAG(s) 'example_weekday_branch_operator' retrieved from /workspaces/Airflow-domain-etl/venv/lib/python3.10/site-packages/airflow/example_dags/example_branch_day_of_week_operator.py
[2025-12-27T03:05:44.327+0000] {logging_mixin.py:188} INFO - [2025-12-27T03:05:44.327+0000] {dag.py:3036} INFO - Sync 1 DAGs
[2025-12-27T03:05:44.341+0000] {logging_mixin.py:188} INFO - [2025-12-27T03:05:44.341+0000] {dag.py:3823} INFO - Setting next_dagrun for example_weekday_branch_operator to 2025-12-26 00:00:00+00:00, run_after=2025-12-27 00:00:00+00:00
[2025-12-27T03:05:44.356+0000] {processor.py:183} INFO - Processing /workspaces/Airflow-domain-etl/venv/lib/python3.10/site-packages/airflow/example_dags/example_branch_day_of_week_operator.py took 0.050 seconds
[2025-12-27T03:06:42.142+0000] {processor.py:161} INFO - Started process (PID=27580) to work on /workspaces/Airflow-domain-etl/venv/lib/python3.10/site-packages/airflow/example_dags/example_branch_day_of_week_operator.py
[2025-12-27T03:06:42.142+0000] {processor.py:830} INFO - Processing file /workspaces/Airflow-domain-etl/venv/lib/python3.10/site-packages/airflow/example_dags/example_branch_day_of_week_operator.py for tasks to queue
[2025-12-27T03:06:42.143+0000] {logging_mixin.py:188} INFO - [2025-12-27T03:06:42.143+0000] {dagbag.py:538} INFO - Filling up the DagBag from /workspaces/Airflow-domain-etl/venv/lib/python3.10/site-packages/airflow/example_dags/example_branch_day_of_week_operator.py
[2025-12-27T03:06:42.151+0000] {processor.py:840} INFO - DAG(s) 'example_weekday_branch_operator' retrieved from /workspaces/Airflow-domain-etl/venv/lib/python3.10/site-packages/airflow/example_dags/example_branch_day_of_week_operator.py
[2025-12-27T03:06:42.165+0000] {logging_mixin.py:188} INFO - [2025-12-27T03:06:42.165+0000] {dag.py:3036} INFO - Sync 1 DAGs
[2025-12-27T03:06:42.179+0000] {logging_mixin.py:188} INFO - [2025-12-27T03:06:42.179+0000] {dag.py:3823} INFO - Setting next_dagrun for example_weekday_branch_operator to 2025-12-26 00:00:00+00:00, run_after=2025-12-27 00:00:00+00:00
[2025-12-27T03:06:42.193+0000] {processor.py:183} INFO - Processing /workspaces/Airflow-domain-etl/venv/lib/python3.10/site-packages/airflow/example_dags/example_branch_day_of_week_operator.py took 0.054 seconds
