[2025-12-27T03:03:39.942+0000] {processor.py:161} INFO - Started process (PID=25587) to work on /workspaces/Airflow-domain-etl/venv/lib/python3.10/site-packages/airflow/example_dags/example_setup_teardown_taskflow.py
[2025-12-27T03:03:39.943+0000] {processor.py:830} INFO - Processing file /workspaces/Airflow-domain-etl/venv/lib/python3.10/site-packages/airflow/example_dags/example_setup_teardown_taskflow.py for tasks to queue
[2025-12-27T03:03:39.944+0000] {logging_mixin.py:188} INFO - [2025-12-27T03:03:39.943+0000] {dagbag.py:538} INFO - Filling up the DagBag from /workspaces/Airflow-domain-etl/venv/lib/python3.10/site-packages/airflow/example_dags/example_setup_teardown_taskflow.py
[2025-12-27T03:03:39.951+0000] {processor.py:840} INFO - DAG(s) 'example_setup_teardown_taskflow' retrieved from /workspaces/Airflow-domain-etl/venv/lib/python3.10/site-packages/airflow/example_dags/example_setup_teardown_taskflow.py
[2025-12-27T03:03:40.025+0000] {logging_mixin.py:188} INFO - [2025-12-27T03:03:40.025+0000] {override.py:1769} INFO - Created Permission View: can delete on DAG:example_setup_teardown_taskflow
[2025-12-27T03:03:40.033+0000] {logging_mixin.py:188} INFO - [2025-12-27T03:03:40.033+0000] {override.py:1769} INFO - Created Permission View: can edit on DAG:example_setup_teardown_taskflow
[2025-12-27T03:03:40.039+0000] {logging_mixin.py:188} INFO - [2025-12-27T03:03:40.039+0000] {override.py:1769} INFO - Created Permission View: can read on DAG:example_setup_teardown_taskflow
[2025-12-27T03:03:40.040+0000] {logging_mixin.py:188} INFO - [2025-12-27T03:03:40.040+0000] {dag.py:3036} INFO - Sync 1 DAGs
[2025-12-27T03:03:40.046+0000] {logging_mixin.py:188} INFO - [2025-12-27T03:03:40.046+0000] {dag.py:3058} INFO - Creating ORM DAG for example_setup_teardown_taskflow
[2025-12-27T03:03:40.053+0000] {logging_mixin.py:188} INFO - [2025-12-27T03:03:40.053+0000] {dag.py:3823} INFO - Setting next_dagrun for example_setup_teardown_taskflow to 2025-12-26 00:00:00+00:00, run_after=2025-12-27 00:00:00+00:00
[2025-12-27T03:03:40.068+0000] {processor.py:183} INFO - Processing /workspaces/Airflow-domain-etl/venv/lib/python3.10/site-packages/airflow/example_dags/example_setup_teardown_taskflow.py took 0.128 seconds
[2025-12-27T03:04:26.983+0000] {processor.py:161} INFO - Started process (PID=26136) to work on /workspaces/Airflow-domain-etl/venv/lib/python3.10/site-packages/airflow/example_dags/example_setup_teardown_taskflow.py
[2025-12-27T03:04:26.984+0000] {processor.py:830} INFO - Processing file /workspaces/Airflow-domain-etl/venv/lib/python3.10/site-packages/airflow/example_dags/example_setup_teardown_taskflow.py for tasks to queue
[2025-12-27T03:04:26.985+0000] {logging_mixin.py:188} INFO - [2025-12-27T03:04:26.984+0000] {dagbag.py:538} INFO - Filling up the DagBag from /workspaces/Airflow-domain-etl/venv/lib/python3.10/site-packages/airflow/example_dags/example_setup_teardown_taskflow.py
[2025-12-27T03:04:26.992+0000] {processor.py:840} INFO - DAG(s) 'example_setup_teardown_taskflow' retrieved from /workspaces/Airflow-domain-etl/venv/lib/python3.10/site-packages/airflow/example_dags/example_setup_teardown_taskflow.py
[2025-12-27T03:04:27.003+0000] {logging_mixin.py:188} INFO - [2025-12-27T03:04:27.003+0000] {dag.py:3036} INFO - Sync 1 DAGs
[2025-12-27T03:04:27.016+0000] {logging_mixin.py:188} INFO - [2025-12-27T03:04:27.016+0000] {dag.py:3823} INFO - Setting next_dagrun for example_setup_teardown_taskflow to 2025-12-26 00:00:00+00:00, run_after=2025-12-27 00:00:00+00:00
[2025-12-27T03:04:27.030+0000] {processor.py:183} INFO - Processing /workspaces/Airflow-domain-etl/venv/lib/python3.10/site-packages/airflow/example_dags/example_setup_teardown_taskflow.py took 0.049 seconds
[2025-12-27T03:05:14.478+0000] {processor.py:161} INFO - Started process (PID=26512) to work on /workspaces/Airflow-domain-etl/venv/lib/python3.10/site-packages/airflow/example_dags/example_setup_teardown_taskflow.py
[2025-12-27T03:05:14.479+0000] {processor.py:830} INFO - Processing file /workspaces/Airflow-domain-etl/venv/lib/python3.10/site-packages/airflow/example_dags/example_setup_teardown_taskflow.py for tasks to queue
[2025-12-27T03:05:14.480+0000] {logging_mixin.py:188} INFO - [2025-12-27T03:05:14.479+0000] {dagbag.py:538} INFO - Filling up the DagBag from /workspaces/Airflow-domain-etl/venv/lib/python3.10/site-packages/airflow/example_dags/example_setup_teardown_taskflow.py
[2025-12-27T03:05:14.498+0000] {processor.py:840} INFO - DAG(s) 'example_setup_teardown_taskflow' retrieved from /workspaces/Airflow-domain-etl/venv/lib/python3.10/site-packages/airflow/example_dags/example_setup_teardown_taskflow.py
[2025-12-27T03:05:14.513+0000] {logging_mixin.py:188} INFO - [2025-12-27T03:05:14.513+0000] {dag.py:3036} INFO - Sync 1 DAGs
[2025-12-27T03:05:14.526+0000] {logging_mixin.py:188} INFO - [2025-12-27T03:05:14.526+0000] {dag.py:3823} INFO - Setting next_dagrun for example_setup_teardown_taskflow to 2025-12-26 00:00:00+00:00, run_after=2025-12-27 00:00:00+00:00
[2025-12-27T03:05:14.541+0000] {processor.py:183} INFO - Processing /workspaces/Airflow-domain-etl/venv/lib/python3.10/site-packages/airflow/example_dags/example_setup_teardown_taskflow.py took 0.065 seconds
[2025-12-27T03:06:03.591+0000] {processor.py:161} INFO - Started process (PID=27100) to work on /workspaces/Airflow-domain-etl/venv/lib/python3.10/site-packages/airflow/example_dags/example_setup_teardown_taskflow.py
[2025-12-27T03:06:03.592+0000] {processor.py:830} INFO - Processing file /workspaces/Airflow-domain-etl/venv/lib/python3.10/site-packages/airflow/example_dags/example_setup_teardown_taskflow.py for tasks to queue
[2025-12-27T03:06:03.592+0000] {logging_mixin.py:188} INFO - [2025-12-27T03:06:03.592+0000] {dagbag.py:538} INFO - Filling up the DagBag from /workspaces/Airflow-domain-etl/venv/lib/python3.10/site-packages/airflow/example_dags/example_setup_teardown_taskflow.py
[2025-12-27T03:06:03.599+0000] {processor.py:840} INFO - DAG(s) 'example_setup_teardown_taskflow' retrieved from /workspaces/Airflow-domain-etl/venv/lib/python3.10/site-packages/airflow/example_dags/example_setup_teardown_taskflow.py
[2025-12-27T03:06:03.610+0000] {logging_mixin.py:188} INFO - [2025-12-27T03:06:03.610+0000] {dag.py:3036} INFO - Sync 1 DAGs
[2025-12-27T03:06:03.624+0000] {logging_mixin.py:188} INFO - [2025-12-27T03:06:03.624+0000] {dag.py:3823} INFO - Setting next_dagrun for example_setup_teardown_taskflow to 2025-12-26 00:00:00+00:00, run_after=2025-12-27 00:00:00+00:00
[2025-12-27T03:06:03.640+0000] {processor.py:183} INFO - Processing /workspaces/Airflow-domain-etl/venv/lib/python3.10/site-packages/airflow/example_dags/example_setup_teardown_taskflow.py took 0.051 seconds
