[2025-12-27T03:03:38.711+0000] {processor.py:161} INFO - Started process (PID=25576) to work on /workspaces/Airflow-domain-etl/venv/lib/python3.10/site-packages/airflow/example_dags/example_skip_dag.py
[2025-12-27T03:03:38.712+0000] {processor.py:830} INFO - Processing file /workspaces/Airflow-domain-etl/venv/lib/python3.10/site-packages/airflow/example_dags/example_skip_dag.py for tasks to queue
[2025-12-27T03:03:38.713+0000] {logging_mixin.py:188} INFO - [2025-12-27T03:03:38.712+0000] {dagbag.py:538} INFO - Filling up the DagBag from /workspaces/Airflow-domain-etl/venv/lib/python3.10/site-packages/airflow/example_dags/example_skip_dag.py
[2025-12-27T03:03:38.718+0000] {processor.py:840} INFO - DAG(s) 'example_skip_dag' retrieved from /workspaces/Airflow-domain-etl/venv/lib/python3.10/site-packages/airflow/example_dags/example_skip_dag.py
[2025-12-27T03:03:38.790+0000] {logging_mixin.py:188} INFO - [2025-12-27T03:03:38.790+0000] {override.py:1769} INFO - Created Permission View: can delete on DAG:example_skip_dag
[2025-12-27T03:03:38.799+0000] {logging_mixin.py:188} INFO - [2025-12-27T03:03:38.798+0000] {override.py:1769} INFO - Created Permission View: can edit on DAG:example_skip_dag
[2025-12-27T03:03:38.805+0000] {logging_mixin.py:188} INFO - [2025-12-27T03:03:38.805+0000] {override.py:1769} INFO - Created Permission View: can read on DAG:example_skip_dag
[2025-12-27T03:03:38.805+0000] {logging_mixin.py:188} INFO - [2025-12-27T03:03:38.805+0000] {dag.py:3036} INFO - Sync 1 DAGs
[2025-12-27T03:03:38.812+0000] {logging_mixin.py:188} INFO - [2025-12-27T03:03:38.812+0000] {dag.py:3058} INFO - Creating ORM DAG for example_skip_dag
[2025-12-27T03:03:38.818+0000] {logging_mixin.py:188} INFO - [2025-12-27T03:03:38.818+0000] {dag.py:3823} INFO - Setting next_dagrun for example_skip_dag to 2025-12-26 00:00:00+00:00, run_after=2025-12-27 00:00:00+00:00
[2025-12-27T03:03:38.833+0000] {processor.py:183} INFO - Processing /workspaces/Airflow-domain-etl/venv/lib/python3.10/site-packages/airflow/example_dags/example_skip_dag.py took 0.124 seconds
[2025-12-27T03:04:26.673+0000] {processor.py:161} INFO - Started process (PID=26122) to work on /workspaces/Airflow-domain-etl/venv/lib/python3.10/site-packages/airflow/example_dags/example_skip_dag.py
[2025-12-27T03:04:26.674+0000] {processor.py:830} INFO - Processing file /workspaces/Airflow-domain-etl/venv/lib/python3.10/site-packages/airflow/example_dags/example_skip_dag.py for tasks to queue
[2025-12-27T03:04:26.675+0000] {logging_mixin.py:188} INFO - [2025-12-27T03:04:26.674+0000] {dagbag.py:538} INFO - Filling up the DagBag from /workspaces/Airflow-domain-etl/venv/lib/python3.10/site-packages/airflow/example_dags/example_skip_dag.py
[2025-12-27T03:04:26.680+0000] {processor.py:840} INFO - DAG(s) 'example_skip_dag' retrieved from /workspaces/Airflow-domain-etl/venv/lib/python3.10/site-packages/airflow/example_dags/example_skip_dag.py
[2025-12-27T03:04:26.691+0000] {logging_mixin.py:188} INFO - [2025-12-27T03:04:26.691+0000] {dag.py:3036} INFO - Sync 1 DAGs
[2025-12-27T03:04:26.704+0000] {logging_mixin.py:188} INFO - [2025-12-27T03:04:26.704+0000] {dag.py:3823} INFO - Setting next_dagrun for example_skip_dag to 2025-12-26 00:00:00+00:00, run_after=2025-12-27 00:00:00+00:00
[2025-12-27T03:04:26.718+0000] {processor.py:183} INFO - Processing /workspaces/Airflow-domain-etl/venv/lib/python3.10/site-packages/airflow/example_dags/example_skip_dag.py took 0.047 seconds
[2025-12-27T03:05:13.435+0000] {processor.py:161} INFO - Started process (PID=26504) to work on /workspaces/Airflow-domain-etl/venv/lib/python3.10/site-packages/airflow/example_dags/example_skip_dag.py
[2025-12-27T03:05:13.435+0000] {processor.py:830} INFO - Processing file /workspaces/Airflow-domain-etl/venv/lib/python3.10/site-packages/airflow/example_dags/example_skip_dag.py for tasks to queue
[2025-12-27T03:05:13.436+0000] {logging_mixin.py:188} INFO - [2025-12-27T03:05:13.436+0000] {dagbag.py:538} INFO - Filling up the DagBag from /workspaces/Airflow-domain-etl/venv/lib/python3.10/site-packages/airflow/example_dags/example_skip_dag.py
[2025-12-27T03:05:13.441+0000] {processor.py:840} INFO - DAG(s) 'example_skip_dag' retrieved from /workspaces/Airflow-domain-etl/venv/lib/python3.10/site-packages/airflow/example_dags/example_skip_dag.py
[2025-12-27T03:05:13.454+0000] {logging_mixin.py:188} INFO - [2025-12-27T03:05:13.454+0000] {dag.py:3036} INFO - Sync 1 DAGs
[2025-12-27T03:05:13.468+0000] {logging_mixin.py:188} INFO - [2025-12-27T03:05:13.468+0000] {dag.py:3823} INFO - Setting next_dagrun for example_skip_dag to 2025-12-26 00:00:00+00:00, run_after=2025-12-27 00:00:00+00:00
[2025-12-27T03:05:13.483+0000] {processor.py:183} INFO - Processing /workspaces/Airflow-domain-etl/venv/lib/python3.10/site-packages/airflow/example_dags/example_skip_dag.py took 0.051 seconds
[2025-12-27T03:06:02.460+0000] {processor.py:161} INFO - Started process (PID=27083) to work on /workspaces/Airflow-domain-etl/venv/lib/python3.10/site-packages/airflow/example_dags/example_skip_dag.py
[2025-12-27T03:06:02.460+0000] {processor.py:830} INFO - Processing file /workspaces/Airflow-domain-etl/venv/lib/python3.10/site-packages/airflow/example_dags/example_skip_dag.py for tasks to queue
[2025-12-27T03:06:02.461+0000] {logging_mixin.py:188} INFO - [2025-12-27T03:06:02.461+0000] {dagbag.py:538} INFO - Filling up the DagBag from /workspaces/Airflow-domain-etl/venv/lib/python3.10/site-packages/airflow/example_dags/example_skip_dag.py
[2025-12-27T03:06:02.466+0000] {processor.py:840} INFO - DAG(s) 'example_skip_dag' retrieved from /workspaces/Airflow-domain-etl/venv/lib/python3.10/site-packages/airflow/example_dags/example_skip_dag.py
[2025-12-27T03:06:02.477+0000] {logging_mixin.py:188} INFO - [2025-12-27T03:06:02.477+0000] {dag.py:3036} INFO - Sync 1 DAGs
[2025-12-27T03:06:02.490+0000] {logging_mixin.py:188} INFO - [2025-12-27T03:06:02.490+0000] {dag.py:3823} INFO - Setting next_dagrun for example_skip_dag to 2025-12-26 00:00:00+00:00, run_after=2025-12-27 00:00:00+00:00
[2025-12-27T03:06:02.507+0000] {processor.py:183} INFO - Processing /workspaces/Airflow-domain-etl/venv/lib/python3.10/site-packages/airflow/example_dags/example_skip_dag.py took 0.050 seconds
