[2025-12-27T03:03:58.334+0000] {processor.py:161} INFO - Started process (PID=25811) to work on /workspaces/Airflow-domain-etl/venv/lib/python3.10/site-packages/airflow/example_dags/example_datasets.py
[2025-12-27T03:03:58.334+0000] {processor.py:830} INFO - Processing file /workspaces/Airflow-domain-etl/venv/lib/python3.10/site-packages/airflow/example_dags/example_datasets.py for tasks to queue
[2025-12-27T03:03:58.335+0000] {logging_mixin.py:188} INFO - [2025-12-27T03:03:58.335+0000] {dagbag.py:538} INFO - Filling up the DagBag from /workspaces/Airflow-domain-etl/venv/lib/python3.10/site-packages/airflow/example_dags/example_datasets.py
[2025-12-27T03:03:58.342+0000] {processor.py:840} INFO - DAG(s) 'dataset_consumes_1_never_scheduled', 'dataset_produces_2', 'dataset_consumes_unknown_never_scheduled', 'dataset_consumes_1_and_2', 'dataset_consumes_1', 'dataset_produces_1' retrieved from /workspaces/Airflow-domain-etl/venv/lib/python3.10/site-packages/airflow/example_dags/example_datasets.py
[2025-12-27T03:03:58.434+0000] {logging_mixin.py:188} INFO - [2025-12-27T03:03:58.433+0000] {override.py:1769} INFO - Created Permission View: can delete on DAG:dataset_consumes_1_never_scheduled
[2025-12-27T03:03:58.443+0000] {logging_mixin.py:188} INFO - [2025-12-27T03:03:58.442+0000] {override.py:1769} INFO - Created Permission View: can edit on DAG:dataset_consumes_1_never_scheduled
[2025-12-27T03:03:58.449+0000] {logging_mixin.py:188} INFO - [2025-12-27T03:03:58.449+0000] {override.py:1769} INFO - Created Permission View: can read on DAG:dataset_consumes_1_never_scheduled
[2025-12-27T03:03:58.463+0000] {logging_mixin.py:188} INFO - [2025-12-27T03:03:58.463+0000] {override.py:1769} INFO - Created Permission View: can delete on DAG:dataset_produces_2
[2025-12-27T03:03:58.469+0000] {logging_mixin.py:188} INFO - [2025-12-27T03:03:58.469+0000] {override.py:1769} INFO - Created Permission View: can edit on DAG:dataset_produces_2
[2025-12-27T03:03:58.475+0000] {logging_mixin.py:188} INFO - [2025-12-27T03:03:58.475+0000] {override.py:1769} INFO - Created Permission View: can read on DAG:dataset_produces_2
[2025-12-27T03:03:58.489+0000] {logging_mixin.py:188} INFO - [2025-12-27T03:03:58.489+0000] {override.py:1769} INFO - Created Permission View: can delete on DAG:dataset_consumes_unknown_never_scheduled
[2025-12-27T03:03:58.495+0000] {logging_mixin.py:188} INFO - [2025-12-27T03:03:58.495+0000] {override.py:1769} INFO - Created Permission View: can edit on DAG:dataset_consumes_unknown_never_scheduled
[2025-12-27T03:03:58.501+0000] {logging_mixin.py:188} INFO - [2025-12-27T03:03:58.501+0000] {override.py:1769} INFO - Created Permission View: can read on DAG:dataset_consumes_unknown_never_scheduled
[2025-12-27T03:03:58.515+0000] {logging_mixin.py:188} INFO - [2025-12-27T03:03:58.515+0000] {override.py:1769} INFO - Created Permission View: can delete on DAG:dataset_consumes_1_and_2
[2025-12-27T03:03:58.521+0000] {logging_mixin.py:188} INFO - [2025-12-27T03:03:58.521+0000] {override.py:1769} INFO - Created Permission View: can edit on DAG:dataset_consumes_1_and_2
[2025-12-27T03:03:58.528+0000] {logging_mixin.py:188} INFO - [2025-12-27T03:03:58.528+0000] {override.py:1769} INFO - Created Permission View: can read on DAG:dataset_consumes_1_and_2
[2025-12-27T03:03:58.543+0000] {logging_mixin.py:188} INFO - [2025-12-27T03:03:58.543+0000] {override.py:1769} INFO - Created Permission View: can delete on DAG:dataset_consumes_1
[2025-12-27T03:03:58.549+0000] {logging_mixin.py:188} INFO - [2025-12-27T03:03:58.549+0000] {override.py:1769} INFO - Created Permission View: can edit on DAG:dataset_consumes_1
[2025-12-27T03:03:58.556+0000] {logging_mixin.py:188} INFO - [2025-12-27T03:03:58.555+0000] {override.py:1769} INFO - Created Permission View: can read on DAG:dataset_consumes_1
[2025-12-27T03:03:58.568+0000] {logging_mixin.py:188} INFO - [2025-12-27T03:03:58.568+0000] {override.py:1769} INFO - Created Permission View: can delete on DAG:dataset_produces_1
[2025-12-27T03:03:58.574+0000] {logging_mixin.py:188} INFO - [2025-12-27T03:03:58.574+0000] {override.py:1769} INFO - Created Permission View: can edit on DAG:dataset_produces_1
[2025-12-27T03:03:58.580+0000] {logging_mixin.py:188} INFO - [2025-12-27T03:03:58.580+0000] {override.py:1769} INFO - Created Permission View: can read on DAG:dataset_produces_1
[2025-12-27T03:03:58.581+0000] {logging_mixin.py:188} INFO - [2025-12-27T03:03:58.581+0000] {dag.py:3036} INFO - Sync 6 DAGs
[2025-12-27T03:03:58.588+0000] {logging_mixin.py:188} INFO - [2025-12-27T03:03:58.588+0000] {dag.py:3058} INFO - Creating ORM DAG for dataset_consumes_1_and_2
[2025-12-27T03:03:58.588+0000] {logging_mixin.py:188} INFO - [2025-12-27T03:03:58.588+0000] {dag.py:3058} INFO - Creating ORM DAG for dataset_produces_2
[2025-12-27T03:03:58.589+0000] {logging_mixin.py:188} INFO - [2025-12-27T03:03:58.589+0000] {dag.py:3058} INFO - Creating ORM DAG for dataset_consumes_unknown_never_scheduled
[2025-12-27T03:03:58.589+0000] {logging_mixin.py:188} INFO - [2025-12-27T03:03:58.589+0000] {dag.py:3058} INFO - Creating ORM DAG for dataset_produces_1
[2025-12-27T03:03:58.589+0000] {logging_mixin.py:188} INFO - [2025-12-27T03:03:58.589+0000] {dag.py:3058} INFO - Creating ORM DAG for dataset_consumes_1_never_scheduled
[2025-12-27T03:03:58.590+0000] {logging_mixin.py:188} INFO - [2025-12-27T03:03:58.590+0000] {dag.py:3058} INFO - Creating ORM DAG for dataset_consumes_1
[2025-12-27T03:03:58.595+0000] {logging_mixin.py:188} INFO - [2025-12-27T03:03:58.595+0000] {dag.py:3823} INFO - Setting next_dagrun for dataset_consumes_1 to None, run_after=None
[2025-12-27T03:03:58.596+0000] {logging_mixin.py:188} INFO - [2025-12-27T03:03:58.596+0000] {dag.py:3823} INFO - Setting next_dagrun for dataset_consumes_1_and_2 to None, run_after=None
[2025-12-27T03:03:58.596+0000] {logging_mixin.py:188} INFO - [2025-12-27T03:03:58.596+0000] {dag.py:3823} INFO - Setting next_dagrun for dataset_consumes_1_never_scheduled to None, run_after=None
[2025-12-27T03:03:58.597+0000] {logging_mixin.py:188} INFO - [2025-12-27T03:03:58.597+0000] {dag.py:3823} INFO - Setting next_dagrun for dataset_consumes_unknown_never_scheduled to None, run_after=None
[2025-12-27T03:03:58.598+0000] {logging_mixin.py:188} INFO - [2025-12-27T03:03:58.598+0000] {dag.py:3823} INFO - Setting next_dagrun for dataset_produces_1 to 2025-12-26 00:00:00+00:00, run_after=2025-12-27 00:00:00+00:00
[2025-12-27T03:03:58.598+0000] {logging_mixin.py:188} INFO - [2025-12-27T03:03:58.598+0000] {dag.py:3823} INFO - Setting next_dagrun for dataset_produces_2 to None, run_after=None
[2025-12-27T03:03:58.622+0000] {processor.py:183} INFO - Processing /workspaces/Airflow-domain-etl/venv/lib/python3.10/site-packages/airflow/example_dags/example_datasets.py took 0.290 seconds
[2025-12-27T03:04:48.880+0000] {processor.py:161} INFO - Started process (PID=26323) to work on /workspaces/Airflow-domain-etl/venv/lib/python3.10/site-packages/airflow/example_dags/example_datasets.py
[2025-12-27T03:04:48.881+0000] {processor.py:830} INFO - Processing file /workspaces/Airflow-domain-etl/venv/lib/python3.10/site-packages/airflow/example_dags/example_datasets.py for tasks to queue
[2025-12-27T03:04:48.882+0000] {logging_mixin.py:188} INFO - [2025-12-27T03:04:48.882+0000] {dagbag.py:538} INFO - Filling up the DagBag from /workspaces/Airflow-domain-etl/venv/lib/python3.10/site-packages/airflow/example_dags/example_datasets.py
[2025-12-27T03:04:48.889+0000] {processor.py:840} INFO - DAG(s) 'dataset_produces_2', 'dataset_consumes_1', 'dataset_consumes_1_never_scheduled', 'dataset_consumes_unknown_never_scheduled', 'dataset_consumes_1_and_2', 'dataset_produces_1' retrieved from /workspaces/Airflow-domain-etl/venv/lib/python3.10/site-packages/airflow/example_dags/example_datasets.py
[2025-12-27T03:04:48.906+0000] {logging_mixin.py:188} INFO - [2025-12-27T03:04:48.906+0000] {dag.py:3036} INFO - Sync 6 DAGs
[2025-12-27T03:04:48.920+0000] {logging_mixin.py:188} INFO - [2025-12-27T03:04:48.920+0000] {dag.py:3823} INFO - Setting next_dagrun for dataset_consumes_1 to None, run_after=None
[2025-12-27T03:04:48.922+0000] {logging_mixin.py:188} INFO - [2025-12-27T03:04:48.922+0000] {dag.py:3823} INFO - Setting next_dagrun for dataset_consumes_1_and_2 to None, run_after=None
[2025-12-27T03:04:48.923+0000] {logging_mixin.py:188} INFO - [2025-12-27T03:04:48.923+0000] {dag.py:3823} INFO - Setting next_dagrun for dataset_consumes_1_never_scheduled to None, run_after=None
[2025-12-27T03:04:48.924+0000] {logging_mixin.py:188} INFO - [2025-12-27T03:04:48.923+0000] {dag.py:3823} INFO - Setting next_dagrun for dataset_consumes_unknown_never_scheduled to None, run_after=None
[2025-12-27T03:04:48.925+0000] {logging_mixin.py:188} INFO - [2025-12-27T03:04:48.925+0000] {dag.py:3823} INFO - Setting next_dagrun for dataset_produces_1 to 2025-12-26 00:00:00+00:00, run_after=2025-12-27 00:00:00+00:00
[2025-12-27T03:04:48.926+0000] {logging_mixin.py:188} INFO - [2025-12-27T03:04:48.926+0000] {dag.py:3823} INFO - Setting next_dagrun for dataset_produces_2 to None, run_after=None
[2025-12-27T03:04:48.945+0000] {processor.py:183} INFO - Processing /workspaces/Airflow-domain-etl/venv/lib/python3.10/site-packages/airflow/example_dags/example_datasets.py took 0.066 seconds
[2025-12-27T03:05:39.071+0000] {processor.py:161} INFO - Started process (PID=26789) to work on /workspaces/Airflow-domain-etl/venv/lib/python3.10/site-packages/airflow/example_dags/example_datasets.py
[2025-12-27T03:05:39.072+0000] {processor.py:830} INFO - Processing file /workspaces/Airflow-domain-etl/venv/lib/python3.10/site-packages/airflow/example_dags/example_datasets.py for tasks to queue
[2025-12-27T03:05:39.074+0000] {logging_mixin.py:188} INFO - [2025-12-27T03:05:39.073+0000] {dagbag.py:538} INFO - Filling up the DagBag from /workspaces/Airflow-domain-etl/venv/lib/python3.10/site-packages/airflow/example_dags/example_datasets.py
[2025-12-27T03:05:39.085+0000] {processor.py:840} INFO - DAG(s) 'dataset_produces_1', 'dataset_consumes_1_and_2', 'dataset_consumes_unknown_never_scheduled', 'dataset_consumes_1_never_scheduled', 'dataset_consumes_1', 'dataset_produces_2' retrieved from /workspaces/Airflow-domain-etl/venv/lib/python3.10/site-packages/airflow/example_dags/example_datasets.py
[2025-12-27T03:05:39.116+0000] {logging_mixin.py:188} INFO - [2025-12-27T03:05:39.115+0000] {dag.py:3036} INFO - Sync 6 DAGs
[2025-12-27T03:05:39.138+0000] {logging_mixin.py:188} INFO - [2025-12-27T03:05:39.138+0000] {dag.py:3823} INFO - Setting next_dagrun for dataset_consumes_1 to None, run_after=None
[2025-12-27T03:05:39.141+0000] {logging_mixin.py:188} INFO - [2025-12-27T03:05:39.141+0000] {dag.py:3823} INFO - Setting next_dagrun for dataset_consumes_1_and_2 to None, run_after=None
[2025-12-27T03:05:39.142+0000] {logging_mixin.py:188} INFO - [2025-12-27T03:05:39.142+0000] {dag.py:3823} INFO - Setting next_dagrun for dataset_consumes_1_never_scheduled to None, run_after=None
[2025-12-27T03:05:39.143+0000] {logging_mixin.py:188} INFO - [2025-12-27T03:05:39.143+0000] {dag.py:3823} INFO - Setting next_dagrun for dataset_consumes_unknown_never_scheduled to None, run_after=None
[2025-12-27T03:05:39.147+0000] {logging_mixin.py:188} INFO - [2025-12-27T03:05:39.147+0000] {dag.py:3823} INFO - Setting next_dagrun for dataset_produces_1 to 2025-12-26 00:00:00+00:00, run_after=2025-12-27 00:00:00+00:00
[2025-12-27T03:05:39.148+0000] {logging_mixin.py:188} INFO - [2025-12-27T03:05:39.148+0000] {dag.py:3823} INFO - Setting next_dagrun for dataset_produces_2 to None, run_after=None
[2025-12-27T03:05:39.181+0000] {processor.py:183} INFO - Processing /workspaces/Airflow-domain-etl/venv/lib/python3.10/site-packages/airflow/example_dags/example_datasets.py took 0.112 seconds
[2025-12-27T03:06:37.081+0000] {processor.py:161} INFO - Started process (PID=27499) to work on /workspaces/Airflow-domain-etl/venv/lib/python3.10/site-packages/airflow/example_dags/example_datasets.py
[2025-12-27T03:06:37.082+0000] {processor.py:830} INFO - Processing file /workspaces/Airflow-domain-etl/venv/lib/python3.10/site-packages/airflow/example_dags/example_datasets.py for tasks to queue
[2025-12-27T03:06:37.083+0000] {logging_mixin.py:188} INFO - [2025-12-27T03:06:37.083+0000] {dagbag.py:538} INFO - Filling up the DagBag from /workspaces/Airflow-domain-etl/venv/lib/python3.10/site-packages/airflow/example_dags/example_datasets.py
[2025-12-27T03:06:37.092+0000] {processor.py:840} INFO - DAG(s) 'dataset_produces_1', 'dataset_produces_2', 'dataset_consumes_1', 'dataset_consumes_unknown_never_scheduled', 'dataset_consumes_1_and_2', 'dataset_consumes_1_never_scheduled' retrieved from /workspaces/Airflow-domain-etl/venv/lib/python3.10/site-packages/airflow/example_dags/example_datasets.py
[2025-12-27T03:06:37.118+0000] {logging_mixin.py:188} INFO - [2025-12-27T03:06:37.118+0000] {dag.py:3036} INFO - Sync 6 DAGs
[2025-12-27T03:06:37.138+0000] {logging_mixin.py:188} INFO - [2025-12-27T03:06:37.137+0000] {dag.py:3823} INFO - Setting next_dagrun for dataset_consumes_1 to None, run_after=None
[2025-12-27T03:06:37.140+0000] {logging_mixin.py:188} INFO - [2025-12-27T03:06:37.140+0000] {dag.py:3823} INFO - Setting next_dagrun for dataset_consumes_1_and_2 to None, run_after=None
[2025-12-27T03:06:37.141+0000] {logging_mixin.py:188} INFO - [2025-12-27T03:06:37.141+0000] {dag.py:3823} INFO - Setting next_dagrun for dataset_consumes_1_never_scheduled to None, run_after=None
[2025-12-27T03:06:37.142+0000] {logging_mixin.py:188} INFO - [2025-12-27T03:06:37.142+0000] {dag.py:3823} INFO - Setting next_dagrun for dataset_consumes_unknown_never_scheduled to None, run_after=None
[2025-12-27T03:06:37.144+0000] {logging_mixin.py:188} INFO - [2025-12-27T03:06:37.144+0000] {dag.py:3823} INFO - Setting next_dagrun for dataset_produces_1 to 2025-12-26 00:00:00+00:00, run_after=2025-12-27 00:00:00+00:00
[2025-12-27T03:06:37.145+0000] {logging_mixin.py:188} INFO - [2025-12-27T03:06:37.145+0000] {dag.py:3823} INFO - Setting next_dagrun for dataset_produces_2 to None, run_after=None
[2025-12-27T03:06:37.172+0000] {processor.py:183} INFO - Processing /workspaces/Airflow-domain-etl/venv/lib/python3.10/site-packages/airflow/example_dags/example_datasets.py took 0.094 seconds
