[2025-12-27T03:03:52.988+0000] {processor.py:161} INFO - Started process (PID=25747) to work on /workspaces/Airflow-domain-etl/venv/lib/python3.10/site-packages/airflow/example_dags/example_latest_only.py
[2025-12-27T03:03:52.989+0000] {processor.py:830} INFO - Processing file /workspaces/Airflow-domain-etl/venv/lib/python3.10/site-packages/airflow/example_dags/example_latest_only.py for tasks to queue
[2025-12-27T03:03:52.990+0000] {logging_mixin.py:188} INFO - [2025-12-27T03:03:52.989+0000] {dagbag.py:538} INFO - Filling up the DagBag from /workspaces/Airflow-domain-etl/venv/lib/python3.10/site-packages/airflow/example_dags/example_latest_only.py
[2025-12-27T03:03:52.993+0000] {processor.py:840} INFO - DAG(s) 'latest_only' retrieved from /workspaces/Airflow-domain-etl/venv/lib/python3.10/site-packages/airflow/example_dags/example_latest_only.py
[2025-12-27T03:03:53.065+0000] {logging_mixin.py:188} INFO - [2025-12-27T03:03:53.065+0000] {override.py:1769} INFO - Created Permission View: can delete on DAG:latest_only
[2025-12-27T03:03:53.074+0000] {logging_mixin.py:188} INFO - [2025-12-27T03:03:53.073+0000] {override.py:1769} INFO - Created Permission View: can edit on DAG:latest_only
[2025-12-27T03:03:53.080+0000] {logging_mixin.py:188} INFO - [2025-12-27T03:03:53.080+0000] {override.py:1769} INFO - Created Permission View: can read on DAG:latest_only
[2025-12-27T03:03:53.080+0000] {logging_mixin.py:188} INFO - [2025-12-27T03:03:53.080+0000] {dag.py:3036} INFO - Sync 1 DAGs
[2025-12-27T03:03:53.087+0000] {logging_mixin.py:188} INFO - [2025-12-27T03:03:53.087+0000] {dag.py:3058} INFO - Creating ORM DAG for latest_only
[2025-12-27T03:03:53.093+0000] {logging_mixin.py:188} INFO - [2025-12-27T03:03:53.093+0000] {dag.py:3823} INFO - Setting next_dagrun for latest_only to 2025-12-26 20:00:00+00:00, run_after=2025-12-27 00:00:00+00:00
[2025-12-27T03:03:53.107+0000] {processor.py:183} INFO - Processing /workspaces/Airflow-domain-etl/venv/lib/python3.10/site-packages/airflow/example_dags/example_latest_only.py took 0.121 seconds
[2025-12-27T03:04:39.551+0000] {processor.py:161} INFO - Started process (PID=26247) to work on /workspaces/Airflow-domain-etl/venv/lib/python3.10/site-packages/airflow/example_dags/example_latest_only.py
[2025-12-27T03:04:39.552+0000] {processor.py:830} INFO - Processing file /workspaces/Airflow-domain-etl/venv/lib/python3.10/site-packages/airflow/example_dags/example_latest_only.py for tasks to queue
[2025-12-27T03:04:39.553+0000] {logging_mixin.py:188} INFO - [2025-12-27T03:04:39.552+0000] {dagbag.py:538} INFO - Filling up the DagBag from /workspaces/Airflow-domain-etl/venv/lib/python3.10/site-packages/airflow/example_dags/example_latest_only.py
[2025-12-27T03:04:39.557+0000] {processor.py:840} INFO - DAG(s) 'latest_only' retrieved from /workspaces/Airflow-domain-etl/venv/lib/python3.10/site-packages/airflow/example_dags/example_latest_only.py
[2025-12-27T03:04:39.567+0000] {logging_mixin.py:188} INFO - [2025-12-27T03:04:39.567+0000] {dag.py:3036} INFO - Sync 1 DAGs
[2025-12-27T03:04:39.580+0000] {logging_mixin.py:188} INFO - [2025-12-27T03:04:39.580+0000] {dag.py:3823} INFO - Setting next_dagrun for latest_only to 2025-12-26 20:00:00+00:00, run_after=2025-12-27 00:00:00+00:00
[2025-12-27T03:04:39.594+0000] {processor.py:183} INFO - Processing /workspaces/Airflow-domain-etl/venv/lib/python3.10/site-packages/airflow/example_dags/example_latest_only.py took 0.045 seconds
[2025-12-27T03:05:28.626+0000] {processor.py:161} INFO - Started process (PID=26645) to work on /workspaces/Airflow-domain-etl/venv/lib/python3.10/site-packages/airflow/example_dags/example_latest_only.py
[2025-12-27T03:05:28.627+0000] {processor.py:830} INFO - Processing file /workspaces/Airflow-domain-etl/venv/lib/python3.10/site-packages/airflow/example_dags/example_latest_only.py for tasks to queue
[2025-12-27T03:05:28.628+0000] {logging_mixin.py:188} INFO - [2025-12-27T03:05:28.627+0000] {dagbag.py:538} INFO - Filling up the DagBag from /workspaces/Airflow-domain-etl/venv/lib/python3.10/site-packages/airflow/example_dags/example_latest_only.py
[2025-12-27T03:05:28.631+0000] {processor.py:840} INFO - DAG(s) 'latest_only' retrieved from /workspaces/Airflow-domain-etl/venv/lib/python3.10/site-packages/airflow/example_dags/example_latest_only.py
[2025-12-27T03:05:28.642+0000] {logging_mixin.py:188} INFO - [2025-12-27T03:05:28.642+0000] {dag.py:3036} INFO - Sync 1 DAGs
[2025-12-27T03:05:28.661+0000] {logging_mixin.py:188} INFO - [2025-12-27T03:05:28.661+0000] {dag.py:3823} INFO - Setting next_dagrun for latest_only to 2025-12-26 20:00:00+00:00, run_after=2025-12-27 00:00:00+00:00
[2025-12-27T03:05:28.676+0000] {processor.py:183} INFO - Processing /workspaces/Airflow-domain-etl/venv/lib/python3.10/site-packages/airflow/example_dags/example_latest_only.py took 0.052 seconds
[2025-12-27T03:06:23.521+0000] {processor.py:161} INFO - Started process (PID=27352) to work on /workspaces/Airflow-domain-etl/venv/lib/python3.10/site-packages/airflow/example_dags/example_latest_only.py
[2025-12-27T03:06:23.522+0000] {processor.py:830} INFO - Processing file /workspaces/Airflow-domain-etl/venv/lib/python3.10/site-packages/airflow/example_dags/example_latest_only.py for tasks to queue
[2025-12-27T03:06:23.523+0000] {logging_mixin.py:188} INFO - [2025-12-27T03:06:23.522+0000] {dagbag.py:538} INFO - Filling up the DagBag from /workspaces/Airflow-domain-etl/venv/lib/python3.10/site-packages/airflow/example_dags/example_latest_only.py
[2025-12-27T03:06:23.526+0000] {processor.py:840} INFO - DAG(s) 'latest_only' retrieved from /workspaces/Airflow-domain-etl/venv/lib/python3.10/site-packages/airflow/example_dags/example_latest_only.py
[2025-12-27T03:06:23.537+0000] {logging_mixin.py:188} INFO - [2025-12-27T03:06:23.537+0000] {dag.py:3036} INFO - Sync 1 DAGs
[2025-12-27T03:06:23.550+0000] {logging_mixin.py:188} INFO - [2025-12-27T03:06:23.550+0000] {dag.py:3823} INFO - Setting next_dagrun for latest_only to 2025-12-26 20:00:00+00:00, run_after=2025-12-27 00:00:00+00:00
[2025-12-27T03:06:23.571+0000] {processor.py:183} INFO - Processing /workspaces/Airflow-domain-etl/venv/lib/python3.10/site-packages/airflow/example_dags/example_latest_only.py took 0.052 seconds
