[2025-12-27T03:03:28.503+0000] {processor.py:161} INFO - Started process (PID=25120) to work on /workspaces/Airflow-domain-etl/venv/lib/python3.10/site-packages/airflow/example_dags/example_trigger_controller_dag.py
[2025-12-27T03:03:28.504+0000] {processor.py:830} INFO - Processing file /workspaces/Airflow-domain-etl/venv/lib/python3.10/site-packages/airflow/example_dags/example_trigger_controller_dag.py for tasks to queue
[2025-12-27T03:03:28.504+0000] {logging_mixin.py:188} INFO - [2025-12-27T03:03:28.504+0000] {dagbag.py:538} INFO - Filling up the DagBag from /workspaces/Airflow-domain-etl/venv/lib/python3.10/site-packages/airflow/example_dags/example_trigger_controller_dag.py
[2025-12-27T03:03:28.509+0000] {processor.py:840} INFO - DAG(s) 'example_trigger_controller_dag' retrieved from /workspaces/Airflow-domain-etl/venv/lib/python3.10/site-packages/airflow/example_dags/example_trigger_controller_dag.py
[2025-12-27T03:03:28.581+0000] {logging_mixin.py:188} INFO - [2025-12-27T03:03:28.580+0000] {override.py:1769} INFO - Created Permission View: can delete on DAG:example_trigger_controller_dag
[2025-12-27T03:03:28.589+0000] {logging_mixin.py:188} INFO - [2025-12-27T03:03:28.589+0000] {override.py:1769} INFO - Created Permission View: can edit on DAG:example_trigger_controller_dag
[2025-12-27T03:03:28.595+0000] {logging_mixin.py:188} INFO - [2025-12-27T03:03:28.595+0000] {override.py:1769} INFO - Created Permission View: can read on DAG:example_trigger_controller_dag
[2025-12-27T03:03:28.595+0000] {logging_mixin.py:188} INFO - [2025-12-27T03:03:28.595+0000] {dag.py:3036} INFO - Sync 1 DAGs
[2025-12-27T03:03:28.602+0000] {logging_mixin.py:188} INFO - [2025-12-27T03:03:28.602+0000] {dag.py:3058} INFO - Creating ORM DAG for example_trigger_controller_dag
[2025-12-27T03:03:28.607+0000] {logging_mixin.py:188} INFO - [2025-12-27T03:03:28.607+0000] {dag.py:3823} INFO - Setting next_dagrun for example_trigger_controller_dag to 2021-01-01 00:00:00+00:00, run_after=2021-01-01 00:00:00+00:00
[2025-12-27T03:03:28.622+0000] {processor.py:183} INFO - Processing /workspaces/Airflow-domain-etl/venv/lib/python3.10/site-packages/airflow/example_dags/example_trigger_controller_dag.py took 0.121 seconds
[2025-12-27T03:04:16.709+0000] {processor.py:161} INFO - Started process (PID=26002) to work on /workspaces/Airflow-domain-etl/venv/lib/python3.10/site-packages/airflow/example_dags/example_trigger_controller_dag.py
[2025-12-27T03:04:16.709+0000] {processor.py:830} INFO - Processing file /workspaces/Airflow-domain-etl/venv/lib/python3.10/site-packages/airflow/example_dags/example_trigger_controller_dag.py for tasks to queue
[2025-12-27T03:04:16.710+0000] {logging_mixin.py:188} INFO - [2025-12-27T03:04:16.710+0000] {dagbag.py:538} INFO - Filling up the DagBag from /workspaces/Airflow-domain-etl/venv/lib/python3.10/site-packages/airflow/example_dags/example_trigger_controller_dag.py
[2025-12-27T03:04:16.714+0000] {processor.py:840} INFO - DAG(s) 'example_trigger_controller_dag' retrieved from /workspaces/Airflow-domain-etl/venv/lib/python3.10/site-packages/airflow/example_dags/example_trigger_controller_dag.py
[2025-12-27T03:04:16.724+0000] {logging_mixin.py:188} INFO - [2025-12-27T03:04:16.724+0000] {dag.py:3036} INFO - Sync 1 DAGs
[2025-12-27T03:04:16.737+0000] {logging_mixin.py:188} INFO - [2025-12-27T03:04:16.737+0000] {dag.py:3823} INFO - Setting next_dagrun for example_trigger_controller_dag to 2021-01-01 00:00:00+00:00, run_after=2021-01-01 00:00:00+00:00
[2025-12-27T03:04:16.752+0000] {processor.py:183} INFO - Processing /workspaces/Airflow-domain-etl/venv/lib/python3.10/site-packages/airflow/example_dags/example_trigger_controller_dag.py took 0.045 seconds
[2025-12-27T03:05:03.158+0000] {processor.py:161} INFO - Started process (PID=26424) to work on /workspaces/Airflow-domain-etl/venv/lib/python3.10/site-packages/airflow/example_dags/example_trigger_controller_dag.py
[2025-12-27T03:05:03.159+0000] {processor.py:830} INFO - Processing file /workspaces/Airflow-domain-etl/venv/lib/python3.10/site-packages/airflow/example_dags/example_trigger_controller_dag.py for tasks to queue
[2025-12-27T03:05:03.160+0000] {logging_mixin.py:188} INFO - [2025-12-27T03:05:03.159+0000] {dagbag.py:538} INFO - Filling up the DagBag from /workspaces/Airflow-domain-etl/venv/lib/python3.10/site-packages/airflow/example_dags/example_trigger_controller_dag.py
[2025-12-27T03:05:03.163+0000] {processor.py:840} INFO - DAG(s) 'example_trigger_controller_dag' retrieved from /workspaces/Airflow-domain-etl/venv/lib/python3.10/site-packages/airflow/example_dags/example_trigger_controller_dag.py
[2025-12-27T03:05:03.173+0000] {logging_mixin.py:188} INFO - [2025-12-27T03:05:03.173+0000] {dag.py:3036} INFO - Sync 1 DAGs
[2025-12-27T03:05:03.187+0000] {logging_mixin.py:188} INFO - [2025-12-27T03:05:03.187+0000] {dag.py:3823} INFO - Setting next_dagrun for example_trigger_controller_dag to 2021-01-01 00:00:00+00:00, run_after=2021-01-01 00:00:00+00:00
[2025-12-27T03:05:03.201+0000] {processor.py:183} INFO - Processing /workspaces/Airflow-domain-etl/venv/lib/python3.10/site-packages/airflow/example_dags/example_trigger_controller_dag.py took 0.045 seconds
[2025-12-27T03:05:52.835+0000] {processor.py:161} INFO - Started process (PID=26959) to work on /workspaces/Airflow-domain-etl/venv/lib/python3.10/site-packages/airflow/example_dags/example_trigger_controller_dag.py
[2025-12-27T03:05:52.836+0000] {processor.py:830} INFO - Processing file /workspaces/Airflow-domain-etl/venv/lib/python3.10/site-packages/airflow/example_dags/example_trigger_controller_dag.py for tasks to queue
[2025-12-27T03:05:52.837+0000] {logging_mixin.py:188} INFO - [2025-12-27T03:05:52.836+0000] {dagbag.py:538} INFO - Filling up the DagBag from /workspaces/Airflow-domain-etl/venv/lib/python3.10/site-packages/airflow/example_dags/example_trigger_controller_dag.py
[2025-12-27T03:05:52.845+0000] {processor.py:840} INFO - DAG(s) 'example_trigger_controller_dag' retrieved from /workspaces/Airflow-domain-etl/venv/lib/python3.10/site-packages/airflow/example_dags/example_trigger_controller_dag.py
[2025-12-27T03:05:52.858+0000] {logging_mixin.py:188} INFO - [2025-12-27T03:05:52.858+0000] {dag.py:3036} INFO - Sync 1 DAGs
[2025-12-27T03:05:52.872+0000] {logging_mixin.py:188} INFO - [2025-12-27T03:05:52.872+0000] {dag.py:3823} INFO - Setting next_dagrun for example_trigger_controller_dag to 2021-01-01 00:00:00+00:00, run_after=2021-01-01 00:00:00+00:00
[2025-12-27T03:05:52.887+0000] {processor.py:183} INFO - Processing /workspaces/Airflow-domain-etl/venv/lib/python3.10/site-packages/airflow/example_dags/example_trigger_controller_dag.py took 0.055 seconds
[2025-12-27T03:06:30.502+0000] {processor.py:161} INFO - Started process (PID=27410) to work on /workspaces/Airflow-domain-etl/venv/lib/python3.10/site-packages/airflow/example_dags/example_trigger_controller_dag.py
[2025-12-27T03:06:30.502+0000] {processor.py:830} INFO - Processing file /workspaces/Airflow-domain-etl/venv/lib/python3.10/site-packages/airflow/example_dags/example_trigger_controller_dag.py for tasks to queue
[2025-12-27T03:06:30.503+0000] {logging_mixin.py:188} INFO - [2025-12-27T03:06:30.503+0000] {dagbag.py:538} INFO - Filling up the DagBag from /workspaces/Airflow-domain-etl/venv/lib/python3.10/site-packages/airflow/example_dags/example_trigger_controller_dag.py
[2025-12-27T03:06:30.507+0000] {processor.py:840} INFO - DAG(s) 'example_trigger_controller_dag' retrieved from /workspaces/Airflow-domain-etl/venv/lib/python3.10/site-packages/airflow/example_dags/example_trigger_controller_dag.py
[2025-12-27T03:06:30.517+0000] {logging_mixin.py:188} INFO - [2025-12-27T03:06:30.516+0000] {dag.py:3036} INFO - Sync 1 DAGs
[2025-12-27T03:06:30.529+0000] {logging_mixin.py:188} INFO - [2025-12-27T03:06:30.529+0000] {dag.py:3823} INFO - Setting next_dagrun for example_trigger_controller_dag to 2021-01-01 00:00:00+00:00, run_after=2021-01-01 00:00:00+00:00
[2025-12-27T03:06:30.544+0000] {processor.py:183} INFO - Processing /workspaces/Airflow-domain-etl/venv/lib/python3.10/site-packages/airflow/example_dags/example_trigger_controller_dag.py took 0.044 seconds
