[2025-12-27T03:04:04.798+0000] {processor.py:161} INFO - Started process (PID=25869) to work on /workspaces/Airflow-domain-etl/venv/lib/python3.10/site-packages/airflow/example_dags/example_branch_datetime_operator.py
[2025-12-27T03:04:04.799+0000] {processor.py:830} INFO - Processing file /workspaces/Airflow-domain-etl/venv/lib/python3.10/site-packages/airflow/example_dags/example_branch_datetime_operator.py for tasks to queue
[2025-12-27T03:04:04.799+0000] {logging_mixin.py:188} INFO - [2025-12-27T03:04:04.799+0000] {dagbag.py:538} INFO - Filling up the DagBag from /workspaces/Airflow-domain-etl/venv/lib/python3.10/site-packages/airflow/example_dags/example_branch_datetime_operator.py
[2025-12-27T03:04:04.807+0000] {processor.py:840} INFO - DAG(s) 'example_branch_datetime_operator', 'example_branch_datetime_operator_2', 'example_branch_datetime_operator_3' retrieved from /workspaces/Airflow-domain-etl/venv/lib/python3.10/site-packages/airflow/example_dags/example_branch_datetime_operator.py
[2025-12-27T03:04:04.880+0000] {logging_mixin.py:188} INFO - [2025-12-27T03:04:04.880+0000] {override.py:1769} INFO - Created Permission View: can delete on DAG:example_branch_datetime_operator
[2025-12-27T03:04:04.888+0000] {logging_mixin.py:188} INFO - [2025-12-27T03:04:04.888+0000] {override.py:1769} INFO - Created Permission View: can edit on DAG:example_branch_datetime_operator
[2025-12-27T03:04:04.894+0000] {logging_mixin.py:188} INFO - [2025-12-27T03:04:04.894+0000] {override.py:1769} INFO - Created Permission View: can read on DAG:example_branch_datetime_operator
[2025-12-27T03:04:04.908+0000] {logging_mixin.py:188} INFO - [2025-12-27T03:04:04.908+0000] {override.py:1769} INFO - Created Permission View: can delete on DAG:example_branch_datetime_operator_2
[2025-12-27T03:04:04.914+0000] {logging_mixin.py:188} INFO - [2025-12-27T03:04:04.914+0000] {override.py:1769} INFO - Created Permission View: can edit on DAG:example_branch_datetime_operator_2
[2025-12-27T03:04:04.921+0000] {logging_mixin.py:188} INFO - [2025-12-27T03:04:04.920+0000] {override.py:1769} INFO - Created Permission View: can read on DAG:example_branch_datetime_operator_2
[2025-12-27T03:04:04.934+0000] {logging_mixin.py:188} INFO - [2025-12-27T03:04:04.934+0000] {override.py:1769} INFO - Created Permission View: can delete on DAG:example_branch_datetime_operator_3
[2025-12-27T03:04:04.941+0000] {logging_mixin.py:188} INFO - [2025-12-27T03:04:04.940+0000] {override.py:1769} INFO - Created Permission View: can edit on DAG:example_branch_datetime_operator_3
[2025-12-27T03:04:04.947+0000] {logging_mixin.py:188} INFO - [2025-12-27T03:04:04.947+0000] {override.py:1769} INFO - Created Permission View: can read on DAG:example_branch_datetime_operator_3
[2025-12-27T03:04:04.947+0000] {logging_mixin.py:188} INFO - [2025-12-27T03:04:04.947+0000] {dag.py:3036} INFO - Sync 3 DAGs
[2025-12-27T03:04:04.955+0000] {logging_mixin.py:188} INFO - [2025-12-27T03:04:04.955+0000] {dag.py:3058} INFO - Creating ORM DAG for example_branch_datetime_operator
[2025-12-27T03:04:04.955+0000] {logging_mixin.py:188} INFO - [2025-12-27T03:04:04.955+0000] {dag.py:3058} INFO - Creating ORM DAG for example_branch_datetime_operator_2
[2025-12-27T03:04:04.956+0000] {logging_mixin.py:188} INFO - [2025-12-27T03:04:04.955+0000] {dag.py:3058} INFO - Creating ORM DAG for example_branch_datetime_operator_3
[2025-12-27T03:04:04.962+0000] {logging_mixin.py:188} INFO - [2025-12-27T03:04:04.962+0000] {dag.py:3823} INFO - Setting next_dagrun for example_branch_datetime_operator to 2025-12-26 00:00:00+00:00, run_after=2025-12-27 00:00:00+00:00
[2025-12-27T03:04:04.963+0000] {logging_mixin.py:188} INFO - [2025-12-27T03:04:04.963+0000] {dag.py:3823} INFO - Setting next_dagrun for example_branch_datetime_operator_2 to 2025-12-26 00:00:00+00:00, run_after=2025-12-27 00:00:00+00:00
[2025-12-27T03:04:04.965+0000] {logging_mixin.py:188} INFO - [2025-12-27T03:04:04.965+0000] {dag.py:3823} INFO - Setting next_dagrun for example_branch_datetime_operator_3 to 2025-12-26 00:00:00+00:00, run_after=2025-12-27 00:00:00+00:00
[2025-12-27T03:04:04.982+0000] {processor.py:183} INFO - Processing /workspaces/Airflow-domain-etl/venv/lib/python3.10/site-packages/airflow/example_dags/example_branch_datetime_operator.py took 0.186 seconds
[2025-12-27T03:04:55.151+0000] {processor.py:161} INFO - Started process (PID=26359) to work on /workspaces/Airflow-domain-etl/venv/lib/python3.10/site-packages/airflow/example_dags/example_branch_datetime_operator.py
[2025-12-27T03:04:55.151+0000] {processor.py:830} INFO - Processing file /workspaces/Airflow-domain-etl/venv/lib/python3.10/site-packages/airflow/example_dags/example_branch_datetime_operator.py for tasks to queue
[2025-12-27T03:04:55.152+0000] {logging_mixin.py:188} INFO - [2025-12-27T03:04:55.152+0000] {dagbag.py:538} INFO - Filling up the DagBag from /workspaces/Airflow-domain-etl/venv/lib/python3.10/site-packages/airflow/example_dags/example_branch_datetime_operator.py
[2025-12-27T03:04:55.159+0000] {processor.py:840} INFO - DAG(s) 'example_branch_datetime_operator_3', 'example_branch_datetime_operator_2', 'example_branch_datetime_operator' retrieved from /workspaces/Airflow-domain-etl/venv/lib/python3.10/site-packages/airflow/example_dags/example_branch_datetime_operator.py
[2025-12-27T03:04:55.174+0000] {logging_mixin.py:188} INFO - [2025-12-27T03:04:55.174+0000] {dag.py:3036} INFO - Sync 3 DAGs
[2025-12-27T03:04:55.188+0000] {logging_mixin.py:188} INFO - [2025-12-27T03:04:55.188+0000] {dag.py:3823} INFO - Setting next_dagrun for example_branch_datetime_operator to 2025-12-26 00:00:00+00:00, run_after=2025-12-27 00:00:00+00:00
[2025-12-27T03:04:55.191+0000] {logging_mixin.py:188} INFO - [2025-12-27T03:04:55.191+0000] {dag.py:3823} INFO - Setting next_dagrun for example_branch_datetime_operator_2 to 2025-12-26 00:00:00+00:00, run_after=2025-12-27 00:00:00+00:00
[2025-12-27T03:04:55.193+0000] {logging_mixin.py:188} INFO - [2025-12-27T03:04:55.193+0000] {dag.py:3823} INFO - Setting next_dagrun for example_branch_datetime_operator_3 to 2025-12-26 00:00:00+00:00, run_after=2025-12-27 00:00:00+00:00
[2025-12-27T03:04:55.206+0000] {processor.py:183} INFO - Processing /workspaces/Airflow-domain-etl/venv/lib/python3.10/site-packages/airflow/example_dags/example_branch_datetime_operator.py took 0.057 seconds
[2025-12-27T03:05:45.446+0000] {processor.py:161} INFO - Started process (PID=26869) to work on /workspaces/Airflow-domain-etl/venv/lib/python3.10/site-packages/airflow/example_dags/example_branch_datetime_operator.py
[2025-12-27T03:05:45.447+0000] {processor.py:830} INFO - Processing file /workspaces/Airflow-domain-etl/venv/lib/python3.10/site-packages/airflow/example_dags/example_branch_datetime_operator.py for tasks to queue
[2025-12-27T03:05:45.448+0000] {logging_mixin.py:188} INFO - [2025-12-27T03:05:45.448+0000] {dagbag.py:538} INFO - Filling up the DagBag from /workspaces/Airflow-domain-etl/venv/lib/python3.10/site-packages/airflow/example_dags/example_branch_datetime_operator.py
[2025-12-27T03:05:45.455+0000] {processor.py:840} INFO - DAG(s) 'example_branch_datetime_operator', 'example_branch_datetime_operator_2', 'example_branch_datetime_operator_3' retrieved from /workspaces/Airflow-domain-etl/venv/lib/python3.10/site-packages/airflow/example_dags/example_branch_datetime_operator.py
[2025-12-27T03:05:45.470+0000] {logging_mixin.py:188} INFO - [2025-12-27T03:05:45.470+0000] {dag.py:3036} INFO - Sync 3 DAGs
[2025-12-27T03:05:45.484+0000] {logging_mixin.py:188} INFO - [2025-12-27T03:05:45.484+0000] {dag.py:3823} INFO - Setting next_dagrun for example_branch_datetime_operator to 2025-12-26 00:00:00+00:00, run_after=2025-12-27 00:00:00+00:00
[2025-12-27T03:05:45.487+0000] {logging_mixin.py:188} INFO - [2025-12-27T03:05:45.487+0000] {dag.py:3823} INFO - Setting next_dagrun for example_branch_datetime_operator_2 to 2025-12-26 00:00:00+00:00, run_after=2025-12-27 00:00:00+00:00
[2025-12-27T03:05:45.488+0000] {logging_mixin.py:188} INFO - [2025-12-27T03:05:45.488+0000] {dag.py:3823} INFO - Setting next_dagrun for example_branch_datetime_operator_3 to 2025-12-26 00:00:00+00:00, run_after=2025-12-27 00:00:00+00:00
[2025-12-27T03:05:45.502+0000] {processor.py:183} INFO - Processing /workspaces/Airflow-domain-etl/venv/lib/python3.10/site-packages/airflow/example_dags/example_branch_datetime_operator.py took 0.058 seconds
[2025-12-27T03:06:43.273+0000] {processor.py:161} INFO - Started process (PID=27582) to work on /workspaces/Airflow-domain-etl/venv/lib/python3.10/site-packages/airflow/example_dags/example_branch_datetime_operator.py
[2025-12-27T03:06:43.273+0000] {processor.py:830} INFO - Processing file /workspaces/Airflow-domain-etl/venv/lib/python3.10/site-packages/airflow/example_dags/example_branch_datetime_operator.py for tasks to queue
[2025-12-27T03:06:43.274+0000] {logging_mixin.py:188} INFO - [2025-12-27T03:06:43.274+0000] {dagbag.py:538} INFO - Filling up the DagBag from /workspaces/Airflow-domain-etl/venv/lib/python3.10/site-packages/airflow/example_dags/example_branch_datetime_operator.py
[2025-12-27T03:06:43.281+0000] {processor.py:840} INFO - DAG(s) 'example_branch_datetime_operator_2', 'example_branch_datetime_operator_3', 'example_branch_datetime_operator' retrieved from /workspaces/Airflow-domain-etl/venv/lib/python3.10/site-packages/airflow/example_dags/example_branch_datetime_operator.py
[2025-12-27T03:06:43.296+0000] {logging_mixin.py:188} INFO - [2025-12-27T03:06:43.296+0000] {dag.py:3036} INFO - Sync 3 DAGs
[2025-12-27T03:06:43.310+0000] {logging_mixin.py:188} INFO - [2025-12-27T03:06:43.310+0000] {dag.py:3823} INFO - Setting next_dagrun for example_branch_datetime_operator to 2025-12-26 00:00:00+00:00, run_after=2025-12-27 00:00:00+00:00
[2025-12-27T03:06:43.313+0000] {logging_mixin.py:188} INFO - [2025-12-27T03:06:43.313+0000] {dag.py:3823} INFO - Setting next_dagrun for example_branch_datetime_operator_2 to 2025-12-26 00:00:00+00:00, run_after=2025-12-27 00:00:00+00:00
[2025-12-27T03:06:43.315+0000] {logging_mixin.py:188} INFO - [2025-12-27T03:06:43.315+0000] {dag.py:3823} INFO - Setting next_dagrun for example_branch_datetime_operator_3 to 2025-12-26 00:00:00+00:00, run_after=2025-12-27 00:00:00+00:00
[2025-12-27T03:06:43.328+0000] {processor.py:183} INFO - Processing /workspaces/Airflow-domain-etl/venv/lib/python3.10/site-packages/airflow/example_dags/example_branch_datetime_operator.py took 0.057 seconds
