[2025-12-27T03:03:42.710+0000] {processor.py:161} INFO - Started process (PID=25605) to work on /workspaces/Airflow-domain-etl/venv/lib/python3.10/site-packages/airflow/example_dags/example_sensor_decorator.py
[2025-12-27T03:03:42.711+0000] {processor.py:830} INFO - Processing file /workspaces/Airflow-domain-etl/venv/lib/python3.10/site-packages/airflow/example_dags/example_sensor_decorator.py for tasks to queue
[2025-12-27T03:03:42.712+0000] {logging_mixin.py:188} INFO - [2025-12-27T03:03:42.711+0000] {dagbag.py:538} INFO - Filling up the DagBag from /workspaces/Airflow-domain-etl/venv/lib/python3.10/site-packages/airflow/example_dags/example_sensor_decorator.py
[2025-12-27T03:03:42.716+0000] {processor.py:840} INFO - DAG(s) 'example_sensor_decorator' retrieved from /workspaces/Airflow-domain-etl/venv/lib/python3.10/site-packages/airflow/example_dags/example_sensor_decorator.py
[2025-12-27T03:03:42.789+0000] {logging_mixin.py:188} INFO - [2025-12-27T03:03:42.789+0000] {override.py:1769} INFO - Created Permission View: can delete on DAG:example_sensor_decorator
[2025-12-27T03:03:42.798+0000] {logging_mixin.py:188} INFO - [2025-12-27T03:03:42.797+0000] {override.py:1769} INFO - Created Permission View: can edit on DAG:example_sensor_decorator
[2025-12-27T03:03:42.804+0000] {logging_mixin.py:188} INFO - [2025-12-27T03:03:42.804+0000] {override.py:1769} INFO - Created Permission View: can read on DAG:example_sensor_decorator
[2025-12-27T03:03:42.804+0000] {logging_mixin.py:188} INFO - [2025-12-27T03:03:42.804+0000] {dag.py:3036} INFO - Sync 1 DAGs
[2025-12-27T03:03:42.812+0000] {logging_mixin.py:188} INFO - [2025-12-27T03:03:42.812+0000] {dag.py:3058} INFO - Creating ORM DAG for example_sensor_decorator
[2025-12-27T03:03:42.813+0000] {logging_mixin.py:188} INFO - [2025-12-27T03:03:42.813+0000] {dag.py:3823} INFO - Setting next_dagrun for example_sensor_decorator to None, run_after=None
[2025-12-27T03:03:42.827+0000] {processor.py:183} INFO - Processing /workspaces/Airflow-domain-etl/venv/lib/python3.10/site-packages/airflow/example_dags/example_sensor_decorator.py took 0.119 seconds
[2025-12-27T03:04:30.320+0000] {processor.py:161} INFO - Started process (PID=26168) to work on /workspaces/Airflow-domain-etl/venv/lib/python3.10/site-packages/airflow/example_dags/example_sensor_decorator.py
[2025-12-27T03:04:30.320+0000] {processor.py:830} INFO - Processing file /workspaces/Airflow-domain-etl/venv/lib/python3.10/site-packages/airflow/example_dags/example_sensor_decorator.py for tasks to queue
[2025-12-27T03:04:30.321+0000] {logging_mixin.py:188} INFO - [2025-12-27T03:04:30.321+0000] {dagbag.py:538} INFO - Filling up the DagBag from /workspaces/Airflow-domain-etl/venv/lib/python3.10/site-packages/airflow/example_dags/example_sensor_decorator.py
[2025-12-27T03:04:30.325+0000] {processor.py:840} INFO - DAG(s) 'example_sensor_decorator' retrieved from /workspaces/Airflow-domain-etl/venv/lib/python3.10/site-packages/airflow/example_dags/example_sensor_decorator.py
[2025-12-27T03:04:30.335+0000] {logging_mixin.py:188} INFO - [2025-12-27T03:04:30.335+0000] {dag.py:3036} INFO - Sync 1 DAGs
[2025-12-27T03:04:30.343+0000] {logging_mixin.py:188} INFO - [2025-12-27T03:04:30.343+0000] {dag.py:3823} INFO - Setting next_dagrun for example_sensor_decorator to None, run_after=None
[2025-12-27T03:04:30.357+0000] {processor.py:183} INFO - Processing /workspaces/Airflow-domain-etl/venv/lib/python3.10/site-packages/airflow/example_dags/example_sensor_decorator.py took 0.040 seconds
[2025-12-27T03:05:18.495+0000] {processor.py:161} INFO - Started process (PID=26541) to work on /workspaces/Airflow-domain-etl/venv/lib/python3.10/site-packages/airflow/example_dags/example_sensor_decorator.py
[2025-12-27T03:05:18.495+0000] {processor.py:830} INFO - Processing file /workspaces/Airflow-domain-etl/venv/lib/python3.10/site-packages/airflow/example_dags/example_sensor_decorator.py for tasks to queue
[2025-12-27T03:05:18.496+0000] {logging_mixin.py:188} INFO - [2025-12-27T03:05:18.496+0000] {dagbag.py:538} INFO - Filling up the DagBag from /workspaces/Airflow-domain-etl/venv/lib/python3.10/site-packages/airflow/example_dags/example_sensor_decorator.py
[2025-12-27T03:05:18.501+0000] {processor.py:840} INFO - DAG(s) 'example_sensor_decorator' retrieved from /workspaces/Airflow-domain-etl/venv/lib/python3.10/site-packages/airflow/example_dags/example_sensor_decorator.py
[2025-12-27T03:05:18.511+0000] {logging_mixin.py:188} INFO - [2025-12-27T03:05:18.511+0000] {dag.py:3036} INFO - Sync 1 DAGs
[2025-12-27T03:05:18.518+0000] {logging_mixin.py:188} INFO - [2025-12-27T03:05:18.518+0000] {dag.py:3823} INFO - Setting next_dagrun for example_sensor_decorator to None, run_after=None
[2025-12-27T03:05:18.533+0000] {processor.py:183} INFO - Processing /workspaces/Airflow-domain-etl/venv/lib/python3.10/site-packages/airflow/example_dags/example_sensor_decorator.py took 0.040 seconds
[2025-12-27T03:06:14.407+0000] {processor.py:161} INFO - Started process (PID=27258) to work on /workspaces/Airflow-domain-etl/venv/lib/python3.10/site-packages/airflow/example_dags/example_sensor_decorator.py
[2025-12-27T03:06:14.408+0000] {processor.py:830} INFO - Processing file /workspaces/Airflow-domain-etl/venv/lib/python3.10/site-packages/airflow/example_dags/example_sensor_decorator.py for tasks to queue
[2025-12-27T03:06:14.409+0000] {logging_mixin.py:188} INFO - [2025-12-27T03:06:14.408+0000] {dagbag.py:538} INFO - Filling up the DagBag from /workspaces/Airflow-domain-etl/venv/lib/python3.10/site-packages/airflow/example_dags/example_sensor_decorator.py
[2025-12-27T03:06:14.413+0000] {processor.py:840} INFO - DAG(s) 'example_sensor_decorator' retrieved from /workspaces/Airflow-domain-etl/venv/lib/python3.10/site-packages/airflow/example_dags/example_sensor_decorator.py
[2025-12-27T03:06:14.423+0000] {logging_mixin.py:188} INFO - [2025-12-27T03:06:14.423+0000] {dag.py:3036} INFO - Sync 1 DAGs
[2025-12-27T03:06:14.431+0000] {logging_mixin.py:188} INFO - [2025-12-27T03:06:14.431+0000] {dag.py:3823} INFO - Setting next_dagrun for example_sensor_decorator to None, run_after=None
[2025-12-27T03:06:14.448+0000] {processor.py:183} INFO - Processing /workspaces/Airflow-domain-etl/venv/lib/python3.10/site-packages/airflow/example_dags/example_sensor_decorator.py took 0.043 seconds
