[2025-12-27T03:03:59.946+0000] {processor.py:161} INFO - Started process (PID=25815) to work on /workspaces/Airflow-domain-etl/venv/lib/python3.10/site-packages/airflow/example_dags/example_branch_operator_decorator.py
[2025-12-27T03:03:59.947+0000] {processor.py:830} INFO - Processing file /workspaces/Airflow-domain-etl/venv/lib/python3.10/site-packages/airflow/example_dags/example_branch_operator_decorator.py for tasks to queue
[2025-12-27T03:03:59.948+0000] {logging_mixin.py:188} INFO - [2025-12-27T03:03:59.948+0000] {dagbag.py:538} INFO - Filling up the DagBag from /workspaces/Airflow-domain-etl/venv/lib/python3.10/site-packages/airflow/example_dags/example_branch_operator_decorator.py
[2025-12-27T03:03:59.972+0000] {processor.py:840} INFO - DAG(s) 'example_branch_python_operator_decorator' retrieved from /workspaces/Airflow-domain-etl/venv/lib/python3.10/site-packages/airflow/example_dags/example_branch_operator_decorator.py
[2025-12-27T03:04:00.050+0000] {logging_mixin.py:188} INFO - [2025-12-27T03:04:00.050+0000] {override.py:1769} INFO - Created Permission View: can delete on DAG:example_branch_python_operator_decorator
[2025-12-27T03:04:00.059+0000] {logging_mixin.py:188} INFO - [2025-12-27T03:04:00.058+0000] {override.py:1769} INFO - Created Permission View: can edit on DAG:example_branch_python_operator_decorator
[2025-12-27T03:04:00.065+0000] {logging_mixin.py:188} INFO - [2025-12-27T03:04:00.065+0000] {override.py:1769} INFO - Created Permission View: can read on DAG:example_branch_python_operator_decorator
[2025-12-27T03:04:00.065+0000] {logging_mixin.py:188} INFO - [2025-12-27T03:04:00.065+0000] {dag.py:3036} INFO - Sync 1 DAGs
[2025-12-27T03:04:00.072+0000] {logging_mixin.py:188} INFO - [2025-12-27T03:04:00.072+0000] {dag.py:3058} INFO - Creating ORM DAG for example_branch_python_operator_decorator
[2025-12-27T03:04:00.080+0000] {logging_mixin.py:188} INFO - [2025-12-27T03:04:00.080+0000] {dag.py:3823} INFO - Setting next_dagrun for example_branch_python_operator_decorator to 2025-12-26 00:00:00+00:00, run_after=2025-12-27 00:00:00+00:00
[2025-12-27T03:04:00.101+0000] {processor.py:183} INFO - Processing /workspaces/Airflow-domain-etl/venv/lib/python3.10/site-packages/airflow/example_dags/example_branch_operator_decorator.py took 0.158 seconds
[2025-12-27T03:04:51.143+0000] {processor.py:161} INFO - Started process (PID=26333) to work on /workspaces/Airflow-domain-etl/venv/lib/python3.10/site-packages/airflow/example_dags/example_branch_operator_decorator.py
[2025-12-27T03:04:51.143+0000] {processor.py:830} INFO - Processing file /workspaces/Airflow-domain-etl/venv/lib/python3.10/site-packages/airflow/example_dags/example_branch_operator_decorator.py for tasks to queue
[2025-12-27T03:04:51.144+0000] {logging_mixin.py:188} INFO - [2025-12-27T03:04:51.144+0000] {dagbag.py:538} INFO - Filling up the DagBag from /workspaces/Airflow-domain-etl/venv/lib/python3.10/site-packages/airflow/example_dags/example_branch_operator_decorator.py
[2025-12-27T03:04:51.160+0000] {processor.py:840} INFO - DAG(s) 'example_branch_python_operator_decorator' retrieved from /workspaces/Airflow-domain-etl/venv/lib/python3.10/site-packages/airflow/example_dags/example_branch_operator_decorator.py
[2025-12-27T03:04:51.175+0000] {logging_mixin.py:188} INFO - [2025-12-27T03:04:51.175+0000] {dag.py:3036} INFO - Sync 1 DAGs
[2025-12-27T03:04:51.189+0000] {logging_mixin.py:188} INFO - [2025-12-27T03:04:51.189+0000] {dag.py:3823} INFO - Setting next_dagrun for example_branch_python_operator_decorator to 2025-12-26 00:00:00+00:00, run_after=2025-12-27 00:00:00+00:00
[2025-12-27T03:04:51.204+0000] {processor.py:183} INFO - Processing /workspaces/Airflow-domain-etl/venv/lib/python3.10/site-packages/airflow/example_dags/example_branch_operator_decorator.py took 0.063 seconds
[2025-12-27T03:05:41.449+0000] {processor.py:161} INFO - Started process (PID=26822) to work on /workspaces/Airflow-domain-etl/venv/lib/python3.10/site-packages/airflow/example_dags/example_branch_operator_decorator.py
[2025-12-27T03:05:41.450+0000] {processor.py:830} INFO - Processing file /workspaces/Airflow-domain-etl/venv/lib/python3.10/site-packages/airflow/example_dags/example_branch_operator_decorator.py for tasks to queue
[2025-12-27T03:05:41.451+0000] {logging_mixin.py:188} INFO - [2025-12-27T03:05:41.451+0000] {dagbag.py:538} INFO - Filling up the DagBag from /workspaces/Airflow-domain-etl/venv/lib/python3.10/site-packages/airflow/example_dags/example_branch_operator_decorator.py
[2025-12-27T03:05:41.473+0000] {processor.py:840} INFO - DAG(s) 'example_branch_python_operator_decorator' retrieved from /workspaces/Airflow-domain-etl/venv/lib/python3.10/site-packages/airflow/example_dags/example_branch_operator_decorator.py
[2025-12-27T03:05:41.489+0000] {logging_mixin.py:188} INFO - [2025-12-27T03:05:41.488+0000] {dag.py:3036} INFO - Sync 1 DAGs
[2025-12-27T03:05:41.502+0000] {logging_mixin.py:188} INFO - [2025-12-27T03:05:41.502+0000] {dag.py:3823} INFO - Setting next_dagrun for example_branch_python_operator_decorator to 2025-12-26 00:00:00+00:00, run_after=2025-12-27 00:00:00+00:00
[2025-12-27T03:05:41.522+0000] {processor.py:183} INFO - Processing /workspaces/Airflow-domain-etl/venv/lib/python3.10/site-packages/airflow/example_dags/example_branch_operator_decorator.py took 0.075 seconds
[2025-12-27T03:06:38.743+0000] {processor.py:161} INFO - Started process (PID=27511) to work on /workspaces/Airflow-domain-etl/venv/lib/python3.10/site-packages/airflow/example_dags/example_branch_operator_decorator.py
[2025-12-27T03:06:38.744+0000] {processor.py:830} INFO - Processing file /workspaces/Airflow-domain-etl/venv/lib/python3.10/site-packages/airflow/example_dags/example_branch_operator_decorator.py for tasks to queue
[2025-12-27T03:06:38.744+0000] {logging_mixin.py:188} INFO - [2025-12-27T03:06:38.744+0000] {dagbag.py:538} INFO - Filling up the DagBag from /workspaces/Airflow-domain-etl/venv/lib/python3.10/site-packages/airflow/example_dags/example_branch_operator_decorator.py
[2025-12-27T03:06:38.767+0000] {processor.py:840} INFO - DAG(s) 'example_branch_python_operator_decorator' retrieved from /workspaces/Airflow-domain-etl/venv/lib/python3.10/site-packages/airflow/example_dags/example_branch_operator_decorator.py
[2025-12-27T03:06:38.784+0000] {logging_mixin.py:188} INFO - [2025-12-27T03:06:38.784+0000] {dag.py:3036} INFO - Sync 1 DAGs
[2025-12-27T03:06:38.798+0000] {logging_mixin.py:188} INFO - [2025-12-27T03:06:38.798+0000] {dag.py:3823} INFO - Setting next_dagrun for example_branch_python_operator_decorator to 2025-12-26 00:00:00+00:00, run_after=2025-12-27 00:00:00+00:00
[2025-12-27T03:06:38.812+0000] {processor.py:183} INFO - Processing /workspaces/Airflow-domain-etl/venv/lib/python3.10/site-packages/airflow/example_dags/example_branch_operator_decorator.py took 0.071 seconds
