[2025-12-27T03:03:32.235+0000] {processor.py:161} INFO - Started process (PID=25145) to work on /workspaces/Airflow-domain-etl/venv/lib/python3.10/site-packages/airflow/example_dags/example_subdag_operator.py
[2025-12-27T03:03:32.236+0000] {processor.py:830} INFO - Processing file /workspaces/Airflow-domain-etl/venv/lib/python3.10/site-packages/airflow/example_dags/example_subdag_operator.py for tasks to queue
[2025-12-27T03:03:32.237+0000] {logging_mixin.py:188} INFO - [2025-12-27T03:03:32.236+0000] {dagbag.py:538} INFO - Filling up the DagBag from /workspaces/Airflow-domain-etl/venv/lib/python3.10/site-packages/airflow/example_dags/example_subdag_operator.py
[2025-12-27T03:03:32.249+0000] {processor.py:840} INFO - DAG(s) 'example_subdag_operator.section-1', 'example_subdag_operator.section-2', 'example_subdag_operator' retrieved from /workspaces/Airflow-domain-etl/venv/lib/python3.10/site-packages/airflow/example_dags/example_subdag_operator.py
[2025-12-27T03:03:32.322+0000] {logging_mixin.py:188} INFO - [2025-12-27T03:03:32.321+0000] {override.py:1769} INFO - Created Permission View: can delete on DAG:example_subdag_operator
[2025-12-27T03:03:32.330+0000] {logging_mixin.py:188} INFO - [2025-12-27T03:03:32.330+0000] {override.py:1769} INFO - Created Permission View: can edit on DAG:example_subdag_operator
[2025-12-27T03:03:32.336+0000] {logging_mixin.py:188} INFO - [2025-12-27T03:03:32.336+0000] {override.py:1769} INFO - Created Permission View: can read on DAG:example_subdag_operator
[2025-12-27T03:03:32.336+0000] {logging_mixin.py:188} INFO - [2025-12-27T03:03:32.336+0000] {dag.py:3036} INFO - Sync 3 DAGs
[2025-12-27T03:03:32.343+0000] {logging_mixin.py:188} INFO - [2025-12-27T03:03:32.343+0000] {dag.py:3058} INFO - Creating ORM DAG for example_subdag_operator.section-2
[2025-12-27T03:03:32.344+0000] {logging_mixin.py:188} INFO - [2025-12-27T03:03:32.344+0000] {dag.py:3058} INFO - Creating ORM DAG for example_subdag_operator
[2025-12-27T03:03:32.344+0000] {logging_mixin.py:188} INFO - [2025-12-27T03:03:32.344+0000] {dag.py:3058} INFO - Creating ORM DAG for example_subdag_operator.section-1
[2025-12-27T03:03:32.351+0000] {logging_mixin.py:188} INFO - [2025-12-27T03:03:32.351+0000] {dag.py:3823} INFO - Setting next_dagrun for example_subdag_operator to 2022-01-01 00:00:00+00:00, run_after=2022-01-01 00:00:00+00:00
[2025-12-27T03:03:32.352+0000] {logging_mixin.py:188} INFO - [2025-12-27T03:03:32.352+0000] {dag.py:3823} INFO - Setting next_dagrun for example_subdag_operator.section-1 to None, run_after=None
[2025-12-27T03:03:32.352+0000] {logging_mixin.py:188} INFO - [2025-12-27T03:03:32.352+0000] {dag.py:3823} INFO - Setting next_dagrun for example_subdag_operator.section-2 to None, run_after=None
[2025-12-27T03:03:32.357+0000] {logging_mixin.py:188} INFO - [2025-12-27T03:03:32.357+0000] {dag.py:3036} INFO - Sync 2 DAGs
[2025-12-27T03:03:32.360+0000] {logging_mixin.py:188} INFO - [2025-12-27T03:03:32.359+0000] {dag.py:3823} INFO - Setting next_dagrun for example_subdag_operator.section-1 to None, run_after=None
[2025-12-27T03:03:32.361+0000] {logging_mixin.py:188} INFO - [2025-12-27T03:03:32.361+0000] {dag.py:3823} INFO - Setting next_dagrun for example_subdag_operator.section-2 to None, run_after=None
[2025-12-27T03:03:32.373+0000] {processor.py:183} INFO - Processing /workspaces/Airflow-domain-etl/venv/lib/python3.10/site-packages/airflow/example_dags/example_subdag_operator.py took 0.140 seconds
[2025-12-27T03:04:21.282+0000] {processor.py:161} INFO - Started process (PID=26075) to work on /workspaces/Airflow-domain-etl/venv/lib/python3.10/site-packages/airflow/example_dags/example_subdag_operator.py
[2025-12-27T03:04:21.283+0000] {processor.py:830} INFO - Processing file /workspaces/Airflow-domain-etl/venv/lib/python3.10/site-packages/airflow/example_dags/example_subdag_operator.py for tasks to queue
[2025-12-27T03:04:21.284+0000] {logging_mixin.py:188} INFO - [2025-12-27T03:04:21.283+0000] {dagbag.py:538} INFO - Filling up the DagBag from /workspaces/Airflow-domain-etl/venv/lib/python3.10/site-packages/airflow/example_dags/example_subdag_operator.py
[2025-12-27T03:04:21.303+0000] {processor.py:840} INFO - DAG(s) 'example_subdag_operator.section-1', 'example_subdag_operator.section-2', 'example_subdag_operator' retrieved from /workspaces/Airflow-domain-etl/venv/lib/python3.10/site-packages/airflow/example_dags/example_subdag_operator.py
[2025-12-27T03:04:21.318+0000] {logging_mixin.py:188} INFO - [2025-12-27T03:04:21.318+0000] {dag.py:3036} INFO - Sync 3 DAGs
[2025-12-27T03:04:21.336+0000] {logging_mixin.py:188} INFO - [2025-12-27T03:04:21.336+0000] {dag.py:3823} INFO - Setting next_dagrun for example_subdag_operator to 2022-01-01 00:00:00+00:00, run_after=2022-01-01 00:00:00+00:00
[2025-12-27T03:04:21.339+0000] {logging_mixin.py:188} INFO - [2025-12-27T03:04:21.339+0000] {dag.py:3823} INFO - Setting next_dagrun for example_subdag_operator.section-1 to None, run_after=None
[2025-12-27T03:04:21.340+0000] {logging_mixin.py:188} INFO - [2025-12-27T03:04:21.340+0000] {dag.py:3823} INFO - Setting next_dagrun for example_subdag_operator.section-2 to None, run_after=None
[2025-12-27T03:04:21.345+0000] {logging_mixin.py:188} INFO - [2025-12-27T03:04:21.345+0000] {dag.py:3036} INFO - Sync 2 DAGs
[2025-12-27T03:04:21.349+0000] {logging_mixin.py:188} INFO - [2025-12-27T03:04:21.349+0000] {dag.py:3823} INFO - Setting next_dagrun for example_subdag_operator.section-1 to None, run_after=None
[2025-12-27T03:04:21.349+0000] {logging_mixin.py:188} INFO - [2025-12-27T03:04:21.349+0000] {dag.py:3823} INFO - Setting next_dagrun for example_subdag_operator.section-2 to None, run_after=None
[2025-12-27T03:04:21.362+0000] {processor.py:183} INFO - Processing /workspaces/Airflow-domain-etl/venv/lib/python3.10/site-packages/airflow/example_dags/example_subdag_operator.py took 0.083 seconds
[2025-12-27T03:05:07.225+0000] {processor.py:161} INFO - Started process (PID=26450) to work on /workspaces/Airflow-domain-etl/venv/lib/python3.10/site-packages/airflow/example_dags/example_subdag_operator.py
[2025-12-27T03:05:07.226+0000] {processor.py:830} INFO - Processing file /workspaces/Airflow-domain-etl/venv/lib/python3.10/site-packages/airflow/example_dags/example_subdag_operator.py for tasks to queue
[2025-12-27T03:05:07.227+0000] {logging_mixin.py:188} INFO - [2025-12-27T03:05:07.226+0000] {dagbag.py:538} INFO - Filling up the DagBag from /workspaces/Airflow-domain-etl/venv/lib/python3.10/site-packages/airflow/example_dags/example_subdag_operator.py
[2025-12-27T03:05:07.240+0000] {processor.py:840} INFO - DAG(s) 'example_subdag_operator.section-1', 'example_subdag_operator.section-2', 'example_subdag_operator' retrieved from /workspaces/Airflow-domain-etl/venv/lib/python3.10/site-packages/airflow/example_dags/example_subdag_operator.py
[2025-12-27T03:05:07.250+0000] {logging_mixin.py:188} INFO - [2025-12-27T03:05:07.250+0000] {dag.py:3036} INFO - Sync 3 DAGs
[2025-12-27T03:05:07.263+0000] {logging_mixin.py:188} INFO - [2025-12-27T03:05:07.263+0000] {dag.py:3823} INFO - Setting next_dagrun for example_subdag_operator to 2022-01-01 00:00:00+00:00, run_after=2022-01-01 00:00:00+00:00
[2025-12-27T03:05:07.265+0000] {logging_mixin.py:188} INFO - [2025-12-27T03:05:07.265+0000] {dag.py:3823} INFO - Setting next_dagrun for example_subdag_operator.section-1 to None, run_after=None
[2025-12-27T03:05:07.266+0000] {logging_mixin.py:188} INFO - [2025-12-27T03:05:07.265+0000] {dag.py:3823} INFO - Setting next_dagrun for example_subdag_operator.section-2 to None, run_after=None
[2025-12-27T03:05:07.270+0000] {logging_mixin.py:188} INFO - [2025-12-27T03:05:07.269+0000] {dag.py:3036} INFO - Sync 2 DAGs
[2025-12-27T03:05:07.272+0000] {logging_mixin.py:188} INFO - [2025-12-27T03:05:07.272+0000] {dag.py:3823} INFO - Setting next_dagrun for example_subdag_operator.section-1 to None, run_after=None
[2025-12-27T03:05:07.272+0000] {logging_mixin.py:188} INFO - [2025-12-27T03:05:07.272+0000] {dag.py:3823} INFO - Setting next_dagrun for example_subdag_operator.section-2 to None, run_after=None
[2025-12-27T03:05:07.282+0000] {processor.py:183} INFO - Processing /workspaces/Airflow-domain-etl/venv/lib/python3.10/site-packages/airflow/example_dags/example_subdag_operator.py took 0.060 seconds
[2025-12-27T03:05:56.772+0000] {processor.py:161} INFO - Started process (PID=26989) to work on /workspaces/Airflow-domain-etl/venv/lib/python3.10/site-packages/airflow/example_dags/example_subdag_operator.py
[2025-12-27T03:05:56.773+0000] {processor.py:830} INFO - Processing file /workspaces/Airflow-domain-etl/venv/lib/python3.10/site-packages/airflow/example_dags/example_subdag_operator.py for tasks to queue
[2025-12-27T03:05:56.774+0000] {logging_mixin.py:188} INFO - [2025-12-27T03:05:56.773+0000] {dagbag.py:538} INFO - Filling up the DagBag from /workspaces/Airflow-domain-etl/venv/lib/python3.10/site-packages/airflow/example_dags/example_subdag_operator.py
[2025-12-27T03:05:56.790+0000] {processor.py:840} INFO - DAG(s) 'example_subdag_operator.section-1', 'example_subdag_operator.section-2', 'example_subdag_operator' retrieved from /workspaces/Airflow-domain-etl/venv/lib/python3.10/site-packages/airflow/example_dags/example_subdag_operator.py
[2025-12-27T03:05:56.822+0000] {logging_mixin.py:188} INFO - [2025-12-27T03:05:56.822+0000] {dag.py:3036} INFO - Sync 3 DAGs
[2025-12-27T03:05:56.854+0000] {logging_mixin.py:188} INFO - [2025-12-27T03:05:56.853+0000] {dag.py:3823} INFO - Setting next_dagrun for example_subdag_operator to 2022-01-01 00:00:00+00:00, run_after=2022-01-01 00:00:00+00:00
[2025-12-27T03:05:56.861+0000] {logging_mixin.py:188} INFO - [2025-12-27T03:05:56.861+0000] {dag.py:3823} INFO - Setting next_dagrun for example_subdag_operator.section-1 to None, run_after=None
[2025-12-27T03:05:56.862+0000] {logging_mixin.py:188} INFO - [2025-12-27T03:05:56.862+0000] {dag.py:3823} INFO - Setting next_dagrun for example_subdag_operator.section-2 to None, run_after=None
[2025-12-27T03:05:56.870+0000] {logging_mixin.py:188} INFO - [2025-12-27T03:05:56.870+0000] {dag.py:3036} INFO - Sync 2 DAGs
[2025-12-27T03:05:56.874+0000] {logging_mixin.py:188} INFO - [2025-12-27T03:05:56.874+0000] {dag.py:3823} INFO - Setting next_dagrun for example_subdag_operator.section-1 to None, run_after=None
[2025-12-27T03:05:56.874+0000] {logging_mixin.py:188} INFO - [2025-12-27T03:05:56.874+0000] {dag.py:3823} INFO - Setting next_dagrun for example_subdag_operator.section-2 to None, run_after=None
[2025-12-27T03:05:56.904+0000] {processor.py:183} INFO - Processing /workspaces/Airflow-domain-etl/venv/lib/python3.10/site-packages/airflow/example_dags/example_subdag_operator.py took 0.134 seconds
