[2025-12-27T03:03:36.238+0000] {processor.py:161} INFO - Started process (PID=25538) to work on /workspaces/Airflow-domain-etl/venv/lib/python3.10/site-packages/airflow/example_dags/example_short_circuit_operator.py
[2025-12-27T03:03:36.239+0000] {processor.py:830} INFO - Processing file /workspaces/Airflow-domain-etl/venv/lib/python3.10/site-packages/airflow/example_dags/example_short_circuit_operator.py for tasks to queue
[2025-12-27T03:03:36.240+0000] {logging_mixin.py:188} INFO - [2025-12-27T03:03:36.240+0000] {dagbag.py:538} INFO - Filling up the DagBag from /workspaces/Airflow-domain-etl/venv/lib/python3.10/site-packages/airflow/example_dags/example_short_circuit_operator.py
[2025-12-27T03:03:36.245+0000] {processor.py:840} INFO - DAG(s) 'example_short_circuit_operator' retrieved from /workspaces/Airflow-domain-etl/venv/lib/python3.10/site-packages/airflow/example_dags/example_short_circuit_operator.py
[2025-12-27T03:03:36.336+0000] {logging_mixin.py:188} INFO - [2025-12-27T03:03:36.335+0000] {override.py:1769} INFO - Created Permission View: can delete on DAG:example_short_circuit_operator
[2025-12-27T03:03:36.347+0000] {logging_mixin.py:188} INFO - [2025-12-27T03:03:36.347+0000] {override.py:1769} INFO - Created Permission View: can edit on DAG:example_short_circuit_operator
[2025-12-27T03:03:36.353+0000] {logging_mixin.py:188} INFO - [2025-12-27T03:03:36.353+0000] {override.py:1769} INFO - Created Permission View: can read on DAG:example_short_circuit_operator
[2025-12-27T03:03:36.354+0000] {logging_mixin.py:188} INFO - [2025-12-27T03:03:36.354+0000] {dag.py:3036} INFO - Sync 1 DAGs
[2025-12-27T03:03:36.363+0000] {logging_mixin.py:188} INFO - [2025-12-27T03:03:36.363+0000] {dag.py:3058} INFO - Creating ORM DAG for example_short_circuit_operator
[2025-12-27T03:03:36.373+0000] {logging_mixin.py:188} INFO - [2025-12-27T03:03:36.373+0000] {dag.py:3823} INFO - Setting next_dagrun for example_short_circuit_operator to 2025-12-26 00:00:00+00:00, run_after=2025-12-27 00:00:00+00:00
[2025-12-27T03:03:36.391+0000] {processor.py:183} INFO - Processing /workspaces/Airflow-domain-etl/venv/lib/python3.10/site-packages/airflow/example_dags/example_short_circuit_operator.py took 0.155 seconds
[2025-12-27T03:04:25.246+0000] {processor.py:161} INFO - Started process (PID=26102) to work on /workspaces/Airflow-domain-etl/venv/lib/python3.10/site-packages/airflow/example_dags/example_short_circuit_operator.py
[2025-12-27T03:04:25.246+0000] {processor.py:830} INFO - Processing file /workspaces/Airflow-domain-etl/venv/lib/python3.10/site-packages/airflow/example_dags/example_short_circuit_operator.py for tasks to queue
[2025-12-27T03:04:25.247+0000] {logging_mixin.py:188} INFO - [2025-12-27T03:04:25.247+0000] {dagbag.py:538} INFO - Filling up the DagBag from /workspaces/Airflow-domain-etl/venv/lib/python3.10/site-packages/airflow/example_dags/example_short_circuit_operator.py
[2025-12-27T03:04:25.252+0000] {processor.py:840} INFO - DAG(s) 'example_short_circuit_operator' retrieved from /workspaces/Airflow-domain-etl/venv/lib/python3.10/site-packages/airflow/example_dags/example_short_circuit_operator.py
[2025-12-27T03:04:25.265+0000] {logging_mixin.py:188} INFO - [2025-12-27T03:04:25.264+0000] {dag.py:3036} INFO - Sync 1 DAGs
[2025-12-27T03:04:25.278+0000] {logging_mixin.py:188} INFO - [2025-12-27T03:04:25.277+0000] {dag.py:3823} INFO - Setting next_dagrun for example_short_circuit_operator to 2025-12-26 00:00:00+00:00, run_after=2025-12-27 00:00:00+00:00
[2025-12-27T03:04:25.292+0000] {processor.py:183} INFO - Processing /workspaces/Airflow-domain-etl/venv/lib/python3.10/site-packages/airflow/example_dags/example_short_circuit_operator.py took 0.048 seconds
[2025-12-27T03:05:11.708+0000] {processor.py:161} INFO - Started process (PID=26495) to work on /workspaces/Airflow-domain-etl/venv/lib/python3.10/site-packages/airflow/example_dags/example_short_circuit_operator.py
[2025-12-27T03:05:11.709+0000] {processor.py:830} INFO - Processing file /workspaces/Airflow-domain-etl/venv/lib/python3.10/site-packages/airflow/example_dags/example_short_circuit_operator.py for tasks to queue
[2025-12-27T03:05:11.710+0000] {logging_mixin.py:188} INFO - [2025-12-27T03:05:11.709+0000] {dagbag.py:538} INFO - Filling up the DagBag from /workspaces/Airflow-domain-etl/venv/lib/python3.10/site-packages/airflow/example_dags/example_short_circuit_operator.py
[2025-12-27T03:05:11.715+0000] {processor.py:840} INFO - DAG(s) 'example_short_circuit_operator' retrieved from /workspaces/Airflow-domain-etl/venv/lib/python3.10/site-packages/airflow/example_dags/example_short_circuit_operator.py
[2025-12-27T03:05:11.727+0000] {logging_mixin.py:188} INFO - [2025-12-27T03:05:11.727+0000] {dag.py:3036} INFO - Sync 1 DAGs
[2025-12-27T03:05:11.744+0000] {logging_mixin.py:188} INFO - [2025-12-27T03:05:11.744+0000] {dag.py:3823} INFO - Setting next_dagrun for example_short_circuit_operator to 2025-12-26 00:00:00+00:00, run_after=2025-12-27 00:00:00+00:00
[2025-12-27T03:05:11.763+0000] {processor.py:183} INFO - Processing /workspaces/Airflow-domain-etl/venv/lib/python3.10/site-packages/airflow/example_dags/example_short_circuit_operator.py took 0.057 seconds
[2025-12-27T03:06:00.840+0000] {processor.py:161} INFO - Started process (PID=27074) to work on /workspaces/Airflow-domain-etl/venv/lib/python3.10/site-packages/airflow/example_dags/example_short_circuit_operator.py
[2025-12-27T03:06:00.841+0000] {processor.py:830} INFO - Processing file /workspaces/Airflow-domain-etl/venv/lib/python3.10/site-packages/airflow/example_dags/example_short_circuit_operator.py for tasks to queue
[2025-12-27T03:06:00.841+0000] {logging_mixin.py:188} INFO - [2025-12-27T03:06:00.841+0000] {dagbag.py:538} INFO - Filling up the DagBag from /workspaces/Airflow-domain-etl/venv/lib/python3.10/site-packages/airflow/example_dags/example_short_circuit_operator.py
[2025-12-27T03:06:00.847+0000] {processor.py:840} INFO - DAG(s) 'example_short_circuit_operator' retrieved from /workspaces/Airflow-domain-etl/venv/lib/python3.10/site-packages/airflow/example_dags/example_short_circuit_operator.py
[2025-12-27T03:06:00.859+0000] {logging_mixin.py:188} INFO - [2025-12-27T03:06:00.859+0000] {dag.py:3036} INFO - Sync 1 DAGs
[2025-12-27T03:06:00.873+0000] {logging_mixin.py:188} INFO - [2025-12-27T03:06:00.873+0000] {dag.py:3823} INFO - Setting next_dagrun for example_short_circuit_operator to 2025-12-26 00:00:00+00:00, run_after=2025-12-27 00:00:00+00:00
[2025-12-27T03:06:00.887+0000] {processor.py:183} INFO - Processing /workspaces/Airflow-domain-etl/venv/lib/python3.10/site-packages/airflow/example_dags/example_short_circuit_operator.py took 0.050 seconds
