[2025-12-27T03:03:54.224+0000] {processor.py:161} INFO - Started process (PID=25755) to work on /workspaces/Airflow-domain-etl/venv/lib/python3.10/site-packages/airflow/example_dags/example_external_task_marker_dag.py
[2025-12-27T03:03:54.225+0000] {processor.py:830} INFO - Processing file /workspaces/Airflow-domain-etl/venv/lib/python3.10/site-packages/airflow/example_dags/example_external_task_marker_dag.py for tasks to queue
[2025-12-27T03:03:54.225+0000] {logging_mixin.py:188} INFO - [2025-12-27T03:03:54.225+0000] {dagbag.py:538} INFO - Filling up the DagBag from /workspaces/Airflow-domain-etl/venv/lib/python3.10/site-packages/airflow/example_dags/example_external_task_marker_dag.py
[2025-12-27T03:03:54.230+0000] {processor.py:840} INFO - DAG(s) 'example_external_task_marker_child', 'example_external_task_marker_parent' retrieved from /workspaces/Airflow-domain-etl/venv/lib/python3.10/site-packages/airflow/example_dags/example_external_task_marker_dag.py
[2025-12-27T03:03:54.308+0000] {logging_mixin.py:188} INFO - [2025-12-27T03:03:54.308+0000] {override.py:1769} INFO - Created Permission View: can delete on DAG:example_external_task_marker_child
[2025-12-27T03:03:54.317+0000] {logging_mixin.py:188} INFO - [2025-12-27T03:03:54.317+0000] {override.py:1769} INFO - Created Permission View: can edit on DAG:example_external_task_marker_child
[2025-12-27T03:03:54.323+0000] {logging_mixin.py:188} INFO - [2025-12-27T03:03:54.323+0000] {override.py:1769} INFO - Created Permission View: can read on DAG:example_external_task_marker_child
[2025-12-27T03:03:54.337+0000] {logging_mixin.py:188} INFO - [2025-12-27T03:03:54.337+0000] {override.py:1769} INFO - Created Permission View: can delete on DAG:example_external_task_marker_parent
[2025-12-27T03:03:54.343+0000] {logging_mixin.py:188} INFO - [2025-12-27T03:03:54.343+0000] {override.py:1769} INFO - Created Permission View: can edit on DAG:example_external_task_marker_parent
[2025-12-27T03:03:54.349+0000] {logging_mixin.py:188} INFO - [2025-12-27T03:03:54.349+0000] {override.py:1769} INFO - Created Permission View: can read on DAG:example_external_task_marker_parent
[2025-12-27T03:03:54.349+0000] {logging_mixin.py:188} INFO - [2025-12-27T03:03:54.349+0000] {dag.py:3036} INFO - Sync 2 DAGs
[2025-12-27T03:03:54.356+0000] {logging_mixin.py:188} INFO - [2025-12-27T03:03:54.356+0000] {dag.py:3058} INFO - Creating ORM DAG for example_external_task_marker_child
[2025-12-27T03:03:54.356+0000] {logging_mixin.py:188} INFO - [2025-12-27T03:03:54.356+0000] {dag.py:3058} INFO - Creating ORM DAG for example_external_task_marker_parent
[2025-12-27T03:03:54.357+0000] {logging_mixin.py:188} INFO - [2025-12-27T03:03:54.357+0000] {dag.py:3823} INFO - Setting next_dagrun for example_external_task_marker_child to None, run_after=None
[2025-12-27T03:03:54.357+0000] {logging_mixin.py:188} INFO - [2025-12-27T03:03:54.357+0000] {dag.py:3823} INFO - Setting next_dagrun for example_external_task_marker_parent to None, run_after=None
[2025-12-27T03:03:54.373+0000] {processor.py:183} INFO - Processing /workspaces/Airflow-domain-etl/venv/lib/python3.10/site-packages/airflow/example_dags/example_external_task_marker_dag.py took 0.151 seconds
[2025-12-27T03:04:40.682+0000] {processor.py:161} INFO - Started process (PID=26250) to work on /workspaces/Airflow-domain-etl/venv/lib/python3.10/site-packages/airflow/example_dags/example_external_task_marker_dag.py
[2025-12-27T03:04:40.683+0000] {processor.py:830} INFO - Processing file /workspaces/Airflow-domain-etl/venv/lib/python3.10/site-packages/airflow/example_dags/example_external_task_marker_dag.py for tasks to queue
[2025-12-27T03:04:40.684+0000] {logging_mixin.py:188} INFO - [2025-12-27T03:04:40.684+0000] {dagbag.py:538} INFO - Filling up the DagBag from /workspaces/Airflow-domain-etl/venv/lib/python3.10/site-packages/airflow/example_dags/example_external_task_marker_dag.py
[2025-12-27T03:04:40.688+0000] {processor.py:840} INFO - DAG(s) 'example_external_task_marker_child', 'example_external_task_marker_parent' retrieved from /workspaces/Airflow-domain-etl/venv/lib/python3.10/site-packages/airflow/example_dags/example_external_task_marker_dag.py
[2025-12-27T03:04:40.700+0000] {logging_mixin.py:188} INFO - [2025-12-27T03:04:40.700+0000] {dag.py:3036} INFO - Sync 2 DAGs
[2025-12-27T03:04:40.708+0000] {logging_mixin.py:188} INFO - [2025-12-27T03:04:40.708+0000] {dag.py:3823} INFO - Setting next_dagrun for example_external_task_marker_child to None, run_after=None
[2025-12-27T03:04:40.710+0000] {logging_mixin.py:188} INFO - [2025-12-27T03:04:40.710+0000] {dag.py:3823} INFO - Setting next_dagrun for example_external_task_marker_parent to None, run_after=None
[2025-12-27T03:04:40.723+0000] {processor.py:183} INFO - Processing /workspaces/Airflow-domain-etl/venv/lib/python3.10/site-packages/airflow/example_dags/example_external_task_marker_dag.py took 0.043 seconds
[2025-12-27T03:05:28.772+0000] {processor.py:161} INFO - Started process (PID=26647) to work on /workspaces/Airflow-domain-etl/venv/lib/python3.10/site-packages/airflow/example_dags/example_external_task_marker_dag.py
[2025-12-27T03:05:28.773+0000] {processor.py:830} INFO - Processing file /workspaces/Airflow-domain-etl/venv/lib/python3.10/site-packages/airflow/example_dags/example_external_task_marker_dag.py for tasks to queue
[2025-12-27T03:05:28.774+0000] {logging_mixin.py:188} INFO - [2025-12-27T03:05:28.773+0000] {dagbag.py:538} INFO - Filling up the DagBag from /workspaces/Airflow-domain-etl/venv/lib/python3.10/site-packages/airflow/example_dags/example_external_task_marker_dag.py
[2025-12-27T03:05:28.778+0000] {processor.py:840} INFO - DAG(s) 'example_external_task_marker_child', 'example_external_task_marker_parent' retrieved from /workspaces/Airflow-domain-etl/venv/lib/python3.10/site-packages/airflow/example_dags/example_external_task_marker_dag.py
[2025-12-27T03:05:28.790+0000] {logging_mixin.py:188} INFO - [2025-12-27T03:05:28.790+0000] {dag.py:3036} INFO - Sync 2 DAGs
[2025-12-27T03:05:28.798+0000] {logging_mixin.py:188} INFO - [2025-12-27T03:05:28.798+0000] {dag.py:3823} INFO - Setting next_dagrun for example_external_task_marker_child to None, run_after=None
[2025-12-27T03:05:28.800+0000] {logging_mixin.py:188} INFO - [2025-12-27T03:05:28.800+0000] {dag.py:3823} INFO - Setting next_dagrun for example_external_task_marker_parent to None, run_after=None
[2025-12-27T03:05:28.813+0000] {processor.py:183} INFO - Processing /workspaces/Airflow-domain-etl/venv/lib/python3.10/site-packages/airflow/example_dags/example_external_task_marker_dag.py took 0.044 seconds
[2025-12-27T03:06:24.652+0000] {processor.py:161} INFO - Started process (PID=27354) to work on /workspaces/Airflow-domain-etl/venv/lib/python3.10/site-packages/airflow/example_dags/example_external_task_marker_dag.py
[2025-12-27T03:06:24.653+0000] {processor.py:830} INFO - Processing file /workspaces/Airflow-domain-etl/venv/lib/python3.10/site-packages/airflow/example_dags/example_external_task_marker_dag.py for tasks to queue
[2025-12-27T03:06:24.653+0000] {logging_mixin.py:188} INFO - [2025-12-27T03:06:24.653+0000] {dagbag.py:538} INFO - Filling up the DagBag from /workspaces/Airflow-domain-etl/venv/lib/python3.10/site-packages/airflow/example_dags/example_external_task_marker_dag.py
[2025-12-27T03:06:24.658+0000] {processor.py:840} INFO - DAG(s) 'example_external_task_marker_parent', 'example_external_task_marker_child' retrieved from /workspaces/Airflow-domain-etl/venv/lib/python3.10/site-packages/airflow/example_dags/example_external_task_marker_dag.py
[2025-12-27T03:06:24.670+0000] {logging_mixin.py:188} INFO - [2025-12-27T03:06:24.670+0000] {dag.py:3036} INFO - Sync 2 DAGs
[2025-12-27T03:06:24.678+0000] {logging_mixin.py:188} INFO - [2025-12-27T03:06:24.678+0000] {dag.py:3823} INFO - Setting next_dagrun for example_external_task_marker_child to None, run_after=None
[2025-12-27T03:06:24.680+0000] {logging_mixin.py:188} INFO - [2025-12-27T03:06:24.680+0000] {dag.py:3823} INFO - Setting next_dagrun for example_external_task_marker_parent to None, run_after=None
[2025-12-27T03:06:24.694+0000] {processor.py:183} INFO - Processing /workspaces/Airflow-domain-etl/venv/lib/python3.10/site-packages/airflow/example_dags/example_external_task_marker_dag.py took 0.044 seconds
