[2025-12-27T03:03:57.095+0000] {processor.py:161} INFO - Started process (PID=25779) to work on /workspaces/Airflow-domain-etl/venv/lib/python3.10/site-packages/airflow/example_dags/example_dynamic_task_mapping.py
[2025-12-27T03:03:57.096+0000] {processor.py:830} INFO - Processing file /workspaces/Airflow-domain-etl/venv/lib/python3.10/site-packages/airflow/example_dags/example_dynamic_task_mapping.py for tasks to queue
[2025-12-27T03:03:57.096+0000] {logging_mixin.py:188} INFO - [2025-12-27T03:03:57.096+0000] {dagbag.py:538} INFO - Filling up the DagBag from /workspaces/Airflow-domain-etl/venv/lib/python3.10/site-packages/airflow/example_dags/example_dynamic_task_mapping.py
[2025-12-27T03:03:57.102+0000] {processor.py:840} INFO - DAG(s) 'example_dynamic_task_mapping' retrieved from /workspaces/Airflow-domain-etl/venv/lib/python3.10/site-packages/airflow/example_dags/example_dynamic_task_mapping.py
[2025-12-27T03:03:57.172+0000] {logging_mixin.py:188} INFO - [2025-12-27T03:03:57.172+0000] {override.py:1769} INFO - Created Permission View: can delete on DAG:example_dynamic_task_mapping
[2025-12-27T03:03:57.181+0000] {logging_mixin.py:188} INFO - [2025-12-27T03:03:57.180+0000] {override.py:1769} INFO - Created Permission View: can edit on DAG:example_dynamic_task_mapping
[2025-12-27T03:03:57.187+0000] {logging_mixin.py:188} INFO - [2025-12-27T03:03:57.187+0000] {override.py:1769} INFO - Created Permission View: can read on DAG:example_dynamic_task_mapping
[2025-12-27T03:03:57.187+0000] {logging_mixin.py:188} INFO - [2025-12-27T03:03:57.187+0000] {dag.py:3036} INFO - Sync 1 DAGs
[2025-12-27T03:03:57.194+0000] {logging_mixin.py:188} INFO - [2025-12-27T03:03:57.194+0000] {dag.py:3058} INFO - Creating ORM DAG for example_dynamic_task_mapping
[2025-12-27T03:03:57.200+0000] {logging_mixin.py:188} INFO - [2025-12-27T03:03:57.200+0000] {dag.py:3823} INFO - Setting next_dagrun for example_dynamic_task_mapping to 2022-03-04 00:00:00+00:00, run_after=2022-03-05 00:00:00+00:00
[2025-12-27T03:03:57.215+0000] {processor.py:183} INFO - Processing /workspaces/Airflow-domain-etl/venv/lib/python3.10/site-packages/airflow/example_dags/example_dynamic_task_mapping.py took 0.122 seconds
[2025-12-27T03:04:47.743+0000] {processor.py:161} INFO - Started process (PID=26303) to work on /workspaces/Airflow-domain-etl/venv/lib/python3.10/site-packages/airflow/example_dags/example_dynamic_task_mapping.py
[2025-12-27T03:04:47.743+0000] {processor.py:830} INFO - Processing file /workspaces/Airflow-domain-etl/venv/lib/python3.10/site-packages/airflow/example_dags/example_dynamic_task_mapping.py for tasks to queue
[2025-12-27T03:04:47.744+0000] {logging_mixin.py:188} INFO - [2025-12-27T03:04:47.744+0000] {dagbag.py:538} INFO - Filling up the DagBag from /workspaces/Airflow-domain-etl/venv/lib/python3.10/site-packages/airflow/example_dags/example_dynamic_task_mapping.py
[2025-12-27T03:04:47.749+0000] {processor.py:840} INFO - DAG(s) 'example_dynamic_task_mapping' retrieved from /workspaces/Airflow-domain-etl/venv/lib/python3.10/site-packages/airflow/example_dags/example_dynamic_task_mapping.py
[2025-12-27T03:04:47.758+0000] {logging_mixin.py:188} INFO - [2025-12-27T03:04:47.758+0000] {dag.py:3036} INFO - Sync 1 DAGs
[2025-12-27T03:04:47.771+0000] {logging_mixin.py:188} INFO - [2025-12-27T03:04:47.771+0000] {dag.py:3823} INFO - Setting next_dagrun for example_dynamic_task_mapping to 2022-03-04 00:00:00+00:00, run_after=2022-03-05 00:00:00+00:00
[2025-12-27T03:04:47.785+0000] {processor.py:183} INFO - Processing /workspaces/Airflow-domain-etl/venv/lib/python3.10/site-packages/airflow/example_dags/example_dynamic_task_mapping.py took 0.045 seconds
[2025-12-27T03:05:38.776+0000] {processor.py:161} INFO - Started process (PID=26788) to work on /workspaces/Airflow-domain-etl/venv/lib/python3.10/site-packages/airflow/example_dags/example_dynamic_task_mapping.py
[2025-12-27T03:05:38.777+0000] {processor.py:830} INFO - Processing file /workspaces/Airflow-domain-etl/venv/lib/python3.10/site-packages/airflow/example_dags/example_dynamic_task_mapping.py for tasks to queue
[2025-12-27T03:05:38.778+0000] {logging_mixin.py:188} INFO - [2025-12-27T03:05:38.777+0000] {dagbag.py:538} INFO - Filling up the DagBag from /workspaces/Airflow-domain-etl/venv/lib/python3.10/site-packages/airflow/example_dags/example_dynamic_task_mapping.py
[2025-12-27T03:05:38.784+0000] {processor.py:840} INFO - DAG(s) 'example_dynamic_task_mapping' retrieved from /workspaces/Airflow-domain-etl/venv/lib/python3.10/site-packages/airflow/example_dags/example_dynamic_task_mapping.py
[2025-12-27T03:05:38.801+0000] {logging_mixin.py:188} INFO - [2025-12-27T03:05:38.801+0000] {dag.py:3036} INFO - Sync 1 DAGs
[2025-12-27T03:05:38.822+0000] {logging_mixin.py:188} INFO - [2025-12-27T03:05:38.822+0000] {dag.py:3823} INFO - Setting next_dagrun for example_dynamic_task_mapping to 2022-03-04 00:00:00+00:00, run_after=2022-03-05 00:00:00+00:00
[2025-12-27T03:05:38.838+0000] {processor.py:183} INFO - Processing /workspaces/Airflow-domain-etl/venv/lib/python3.10/site-packages/airflow/example_dags/example_dynamic_task_mapping.py took 0.065 seconds
[2025-12-27T03:06:35.693+0000] {processor.py:161} INFO - Started process (PID=27475) to work on /workspaces/Airflow-domain-etl/venv/lib/python3.10/site-packages/airflow/example_dags/example_dynamic_task_mapping.py
[2025-12-27T03:06:35.698+0000] {processor.py:830} INFO - Processing file /workspaces/Airflow-domain-etl/venv/lib/python3.10/site-packages/airflow/example_dags/example_dynamic_task_mapping.py for tasks to queue
[2025-12-27T03:06:35.700+0000] {logging_mixin.py:188} INFO - [2025-12-27T03:06:35.700+0000] {dagbag.py:538} INFO - Filling up the DagBag from /workspaces/Airflow-domain-etl/venv/lib/python3.10/site-packages/airflow/example_dags/example_dynamic_task_mapping.py
[2025-12-27T03:06:35.729+0000] {processor.py:840} INFO - DAG(s) 'example_dynamic_task_mapping' retrieved from /workspaces/Airflow-domain-etl/venv/lib/python3.10/site-packages/airflow/example_dags/example_dynamic_task_mapping.py
[2025-12-27T03:06:35.802+0000] {logging_mixin.py:188} INFO - [2025-12-27T03:06:35.801+0000] {dag.py:3036} INFO - Sync 1 DAGs
[2025-12-27T03:06:35.865+0000] {logging_mixin.py:188} INFO - [2025-12-27T03:06:35.865+0000] {dag.py:3823} INFO - Setting next_dagrun for example_dynamic_task_mapping to 2022-03-04 00:00:00+00:00, run_after=2022-03-05 00:00:00+00:00
[2025-12-27T03:06:35.916+0000] {processor.py:183} INFO - Processing /workspaces/Airflow-domain-etl/venv/lib/python3.10/site-packages/airflow/example_dags/example_dynamic_task_mapping.py took 0.236 seconds
