[2025-12-27T03:03:25.767+0000] {processor.py:161} INFO - Started process (PID=25089) to work on /workspaces/Airflow-domain-etl/venv/lib/python3.10/site-packages/airflow/example_dags/example_xcom.py
[2025-12-27T03:03:25.768+0000] {processor.py:830} INFO - Processing file /workspaces/Airflow-domain-etl/venv/lib/python3.10/site-packages/airflow/example_dags/example_xcom.py for tasks to queue
[2025-12-27T03:03:25.768+0000] {logging_mixin.py:188} INFO - [2025-12-27T03:03:25.768+0000] {dagbag.py:538} INFO - Filling up the DagBag from /workspaces/Airflow-domain-etl/venv/lib/python3.10/site-packages/airflow/example_dags/example_xcom.py
[2025-12-27T03:03:25.851+0000] {processor.py:840} INFO - DAG(s) 'example_xcom' retrieved from /workspaces/Airflow-domain-etl/venv/lib/python3.10/site-packages/airflow/example_dags/example_xcom.py
[2025-12-27T03:03:25.926+0000] {logging_mixin.py:188} INFO - [2025-12-27T03:03:25.926+0000] {override.py:1769} INFO - Created Permission View: can delete on DAG:example_xcom
[2025-12-27T03:03:25.934+0000] {logging_mixin.py:188} INFO - [2025-12-27T03:03:25.934+0000] {override.py:1769} INFO - Created Permission View: can edit on DAG:example_xcom
[2025-12-27T03:03:25.940+0000] {logging_mixin.py:188} INFO - [2025-12-27T03:03:25.940+0000] {override.py:1769} INFO - Created Permission View: can read on DAG:example_xcom
[2025-12-27T03:03:25.940+0000] {logging_mixin.py:188} INFO - [2025-12-27T03:03:25.940+0000] {dag.py:3036} INFO - Sync 1 DAGs
[2025-12-27T03:03:25.948+0000] {logging_mixin.py:188} INFO - [2025-12-27T03:03:25.948+0000] {dag.py:3058} INFO - Creating ORM DAG for example_xcom
[2025-12-27T03:03:25.954+0000] {logging_mixin.py:188} INFO - [2025-12-27T03:03:25.954+0000] {dag.py:3823} INFO - Setting next_dagrun for example_xcom to 2021-01-01 00:00:00+00:00, run_after=2021-01-01 00:00:00+00:00
[2025-12-27T03:03:25.990+0000] {processor.py:183} INFO - Processing /workspaces/Airflow-domain-etl/venv/lib/python3.10/site-packages/airflow/example_dags/example_xcom.py took 0.225 seconds
[2025-12-27T03:04:15.408+0000] {processor.py:161} INFO - Started process (PID=25992) to work on /workspaces/Airflow-domain-etl/venv/lib/python3.10/site-packages/airflow/example_dags/example_xcom.py
[2025-12-27T03:04:15.409+0000] {processor.py:830} INFO - Processing file /workspaces/Airflow-domain-etl/venv/lib/python3.10/site-packages/airflow/example_dags/example_xcom.py for tasks to queue
[2025-12-27T03:04:15.410+0000] {logging_mixin.py:188} INFO - [2025-12-27T03:04:15.409+0000] {dagbag.py:538} INFO - Filling up the DagBag from /workspaces/Airflow-domain-etl/venv/lib/python3.10/site-packages/airflow/example_dags/example_xcom.py
[2025-12-27T03:04:15.416+0000] {processor.py:840} INFO - DAG(s) 'example_xcom' retrieved from /workspaces/Airflow-domain-etl/venv/lib/python3.10/site-packages/airflow/example_dags/example_xcom.py
[2025-12-27T03:04:15.432+0000] {logging_mixin.py:188} INFO - [2025-12-27T03:04:15.431+0000] {dag.py:3036} INFO - Sync 1 DAGs
[2025-12-27T03:04:15.444+0000] {logging_mixin.py:188} INFO - [2025-12-27T03:04:15.444+0000] {dag.py:3823} INFO - Setting next_dagrun for example_xcom to 2021-01-01 00:00:00+00:00, run_after=2021-01-01 00:00:00+00:00
[2025-12-27T03:04:15.459+0000] {processor.py:183} INFO - Processing /workspaces/Airflow-domain-etl/venv/lib/python3.10/site-packages/airflow/example_dags/example_xcom.py took 0.053 seconds
[2025-12-27T03:05:01.716+0000] {processor.py:161} INFO - Started process (PID=26421) to work on /workspaces/Airflow-domain-etl/venv/lib/python3.10/site-packages/airflow/example_dags/example_xcom.py
[2025-12-27T03:05:01.717+0000] {processor.py:830} INFO - Processing file /workspaces/Airflow-domain-etl/venv/lib/python3.10/site-packages/airflow/example_dags/example_xcom.py for tasks to queue
[2025-12-27T03:05:01.717+0000] {logging_mixin.py:188} INFO - [2025-12-27T03:05:01.717+0000] {dagbag.py:538} INFO - Filling up the DagBag from /workspaces/Airflow-domain-etl/venv/lib/python3.10/site-packages/airflow/example_dags/example_xcom.py
[2025-12-27T03:05:01.723+0000] {processor.py:840} INFO - DAG(s) 'example_xcom' retrieved from /workspaces/Airflow-domain-etl/venv/lib/python3.10/site-packages/airflow/example_dags/example_xcom.py
[2025-12-27T03:05:01.735+0000] {logging_mixin.py:188} INFO - [2025-12-27T03:05:01.735+0000] {dag.py:3036} INFO - Sync 1 DAGs
[2025-12-27T03:05:01.748+0000] {logging_mixin.py:188} INFO - [2025-12-27T03:05:01.748+0000] {dag.py:3823} INFO - Setting next_dagrun for example_xcom to 2021-01-01 00:00:00+00:00, run_after=2021-01-01 00:00:00+00:00
[2025-12-27T03:05:01.763+0000] {processor.py:183} INFO - Processing /workspaces/Airflow-domain-etl/venv/lib/python3.10/site-packages/airflow/example_dags/example_xcom.py took 0.049 seconds
[2025-12-27T03:05:50.565+0000] {processor.py:161} INFO - Started process (PID=26923) to work on /workspaces/Airflow-domain-etl/venv/lib/python3.10/site-packages/airflow/example_dags/example_xcom.py
[2025-12-27T03:05:50.566+0000] {processor.py:830} INFO - Processing file /workspaces/Airflow-domain-etl/venv/lib/python3.10/site-packages/airflow/example_dags/example_xcom.py for tasks to queue
[2025-12-27T03:05:50.566+0000] {logging_mixin.py:188} INFO - [2025-12-27T03:05:50.566+0000] {dagbag.py:538} INFO - Filling up the DagBag from /workspaces/Airflow-domain-etl/venv/lib/python3.10/site-packages/airflow/example_dags/example_xcom.py
[2025-12-27T03:05:50.572+0000] {processor.py:840} INFO - DAG(s) 'example_xcom' retrieved from /workspaces/Airflow-domain-etl/venv/lib/python3.10/site-packages/airflow/example_dags/example_xcom.py
[2025-12-27T03:05:50.583+0000] {logging_mixin.py:188} INFO - [2025-12-27T03:05:50.583+0000] {dag.py:3036} INFO - Sync 1 DAGs
[2025-12-27T03:05:50.596+0000] {logging_mixin.py:188} INFO - [2025-12-27T03:05:50.595+0000] {dag.py:3823} INFO - Setting next_dagrun for example_xcom to 2021-01-01 00:00:00+00:00, run_after=2021-01-01 00:00:00+00:00
[2025-12-27T03:05:50.611+0000] {processor.py:183} INFO - Processing /workspaces/Airflow-domain-etl/venv/lib/python3.10/site-packages/airflow/example_dags/example_xcom.py took 0.048 seconds
[2025-12-27T03:06:28.606+0000] {processor.py:161} INFO - Started process (PID=27382) to work on /workspaces/Airflow-domain-etl/venv/lib/python3.10/site-packages/airflow/example_dags/example_xcom.py
[2025-12-27T03:06:28.606+0000] {processor.py:830} INFO - Processing file /workspaces/Airflow-domain-etl/venv/lib/python3.10/site-packages/airflow/example_dags/example_xcom.py for tasks to queue
[2025-12-27T03:06:28.607+0000] {logging_mixin.py:188} INFO - [2025-12-27T03:06:28.607+0000] {dagbag.py:538} INFO - Filling up the DagBag from /workspaces/Airflow-domain-etl/venv/lib/python3.10/site-packages/airflow/example_dags/example_xcom.py
[2025-12-27T03:06:28.615+0000] {processor.py:840} INFO - DAG(s) 'example_xcom' retrieved from /workspaces/Airflow-domain-etl/venv/lib/python3.10/site-packages/airflow/example_dags/example_xcom.py
[2025-12-27T03:06:28.627+0000] {logging_mixin.py:188} INFO - [2025-12-27T03:06:28.627+0000] {dag.py:3036} INFO - Sync 1 DAGs
[2025-12-27T03:06:28.640+0000] {logging_mixin.py:188} INFO - [2025-12-27T03:06:28.640+0000] {dag.py:3823} INFO - Setting next_dagrun for example_xcom to 2021-01-01 00:00:00+00:00, run_after=2021-01-01 00:00:00+00:00
[2025-12-27T03:06:28.655+0000] {processor.py:183} INFO - Processing /workspaces/Airflow-domain-etl/venv/lib/python3.10/site-packages/airflow/example_dags/example_xcom.py took 0.052 seconds
