[2025-12-27T03:03:47.954+0000] {processor.py:161} INFO - Started process (PID=25687) to work on /workspaces/Airflow-domain-etl/venv/lib/python3.10/site-packages/airflow/example_dags/example_latest_only_with_trigger.py
[2025-12-27T03:03:47.955+0000] {processor.py:830} INFO - Processing file /workspaces/Airflow-domain-etl/venv/lib/python3.10/site-packages/airflow/example_dags/example_latest_only_with_trigger.py for tasks to queue
[2025-12-27T03:03:47.956+0000] {logging_mixin.py:188} INFO - [2025-12-27T03:03:47.955+0000] {dagbag.py:538} INFO - Filling up the DagBag from /workspaces/Airflow-domain-etl/venv/lib/python3.10/site-packages/airflow/example_dags/example_latest_only_with_trigger.py
[2025-12-27T03:03:47.962+0000] {processor.py:840} INFO - DAG(s) 'latest_only_with_trigger' retrieved from /workspaces/Airflow-domain-etl/venv/lib/python3.10/site-packages/airflow/example_dags/example_latest_only_with_trigger.py
[2025-12-27T03:03:48.037+0000] {logging_mixin.py:188} INFO - [2025-12-27T03:03:48.036+0000] {override.py:1769} INFO - Created Permission View: can delete on DAG:latest_only_with_trigger
[2025-12-27T03:03:48.045+0000] {logging_mixin.py:188} INFO - [2025-12-27T03:03:48.045+0000] {override.py:1769} INFO - Created Permission View: can edit on DAG:latest_only_with_trigger
[2025-12-27T03:03:48.052+0000] {logging_mixin.py:188} INFO - [2025-12-27T03:03:48.052+0000] {override.py:1769} INFO - Created Permission View: can read on DAG:latest_only_with_trigger
[2025-12-27T03:03:48.052+0000] {logging_mixin.py:188} INFO - [2025-12-27T03:03:48.052+0000] {dag.py:3036} INFO - Sync 1 DAGs
[2025-12-27T03:03:48.059+0000] {logging_mixin.py:188} INFO - [2025-12-27T03:03:48.059+0000] {dag.py:3058} INFO - Creating ORM DAG for latest_only_with_trigger
[2025-12-27T03:03:48.065+0000] {logging_mixin.py:188} INFO - [2025-12-27T03:03:48.065+0000] {dag.py:3823} INFO - Setting next_dagrun for latest_only_with_trigger to 2025-12-26 20:00:00+00:00, run_after=2025-12-27 00:00:00+00:00
[2025-12-27T03:03:48.079+0000] {processor.py:183} INFO - Processing /workspaces/Airflow-domain-etl/venv/lib/python3.10/site-packages/airflow/example_dags/example_latest_only_with_trigger.py took 0.127 seconds
[2025-12-27T03:04:35.526+0000] {processor.py:161} INFO - Started process (PID=26202) to work on /workspaces/Airflow-domain-etl/venv/lib/python3.10/site-packages/airflow/example_dags/example_latest_only_with_trigger.py
[2025-12-27T03:04:35.527+0000] {processor.py:830} INFO - Processing file /workspaces/Airflow-domain-etl/venv/lib/python3.10/site-packages/airflow/example_dags/example_latest_only_with_trigger.py for tasks to queue
[2025-12-27T03:04:35.528+0000] {logging_mixin.py:188} INFO - [2025-12-27T03:04:35.527+0000] {dagbag.py:538} INFO - Filling up the DagBag from /workspaces/Airflow-domain-etl/venv/lib/python3.10/site-packages/airflow/example_dags/example_latest_only_with_trigger.py
[2025-12-27T03:04:35.532+0000] {processor.py:840} INFO - DAG(s) 'latest_only_with_trigger' retrieved from /workspaces/Airflow-domain-etl/venv/lib/python3.10/site-packages/airflow/example_dags/example_latest_only_with_trigger.py
[2025-12-27T03:04:35.544+0000] {logging_mixin.py:188} INFO - [2025-12-27T03:04:35.544+0000] {dag.py:3036} INFO - Sync 1 DAGs
[2025-12-27T03:04:35.557+0000] {logging_mixin.py:188} INFO - [2025-12-27T03:04:35.557+0000] {dag.py:3823} INFO - Setting next_dagrun for latest_only_with_trigger to 2025-12-26 20:00:00+00:00, run_after=2025-12-27 00:00:00+00:00
[2025-12-27T03:04:35.571+0000] {processor.py:183} INFO - Processing /workspaces/Airflow-domain-etl/venv/lib/python3.10/site-packages/airflow/example_dags/example_latest_only_with_trigger.py took 0.047 seconds
[2025-12-27T03:05:23.634+0000] {processor.py:161} INFO - Started process (PID=26588) to work on /workspaces/Airflow-domain-etl/venv/lib/python3.10/site-packages/airflow/example_dags/example_latest_only_with_trigger.py
[2025-12-27T03:05:23.635+0000] {processor.py:830} INFO - Processing file /workspaces/Airflow-domain-etl/venv/lib/python3.10/site-packages/airflow/example_dags/example_latest_only_with_trigger.py for tasks to queue
[2025-12-27T03:05:23.635+0000] {logging_mixin.py:188} INFO - [2025-12-27T03:05:23.635+0000] {dagbag.py:538} INFO - Filling up the DagBag from /workspaces/Airflow-domain-etl/venv/lib/python3.10/site-packages/airflow/example_dags/example_latest_only_with_trigger.py
[2025-12-27T03:05:23.640+0000] {processor.py:840} INFO - DAG(s) 'latest_only_with_trigger' retrieved from /workspaces/Airflow-domain-etl/venv/lib/python3.10/site-packages/airflow/example_dags/example_latest_only_with_trigger.py
[2025-12-27T03:05:23.652+0000] {logging_mixin.py:188} INFO - [2025-12-27T03:05:23.652+0000] {dag.py:3036} INFO - Sync 1 DAGs
[2025-12-27T03:05:23.665+0000] {logging_mixin.py:188} INFO - [2025-12-27T03:05:23.665+0000] {dag.py:3823} INFO - Setting next_dagrun for latest_only_with_trigger to 2025-12-26 20:00:00+00:00, run_after=2025-12-27 00:00:00+00:00
[2025-12-27T03:05:23.679+0000] {processor.py:183} INFO - Processing /workspaces/Airflow-domain-etl/venv/lib/python3.10/site-packages/airflow/example_dags/example_latest_only_with_trigger.py took 0.048 seconds
[2025-12-27T03:06:18.271+0000] {processor.py:161} INFO - Started process (PID=27288) to work on /workspaces/Airflow-domain-etl/venv/lib/python3.10/site-packages/airflow/example_dags/example_latest_only_with_trigger.py
[2025-12-27T03:06:18.272+0000] {processor.py:830} INFO - Processing file /workspaces/Airflow-domain-etl/venv/lib/python3.10/site-packages/airflow/example_dags/example_latest_only_with_trigger.py for tasks to queue
[2025-12-27T03:06:18.273+0000] {logging_mixin.py:188} INFO - [2025-12-27T03:06:18.272+0000] {dagbag.py:538} INFO - Filling up the DagBag from /workspaces/Airflow-domain-etl/venv/lib/python3.10/site-packages/airflow/example_dags/example_latest_only_with_trigger.py
[2025-12-27T03:06:18.277+0000] {processor.py:840} INFO - DAG(s) 'latest_only_with_trigger' retrieved from /workspaces/Airflow-domain-etl/venv/lib/python3.10/site-packages/airflow/example_dags/example_latest_only_with_trigger.py
[2025-12-27T03:06:18.288+0000] {logging_mixin.py:188} INFO - [2025-12-27T03:06:18.288+0000] {dag.py:3036} INFO - Sync 1 DAGs
[2025-12-27T03:06:18.302+0000] {logging_mixin.py:188} INFO - [2025-12-27T03:06:18.302+0000] {dag.py:3823} INFO - Setting next_dagrun for latest_only_with_trigger to 2025-12-26 20:00:00+00:00, run_after=2025-12-27 00:00:00+00:00
[2025-12-27T03:06:18.316+0000] {processor.py:183} INFO - Processing /workspaces/Airflow-domain-etl/venv/lib/python3.10/site-packages/airflow/example_dags/example_latest_only_with_trigger.py took 0.047 seconds
