[2025-12-27T03:03:40.238+0000] {processor.py:161} INFO - Started process (PID=25588) to work on /workspaces/Airflow-domain-etl/venv/lib/python3.10/site-packages/airflow/example_dags/example_setup_teardown.py
[2025-12-27T03:03:40.239+0000] {processor.py:830} INFO - Processing file /workspaces/Airflow-domain-etl/venv/lib/python3.10/site-packages/airflow/example_dags/example_setup_teardown.py for tasks to queue
[2025-12-27T03:03:40.239+0000] {logging_mixin.py:188} INFO - [2025-12-27T03:03:40.239+0000] {dagbag.py:538} INFO - Filling up the DagBag from /workspaces/Airflow-domain-etl/venv/lib/python3.10/site-packages/airflow/example_dags/example_setup_teardown.py
[2025-12-27T03:03:40.245+0000] {processor.py:840} INFO - DAG(s) 'example_setup_teardown' retrieved from /workspaces/Airflow-domain-etl/venv/lib/python3.10/site-packages/airflow/example_dags/example_setup_teardown.py
[2025-12-27T03:03:40.318+0000] {logging_mixin.py:188} INFO - [2025-12-27T03:03:40.318+0000] {override.py:1769} INFO - Created Permission View: can delete on DAG:example_setup_teardown
[2025-12-27T03:03:40.326+0000] {logging_mixin.py:188} INFO - [2025-12-27T03:03:40.326+0000] {override.py:1769} INFO - Created Permission View: can edit on DAG:example_setup_teardown
[2025-12-27T03:03:40.332+0000] {logging_mixin.py:188} INFO - [2025-12-27T03:03:40.332+0000] {override.py:1769} INFO - Created Permission View: can read on DAG:example_setup_teardown
[2025-12-27T03:03:40.333+0000] {logging_mixin.py:188} INFO - [2025-12-27T03:03:40.333+0000] {dag.py:3036} INFO - Sync 1 DAGs
[2025-12-27T03:03:40.340+0000] {logging_mixin.py:188} INFO - [2025-12-27T03:03:40.340+0000] {dag.py:3058} INFO - Creating ORM DAG for example_setup_teardown
[2025-12-27T03:03:40.347+0000] {logging_mixin.py:188} INFO - [2025-12-27T03:03:40.347+0000] {dag.py:3823} INFO - Setting next_dagrun for example_setup_teardown to 2025-12-26 00:00:00+00:00, run_after=2025-12-27 00:00:00+00:00
[2025-12-27T03:03:40.362+0000] {processor.py:183} INFO - Processing /workspaces/Airflow-domain-etl/venv/lib/python3.10/site-packages/airflow/example_dags/example_setup_teardown.py took 0.126 seconds
[2025-12-27T03:04:28.121+0000] {processor.py:161} INFO - Started process (PID=26156) to work on /workspaces/Airflow-domain-etl/venv/lib/python3.10/site-packages/airflow/example_dags/example_setup_teardown.py
[2025-12-27T03:04:28.122+0000] {processor.py:830} INFO - Processing file /workspaces/Airflow-domain-etl/venv/lib/python3.10/site-packages/airflow/example_dags/example_setup_teardown.py for tasks to queue
[2025-12-27T03:04:28.122+0000] {logging_mixin.py:188} INFO - [2025-12-27T03:04:28.122+0000] {dagbag.py:538} INFO - Filling up the DagBag from /workspaces/Airflow-domain-etl/venv/lib/python3.10/site-packages/airflow/example_dags/example_setup_teardown.py
[2025-12-27T03:04:28.128+0000] {processor.py:840} INFO - DAG(s) 'example_setup_teardown' retrieved from /workspaces/Airflow-domain-etl/venv/lib/python3.10/site-packages/airflow/example_dags/example_setup_teardown.py
[2025-12-27T03:04:28.138+0000] {logging_mixin.py:188} INFO - [2025-12-27T03:04:28.138+0000] {dag.py:3036} INFO - Sync 1 DAGs
[2025-12-27T03:04:28.151+0000] {logging_mixin.py:188} INFO - [2025-12-27T03:04:28.151+0000] {dag.py:3823} INFO - Setting next_dagrun for example_setup_teardown to 2025-12-26 00:00:00+00:00, run_after=2025-12-27 00:00:00+00:00
[2025-12-27T03:04:28.166+0000] {processor.py:183} INFO - Processing /workspaces/Airflow-domain-etl/venv/lib/python3.10/site-packages/airflow/example_dags/example_setup_teardown.py took 0.047 seconds
[2025-12-27T03:05:16.224+0000] {processor.py:161} INFO - Started process (PID=26531) to work on /workspaces/Airflow-domain-etl/venv/lib/python3.10/site-packages/airflow/example_dags/example_setup_teardown.py
[2025-12-27T03:05:16.225+0000] {processor.py:830} INFO - Processing file /workspaces/Airflow-domain-etl/venv/lib/python3.10/site-packages/airflow/example_dags/example_setup_teardown.py for tasks to queue
[2025-12-27T03:05:16.226+0000] {logging_mixin.py:188} INFO - [2025-12-27T03:05:16.225+0000] {dagbag.py:538} INFO - Filling up the DagBag from /workspaces/Airflow-domain-etl/venv/lib/python3.10/site-packages/airflow/example_dags/example_setup_teardown.py
[2025-12-27T03:05:16.231+0000] {processor.py:840} INFO - DAG(s) 'example_setup_teardown' retrieved from /workspaces/Airflow-domain-etl/venv/lib/python3.10/site-packages/airflow/example_dags/example_setup_teardown.py
[2025-12-27T03:05:16.246+0000] {logging_mixin.py:188} INFO - [2025-12-27T03:05:16.246+0000] {dag.py:3036} INFO - Sync 1 DAGs
[2025-12-27T03:05:16.268+0000] {logging_mixin.py:188} INFO - [2025-12-27T03:05:16.268+0000] {dag.py:3823} INFO - Setting next_dagrun for example_setup_teardown to 2025-12-26 00:00:00+00:00, run_after=2025-12-27 00:00:00+00:00
[2025-12-27T03:05:16.314+0000] {processor.py:183} INFO - Processing /workspaces/Airflow-domain-etl/venv/lib/python3.10/site-packages/airflow/example_dags/example_setup_teardown.py took 0.092 seconds
[2025-12-27T03:06:04.721+0000] {processor.py:161} INFO - Started process (PID=27121) to work on /workspaces/Airflow-domain-etl/venv/lib/python3.10/site-packages/airflow/example_dags/example_setup_teardown.py
[2025-12-27T03:06:04.722+0000] {processor.py:830} INFO - Processing file /workspaces/Airflow-domain-etl/venv/lib/python3.10/site-packages/airflow/example_dags/example_setup_teardown.py for tasks to queue
[2025-12-27T03:06:04.722+0000] {logging_mixin.py:188} INFO - [2025-12-27T03:06:04.722+0000] {dagbag.py:538} INFO - Filling up the DagBag from /workspaces/Airflow-domain-etl/venv/lib/python3.10/site-packages/airflow/example_dags/example_setup_teardown.py
[2025-12-27T03:06:04.728+0000] {processor.py:840} INFO - DAG(s) 'example_setup_teardown' retrieved from /workspaces/Airflow-domain-etl/venv/lib/python3.10/site-packages/airflow/example_dags/example_setup_teardown.py
[2025-12-27T03:06:04.738+0000] {logging_mixin.py:188} INFO - [2025-12-27T03:06:04.738+0000] {dag.py:3036} INFO - Sync 1 DAGs
[2025-12-27T03:06:04.752+0000] {logging_mixin.py:188} INFO - [2025-12-27T03:06:04.751+0000] {dag.py:3823} INFO - Setting next_dagrun for example_setup_teardown to 2025-12-26 00:00:00+00:00, run_after=2025-12-27 00:00:00+00:00
[2025-12-27T03:06:04.766+0000] {processor.py:183} INFO - Processing /workspaces/Airflow-domain-etl/venv/lib/python3.10/site-packages/airflow/example_dags/example_setup_teardown.py took 0.047 seconds
