[2025-12-27T03:03:44.706+0000] {processor.py:161} INFO - Started process (PID=25627) to work on /workspaces/Airflow-domain-etl/venv/lib/python3.10/site-packages/airflow/example_dags/example_params_ui_tutorial.py
[2025-12-27T03:03:44.707+0000] {processor.py:830} INFO - Processing file /workspaces/Airflow-domain-etl/venv/lib/python3.10/site-packages/airflow/example_dags/example_params_ui_tutorial.py for tasks to queue
[2025-12-27T03:03:44.708+0000] {logging_mixin.py:188} INFO - [2025-12-27T03:03:44.707+0000] {dagbag.py:538} INFO - Filling up the DagBag from /workspaces/Airflow-domain-etl/venv/lib/python3.10/site-packages/airflow/example_dags/example_params_ui_tutorial.py
[2025-12-27T03:03:44.718+0000] {processor.py:840} INFO - DAG(s) 'example_params_ui_tutorial' retrieved from /workspaces/Airflow-domain-etl/venv/lib/python3.10/site-packages/airflow/example_dags/example_params_ui_tutorial.py
[2025-12-27T03:03:44.811+0000] {logging_mixin.py:188} INFO - [2025-12-27T03:03:44.811+0000] {override.py:1769} INFO - Created Permission View: can delete on DAG:example_params_ui_tutorial
[2025-12-27T03:03:44.819+0000] {logging_mixin.py:188} INFO - [2025-12-27T03:03:44.819+0000] {override.py:1769} INFO - Created Permission View: can edit on DAG:example_params_ui_tutorial
[2025-12-27T03:03:44.826+0000] {logging_mixin.py:188} INFO - [2025-12-27T03:03:44.826+0000] {override.py:1769} INFO - Created Permission View: can read on DAG:example_params_ui_tutorial
[2025-12-27T03:03:44.826+0000] {logging_mixin.py:188} INFO - [2025-12-27T03:03:44.826+0000] {dag.py:3036} INFO - Sync 1 DAGs
[2025-12-27T03:03:44.834+0000] {logging_mixin.py:188} INFO - [2025-12-27T03:03:44.834+0000] {dag.py:3058} INFO - Creating ORM DAG for example_params_ui_tutorial
[2025-12-27T03:03:44.835+0000] {logging_mixin.py:188} INFO - [2025-12-27T03:03:44.835+0000] {dag.py:3823} INFO - Setting next_dagrun for example_params_ui_tutorial to None, run_after=None
[2025-12-27T03:03:44.850+0000] {processor.py:183} INFO - Processing /workspaces/Airflow-domain-etl/venv/lib/python3.10/site-packages/airflow/example_dags/example_params_ui_tutorial.py took 0.146 seconds
[2025-12-27T03:04:32.121+0000] {processor.py:161} INFO - Started process (PID=26184) to work on /workspaces/Airflow-domain-etl/venv/lib/python3.10/site-packages/airflow/example_dags/example_params_ui_tutorial.py
[2025-12-27T03:04:32.122+0000] {processor.py:830} INFO - Processing file /workspaces/Airflow-domain-etl/venv/lib/python3.10/site-packages/airflow/example_dags/example_params_ui_tutorial.py for tasks to queue
[2025-12-27T03:04:32.123+0000] {logging_mixin.py:188} INFO - [2025-12-27T03:04:32.122+0000] {dagbag.py:538} INFO - Filling up the DagBag from /workspaces/Airflow-domain-etl/venv/lib/python3.10/site-packages/airflow/example_dags/example_params_ui_tutorial.py
[2025-12-27T03:04:32.131+0000] {processor.py:840} INFO - DAG(s) 'example_params_ui_tutorial' retrieved from /workspaces/Airflow-domain-etl/venv/lib/python3.10/site-packages/airflow/example_dags/example_params_ui_tutorial.py
[2025-12-27T03:04:32.164+0000] {logging_mixin.py:188} INFO - [2025-12-27T03:04:32.163+0000] {dag.py:3036} INFO - Sync 1 DAGs
[2025-12-27T03:04:32.171+0000] {logging_mixin.py:188} INFO - [2025-12-27T03:04:32.171+0000] {dag.py:3823} INFO - Setting next_dagrun for example_params_ui_tutorial to None, run_after=None
[2025-12-27T03:04:32.185+0000] {processor.py:183} INFO - Processing /workspaces/Airflow-domain-etl/venv/lib/python3.10/site-packages/airflow/example_dags/example_params_ui_tutorial.py took 0.066 seconds
[2025-12-27T03:05:20.767+0000] {processor.py:161} INFO - Started process (PID=26576) to work on /workspaces/Airflow-domain-etl/venv/lib/python3.10/site-packages/airflow/example_dags/example_params_ui_tutorial.py
[2025-12-27T03:05:20.768+0000] {processor.py:830} INFO - Processing file /workspaces/Airflow-domain-etl/venv/lib/python3.10/site-packages/airflow/example_dags/example_params_ui_tutorial.py for tasks to queue
[2025-12-27T03:05:20.768+0000] {logging_mixin.py:188} INFO - [2025-12-27T03:05:20.768+0000] {dagbag.py:538} INFO - Filling up the DagBag from /workspaces/Airflow-domain-etl/venv/lib/python3.10/site-packages/airflow/example_dags/example_params_ui_tutorial.py
[2025-12-27T03:05:20.777+0000] {processor.py:840} INFO - DAG(s) 'example_params_ui_tutorial' retrieved from /workspaces/Airflow-domain-etl/venv/lib/python3.10/site-packages/airflow/example_dags/example_params_ui_tutorial.py
[2025-12-27T03:05:20.812+0000] {logging_mixin.py:188} INFO - [2025-12-27T03:05:20.811+0000] {dag.py:3036} INFO - Sync 1 DAGs
[2025-12-27T03:05:20.819+0000] {logging_mixin.py:188} INFO - [2025-12-27T03:05:20.819+0000] {dag.py:3823} INFO - Setting next_dagrun for example_params_ui_tutorial to None, run_after=None
[2025-12-27T03:05:20.834+0000] {processor.py:183} INFO - Processing /workspaces/Airflow-domain-etl/venv/lib/python3.10/site-packages/airflow/example_dags/example_params_ui_tutorial.py took 0.069 seconds
[2025-12-27T03:06:16.118+0000] {processor.py:161} INFO - Started process (PID=27277) to work on /workspaces/Airflow-domain-etl/venv/lib/python3.10/site-packages/airflow/example_dags/example_params_ui_tutorial.py
[2025-12-27T03:06:16.119+0000] {processor.py:830} INFO - Processing file /workspaces/Airflow-domain-etl/venv/lib/python3.10/site-packages/airflow/example_dags/example_params_ui_tutorial.py for tasks to queue
[2025-12-27T03:06:16.119+0000] {logging_mixin.py:188} INFO - [2025-12-27T03:06:16.119+0000] {dagbag.py:538} INFO - Filling up the DagBag from /workspaces/Airflow-domain-etl/venv/lib/python3.10/site-packages/airflow/example_dags/example_params_ui_tutorial.py
[2025-12-27T03:06:16.130+0000] {processor.py:840} INFO - DAG(s) 'example_params_ui_tutorial' retrieved from /workspaces/Airflow-domain-etl/venv/lib/python3.10/site-packages/airflow/example_dags/example_params_ui_tutorial.py
[2025-12-27T03:06:16.163+0000] {logging_mixin.py:188} INFO - [2025-12-27T03:06:16.163+0000] {dag.py:3036} INFO - Sync 1 DAGs
[2025-12-27T03:06:16.171+0000] {logging_mixin.py:188} INFO - [2025-12-27T03:06:16.171+0000] {dag.py:3823} INFO - Setting next_dagrun for example_params_ui_tutorial to None, run_after=None
[2025-12-27T03:06:16.186+0000] {processor.py:183} INFO - Processing /workspaces/Airflow-domain-etl/venv/lib/python3.10/site-packages/airflow/example_dags/example_params_ui_tutorial.py took 0.070 seconds
