[2025-12-27T03:03:51.858+0000] {processor.py:161} INFO - Started process (PID=25733) to work on /workspaces/Airflow-domain-etl/venv/lib/python3.10/site-packages/airflow/example_dags/example_kubernetes_executor.py
[2025-12-27T03:03:51.859+0000] {processor.py:830} INFO - Processing file /workspaces/Airflow-domain-etl/venv/lib/python3.10/site-packages/airflow/example_dags/example_kubernetes_executor.py for tasks to queue
[2025-12-27T03:03:51.859+0000] {logging_mixin.py:188} INFO - [2025-12-27T03:03:51.859+0000] {dagbag.py:538} INFO - Filling up the DagBag from /workspaces/Airflow-domain-etl/venv/lib/python3.10/site-packages/airflow/example_dags/example_kubernetes_executor.py
[2025-12-27T03:03:51.861+0000] {logging_mixin.py:188} INFO - [2025-12-27T03:03:51.861+0000] {example_kubernetes_executor.py:38} WARNING - The example_kubernetes_executor example DAG requires the kubernetes provider. Please install it with: pip install apache-airflow[cncf.kubernetes]
[2025-12-27T03:03:51.862+0000] {processor.py:842} WARNING - No viable dags retrieved from /workspaces/Airflow-domain-etl/venv/lib/python3.10/site-packages/airflow/example_dags/example_kubernetes_executor.py
[2025-12-27T03:03:51.868+0000] {processor.py:183} INFO - Processing /workspaces/Airflow-domain-etl/venv/lib/python3.10/site-packages/airflow/example_dags/example_kubernetes_executor.py took 0.012 seconds
[2025-12-27T03:04:38.414+0000] {processor.py:161} INFO - Started process (PID=26239) to work on /workspaces/Airflow-domain-etl/venv/lib/python3.10/site-packages/airflow/example_dags/example_kubernetes_executor.py
[2025-12-27T03:04:38.414+0000] {processor.py:830} INFO - Processing file /workspaces/Airflow-domain-etl/venv/lib/python3.10/site-packages/airflow/example_dags/example_kubernetes_executor.py for tasks to queue
[2025-12-27T03:04:38.415+0000] {logging_mixin.py:188} INFO - [2025-12-27T03:04:38.415+0000] {dagbag.py:538} INFO - Filling up the DagBag from /workspaces/Airflow-domain-etl/venv/lib/python3.10/site-packages/airflow/example_dags/example_kubernetes_executor.py
[2025-12-27T03:04:38.418+0000] {logging_mixin.py:188} INFO - [2025-12-27T03:04:38.418+0000] {example_kubernetes_executor.py:38} WARNING - The example_kubernetes_executor example DAG requires the kubernetes provider. Please install it with: pip install apache-airflow[cncf.kubernetes]
[2025-12-27T03:04:38.419+0000] {processor.py:842} WARNING - No viable dags retrieved from /workspaces/Airflow-domain-etl/venv/lib/python3.10/site-packages/airflow/example_dags/example_kubernetes_executor.py
[2025-12-27T03:04:38.428+0000] {processor.py:183} INFO - Processing /workspaces/Airflow-domain-etl/venv/lib/python3.10/site-packages/airflow/example_dags/example_kubernetes_executor.py took 0.017 seconds
[2025-12-27T03:05:27.496+0000] {processor.py:161} INFO - Started process (PID=26637) to work on /workspaces/Airflow-domain-etl/venv/lib/python3.10/site-packages/airflow/example_dags/example_kubernetes_executor.py
[2025-12-27T03:05:27.497+0000] {processor.py:830} INFO - Processing file /workspaces/Airflow-domain-etl/venv/lib/python3.10/site-packages/airflow/example_dags/example_kubernetes_executor.py for tasks to queue
[2025-12-27T03:05:27.497+0000] {logging_mixin.py:188} INFO - [2025-12-27T03:05:27.497+0000] {dagbag.py:538} INFO - Filling up the DagBag from /workspaces/Airflow-domain-etl/venv/lib/python3.10/site-packages/airflow/example_dags/example_kubernetes_executor.py
[2025-12-27T03:05:27.499+0000] {logging_mixin.py:188} INFO - [2025-12-27T03:05:27.499+0000] {example_kubernetes_executor.py:38} WARNING - The example_kubernetes_executor example DAG requires the kubernetes provider. Please install it with: pip install apache-airflow[cncf.kubernetes]
[2025-12-27T03:05:27.499+0000] {processor.py:842} WARNING - No viable dags retrieved from /workspaces/Airflow-domain-etl/venv/lib/python3.10/site-packages/airflow/example_dags/example_kubernetes_executor.py
[2025-12-27T03:05:27.506+0000] {processor.py:183} INFO - Processing /workspaces/Airflow-domain-etl/venv/lib/python3.10/site-packages/airflow/example_dags/example_kubernetes_executor.py took 0.012 seconds
[2025-12-27T03:06:22.391+0000] {processor.py:161} INFO - Started process (PID=27344) to work on /workspaces/Airflow-domain-etl/venv/lib/python3.10/site-packages/airflow/example_dags/example_kubernetes_executor.py
[2025-12-27T03:06:22.392+0000] {processor.py:830} INFO - Processing file /workspaces/Airflow-domain-etl/venv/lib/python3.10/site-packages/airflow/example_dags/example_kubernetes_executor.py for tasks to queue
[2025-12-27T03:06:22.393+0000] {logging_mixin.py:188} INFO - [2025-12-27T03:06:22.392+0000] {dagbag.py:538} INFO - Filling up the DagBag from /workspaces/Airflow-domain-etl/venv/lib/python3.10/site-packages/airflow/example_dags/example_kubernetes_executor.py
[2025-12-27T03:06:22.395+0000] {logging_mixin.py:188} INFO - [2025-12-27T03:06:22.395+0000] {example_kubernetes_executor.py:38} WARNING - The example_kubernetes_executor example DAG requires the kubernetes provider. Please install it with: pip install apache-airflow[cncf.kubernetes]
[2025-12-27T03:06:22.395+0000] {processor.py:842} WARNING - No viable dags retrieved from /workspaces/Airflow-domain-etl/venv/lib/python3.10/site-packages/airflow/example_dags/example_kubernetes_executor.py
[2025-12-27T03:06:22.401+0000] {processor.py:183} INFO - Processing /workspaces/Airflow-domain-etl/venv/lib/python3.10/site-packages/airflow/example_dags/example_kubernetes_executor.py took 0.012 seconds
