[2025-12-27T03:03:59.667+0000] {processor.py:161} INFO - Started process (PID=25814) to work on /workspaces/Airflow-domain-etl/venv/lib/python3.10/site-packages/airflow/example_dags/example_complex.py
[2025-12-27T03:03:59.668+0000] {processor.py:830} INFO - Processing file /workspaces/Airflow-domain-etl/venv/lib/python3.10/site-packages/airflow/example_dags/example_complex.py for tasks to queue
[2025-12-27T03:03:59.669+0000] {logging_mixin.py:188} INFO - [2025-12-27T03:03:59.668+0000] {dagbag.py:538} INFO - Filling up the DagBag from /workspaces/Airflow-domain-etl/venv/lib/python3.10/site-packages/airflow/example_dags/example_complex.py
[2025-12-27T03:03:59.676+0000] {processor.py:840} INFO - DAG(s) 'example_complex' retrieved from /workspaces/Airflow-domain-etl/venv/lib/python3.10/site-packages/airflow/example_dags/example_complex.py
[2025-12-27T03:03:59.756+0000] {logging_mixin.py:188} INFO - [2025-12-27T03:03:59.756+0000] {override.py:1769} INFO - Created Permission View: can delete on DAG:example_complex
[2025-12-27T03:03:59.765+0000] {logging_mixin.py:188} INFO - [2025-12-27T03:03:59.764+0000] {override.py:1769} INFO - Created Permission View: can edit on DAG:example_complex
[2025-12-27T03:03:59.771+0000] {logging_mixin.py:188} INFO - [2025-12-27T03:03:59.771+0000] {override.py:1769} INFO - Created Permission View: can read on DAG:example_complex
[2025-12-27T03:03:59.771+0000] {logging_mixin.py:188} INFO - [2025-12-27T03:03:59.771+0000] {dag.py:3036} INFO - Sync 1 DAGs
[2025-12-27T03:03:59.778+0000] {logging_mixin.py:188} INFO - [2025-12-27T03:03:59.778+0000] {dag.py:3058} INFO - Creating ORM DAG for example_complex
[2025-12-27T03:03:59.778+0000] {logging_mixin.py:188} INFO - [2025-12-27T03:03:59.778+0000] {dag.py:3823} INFO - Setting next_dagrun for example_complex to None, run_after=None
[2025-12-27T03:03:59.796+0000] {processor.py:183} INFO - Processing /workspaces/Airflow-domain-etl/venv/lib/python3.10/site-packages/airflow/example_dags/example_complex.py took 0.131 seconds
[2025-12-27T03:04:50.012+0000] {processor.py:161} INFO - Started process (PID=26331) to work on /workspaces/Airflow-domain-etl/venv/lib/python3.10/site-packages/airflow/example_dags/example_complex.py
[2025-12-27T03:04:50.013+0000] {processor.py:830} INFO - Processing file /workspaces/Airflow-domain-etl/venv/lib/python3.10/site-packages/airflow/example_dags/example_complex.py for tasks to queue
[2025-12-27T03:04:50.013+0000] {logging_mixin.py:188} INFO - [2025-12-27T03:04:50.013+0000] {dagbag.py:538} INFO - Filling up the DagBag from /workspaces/Airflow-domain-etl/venv/lib/python3.10/site-packages/airflow/example_dags/example_complex.py
[2025-12-27T03:04:50.021+0000] {processor.py:840} INFO - DAG(s) 'example_complex' retrieved from /workspaces/Airflow-domain-etl/venv/lib/python3.10/site-packages/airflow/example_dags/example_complex.py
[2025-12-27T03:04:50.039+0000] {logging_mixin.py:188} INFO - [2025-12-27T03:04:50.038+0000] {dag.py:3036} INFO - Sync 1 DAGs
[2025-12-27T03:04:50.046+0000] {logging_mixin.py:188} INFO - [2025-12-27T03:04:50.046+0000] {dag.py:3823} INFO - Setting next_dagrun for example_complex to None, run_after=None
[2025-12-27T03:04:50.061+0000] {processor.py:183} INFO - Processing /workspaces/Airflow-domain-etl/venv/lib/python3.10/site-packages/airflow/example_dags/example_complex.py took 0.051 seconds
[2025-12-27T03:05:40.310+0000] {processor.py:161} INFO - Started process (PID=26810) to work on /workspaces/Airflow-domain-etl/venv/lib/python3.10/site-packages/airflow/example_dags/example_complex.py
[2025-12-27T03:05:40.310+0000] {processor.py:830} INFO - Processing file /workspaces/Airflow-domain-etl/venv/lib/python3.10/site-packages/airflow/example_dags/example_complex.py for tasks to queue
[2025-12-27T03:05:40.311+0000] {logging_mixin.py:188} INFO - [2025-12-27T03:05:40.311+0000] {dagbag.py:538} INFO - Filling up the DagBag from /workspaces/Airflow-domain-etl/venv/lib/python3.10/site-packages/airflow/example_dags/example_complex.py
[2025-12-27T03:05:40.319+0000] {processor.py:840} INFO - DAG(s) 'example_complex' retrieved from /workspaces/Airflow-domain-etl/venv/lib/python3.10/site-packages/airflow/example_dags/example_complex.py
[2025-12-27T03:05:40.336+0000] {logging_mixin.py:188} INFO - [2025-12-27T03:05:40.336+0000] {dag.py:3036} INFO - Sync 1 DAGs
[2025-12-27T03:05:40.344+0000] {logging_mixin.py:188} INFO - [2025-12-27T03:05:40.344+0000] {dag.py:3823} INFO - Setting next_dagrun for example_complex to None, run_after=None
[2025-12-27T03:05:40.358+0000] {processor.py:183} INFO - Processing /workspaces/Airflow-domain-etl/venv/lib/python3.10/site-packages/airflow/example_dags/example_complex.py took 0.051 seconds
[2025-12-27T03:06:37.610+0000] {processor.py:161} INFO - Started process (PID=27503) to work on /workspaces/Airflow-domain-etl/venv/lib/python3.10/site-packages/airflow/example_dags/example_complex.py
[2025-12-27T03:06:37.611+0000] {processor.py:830} INFO - Processing file /workspaces/Airflow-domain-etl/venv/lib/python3.10/site-packages/airflow/example_dags/example_complex.py for tasks to queue
[2025-12-27T03:06:37.612+0000] {logging_mixin.py:188} INFO - [2025-12-27T03:06:37.612+0000] {dagbag.py:538} INFO - Filling up the DagBag from /workspaces/Airflow-domain-etl/venv/lib/python3.10/site-packages/airflow/example_dags/example_complex.py
[2025-12-27T03:06:37.628+0000] {processor.py:840} INFO - DAG(s) 'example_complex' retrieved from /workspaces/Airflow-domain-etl/venv/lib/python3.10/site-packages/airflow/example_dags/example_complex.py
[2025-12-27T03:06:37.653+0000] {logging_mixin.py:188} INFO - [2025-12-27T03:06:37.653+0000] {dag.py:3036} INFO - Sync 1 DAGs
[2025-12-27T03:06:37.662+0000] {logging_mixin.py:188} INFO - [2025-12-27T03:06:37.661+0000] {dag.py:3823} INFO - Setting next_dagrun for example_complex to None, run_after=None
[2025-12-27T03:06:37.678+0000] {processor.py:183} INFO - Processing /workspaces/Airflow-domain-etl/venv/lib/python3.10/site-packages/airflow/example_dags/example_complex.py took 0.070 seconds
