[2025-12-27T03:03:33.466+0000] {processor.py:161} INFO - Started process (PID=25148) to work on /workspaces/Airflow-domain-etl/venv/lib/python3.10/site-packages/airflow/example_dags/example_task_group.py
[2025-12-27T03:03:33.467+0000] {processor.py:830} INFO - Processing file /workspaces/Airflow-domain-etl/venv/lib/python3.10/site-packages/airflow/example_dags/example_task_group.py for tasks to queue
[2025-12-27T03:03:33.468+0000] {logging_mixin.py:188} INFO - [2025-12-27T03:03:33.467+0000] {dagbag.py:538} INFO - Filling up the DagBag from /workspaces/Airflow-domain-etl/venv/lib/python3.10/site-packages/airflow/example_dags/example_task_group.py
[2025-12-27T03:03:33.476+0000] {processor.py:840} INFO - DAG(s) 'example_task_group' retrieved from /workspaces/Airflow-domain-etl/venv/lib/python3.10/site-packages/airflow/example_dags/example_task_group.py
[2025-12-27T03:03:33.576+0000] {logging_mixin.py:188} INFO - [2025-12-27T03:03:33.575+0000] {override.py:1769} INFO - Created Permission View: can delete on DAG:example_task_group
[2025-12-27T03:03:33.584+0000] {logging_mixin.py:188} INFO - [2025-12-27T03:03:33.584+0000] {override.py:1769} INFO - Created Permission View: can edit on DAG:example_task_group
[2025-12-27T03:03:33.590+0000] {logging_mixin.py:188} INFO - [2025-12-27T03:03:33.590+0000] {override.py:1769} INFO - Created Permission View: can read on DAG:example_task_group
[2025-12-27T03:03:33.590+0000] {logging_mixin.py:188} INFO - [2025-12-27T03:03:33.590+0000] {dag.py:3036} INFO - Sync 1 DAGs
[2025-12-27T03:03:33.597+0000] {logging_mixin.py:188} INFO - [2025-12-27T03:03:33.597+0000] {dag.py:3058} INFO - Creating ORM DAG for example_task_group
[2025-12-27T03:03:33.606+0000] {logging_mixin.py:188} INFO - [2025-12-27T03:03:33.606+0000] {dag.py:3823} INFO - Setting next_dagrun for example_task_group to 2025-12-26 00:00:00+00:00, run_after=2025-12-27 00:00:00+00:00
[2025-12-27T03:03:33.622+0000] {processor.py:183} INFO - Processing /workspaces/Airflow-domain-etl/venv/lib/python3.10/site-packages/airflow/example_dags/example_task_group.py took 0.158 seconds
[2025-12-27T03:04:21.847+0000] {processor.py:161} INFO - Started process (PID=26084) to work on /workspaces/Airflow-domain-etl/venv/lib/python3.10/site-packages/airflow/example_dags/example_task_group.py
[2025-12-27T03:04:21.847+0000] {processor.py:830} INFO - Processing file /workspaces/Airflow-domain-etl/venv/lib/python3.10/site-packages/airflow/example_dags/example_task_group.py for tasks to queue
[2025-12-27T03:04:21.848+0000] {logging_mixin.py:188} INFO - [2025-12-27T03:04:21.848+0000] {dagbag.py:538} INFO - Filling up the DagBag from /workspaces/Airflow-domain-etl/venv/lib/python3.10/site-packages/airflow/example_dags/example_task_group.py
[2025-12-27T03:04:21.853+0000] {processor.py:840} INFO - DAG(s) 'example_task_group' retrieved from /workspaces/Airflow-domain-etl/venv/lib/python3.10/site-packages/airflow/example_dags/example_task_group.py
[2025-12-27T03:04:21.865+0000] {logging_mixin.py:188} INFO - [2025-12-27T03:04:21.865+0000] {dag.py:3036} INFO - Sync 1 DAGs
[2025-12-27T03:04:21.878+0000] {logging_mixin.py:188} INFO - [2025-12-27T03:04:21.878+0000] {dag.py:3823} INFO - Setting next_dagrun for example_task_group to 2025-12-26 00:00:00+00:00, run_after=2025-12-27 00:00:00+00:00
[2025-12-27T03:04:21.893+0000] {processor.py:183} INFO - Processing /workspaces/Airflow-domain-etl/venv/lib/python3.10/site-packages/airflow/example_dags/example_task_group.py took 0.048 seconds
[2025-12-27T03:05:08.296+0000] {processor.py:161} INFO - Started process (PID=26458) to work on /workspaces/Airflow-domain-etl/venv/lib/python3.10/site-packages/airflow/example_dags/example_task_group.py
[2025-12-27T03:05:08.297+0000] {processor.py:830} INFO - Processing file /workspaces/Airflow-domain-etl/venv/lib/python3.10/site-packages/airflow/example_dags/example_task_group.py for tasks to queue
[2025-12-27T03:05:08.298+0000] {logging_mixin.py:188} INFO - [2025-12-27T03:05:08.297+0000] {dagbag.py:538} INFO - Filling up the DagBag from /workspaces/Airflow-domain-etl/venv/lib/python3.10/site-packages/airflow/example_dags/example_task_group.py
[2025-12-27T03:05:08.304+0000] {processor.py:840} INFO - DAG(s) 'example_task_group' retrieved from /workspaces/Airflow-domain-etl/venv/lib/python3.10/site-packages/airflow/example_dags/example_task_group.py
[2025-12-27T03:05:08.315+0000] {logging_mixin.py:188} INFO - [2025-12-27T03:05:08.315+0000] {dag.py:3036} INFO - Sync 1 DAGs
[2025-12-27T03:05:08.328+0000] {logging_mixin.py:188} INFO - [2025-12-27T03:05:08.327+0000] {dag.py:3823} INFO - Setting next_dagrun for example_task_group to 2025-12-26 00:00:00+00:00, run_after=2025-12-27 00:00:00+00:00
[2025-12-27T03:05:08.342+0000] {processor.py:183} INFO - Processing /workspaces/Airflow-domain-etl/venv/lib/python3.10/site-packages/airflow/example_dags/example_task_group.py took 0.048 seconds
[2025-12-27T03:05:58.008+0000] {processor.py:161} INFO - Started process (PID=27009) to work on /workspaces/Airflow-domain-etl/venv/lib/python3.10/site-packages/airflow/example_dags/example_task_group.py
[2025-12-27T03:05:58.008+0000] {processor.py:830} INFO - Processing file /workspaces/Airflow-domain-etl/venv/lib/python3.10/site-packages/airflow/example_dags/example_task_group.py for tasks to queue
[2025-12-27T03:05:58.009+0000] {logging_mixin.py:188} INFO - [2025-12-27T03:05:58.009+0000] {dagbag.py:538} INFO - Filling up the DagBag from /workspaces/Airflow-domain-etl/venv/lib/python3.10/site-packages/airflow/example_dags/example_task_group.py
[2025-12-27T03:05:58.021+0000] {processor.py:840} INFO - DAG(s) 'example_task_group' retrieved from /workspaces/Airflow-domain-etl/venv/lib/python3.10/site-packages/airflow/example_dags/example_task_group.py
[2025-12-27T03:05:58.036+0000] {logging_mixin.py:188} INFO - [2025-12-27T03:05:58.036+0000] {dag.py:3036} INFO - Sync 1 DAGs
[2025-12-27T03:05:58.054+0000] {logging_mixin.py:188} INFO - [2025-12-27T03:05:58.054+0000] {dag.py:3823} INFO - Setting next_dagrun for example_task_group to 2025-12-26 00:00:00+00:00, run_after=2025-12-27 00:00:00+00:00
[2025-12-27T03:05:58.073+0000] {processor.py:183} INFO - Processing /workspaces/Airflow-domain-etl/venv/lib/python3.10/site-packages/airflow/example_dags/example_task_group.py took 0.068 seconds
