[2025-12-27T03:03:23.212+0000] {processor.py:161} INFO - Started process (PID=25066) to work on /workspaces/Airflow-domain-etl/venv/lib/python3.10/site-packages/airflow/example_dags/tutorial_objectstorage.py
[2025-12-27T03:03:23.213+0000] {processor.py:830} INFO - Processing file /workspaces/Airflow-domain-etl/venv/lib/python3.10/site-packages/airflow/example_dags/tutorial_objectstorage.py for tasks to queue
[2025-12-27T03:03:23.214+0000] {logging_mixin.py:188} INFO - [2025-12-27T03:03:23.213+0000] {dagbag.py:538} INFO - Filling up the DagBag from /workspaces/Airflow-domain-etl/venv/lib/python3.10/site-packages/airflow/example_dags/tutorial_objectstorage.py
[2025-12-27T03:03:23.296+0000] {processor.py:840} INFO - DAG(s) 'tutorial_objectstorage' retrieved from /workspaces/Airflow-domain-etl/venv/lib/python3.10/site-packages/airflow/example_dags/tutorial_objectstorage.py
[2025-12-27T03:03:23.366+0000] {logging_mixin.py:188} INFO - [2025-12-27T03:03:23.365+0000] {override.py:1769} INFO - Created Permission View: can delete on DAG:tutorial_objectstorage
[2025-12-27T03:03:23.374+0000] {logging_mixin.py:188} INFO - [2025-12-27T03:03:23.374+0000] {override.py:1769} INFO - Created Permission View: can edit on DAG:tutorial_objectstorage
[2025-12-27T03:03:23.380+0000] {logging_mixin.py:188} INFO - [2025-12-27T03:03:23.380+0000] {override.py:1769} INFO - Created Permission View: can read on DAG:tutorial_objectstorage
[2025-12-27T03:03:23.381+0000] {logging_mixin.py:188} INFO - [2025-12-27T03:03:23.381+0000] {dag.py:3036} INFO - Sync 1 DAGs
[2025-12-27T03:03:23.387+0000] {logging_mixin.py:188} INFO - [2025-12-27T03:03:23.387+0000] {dag.py:3058} INFO - Creating ORM DAG for tutorial_objectstorage
[2025-12-27T03:03:23.387+0000] {logging_mixin.py:188} INFO - [2025-12-27T03:03:23.387+0000] {dag.py:3823} INFO - Setting next_dagrun for tutorial_objectstorage to None, run_after=None
[2025-12-27T03:03:23.404+0000] {processor.py:183} INFO - Processing /workspaces/Airflow-domain-etl/venv/lib/python3.10/site-packages/airflow/example_dags/tutorial_objectstorage.py took 0.194 seconds
[2025-12-27T03:04:14.479+0000] {processor.py:161} INFO - Started process (PID=25986) to work on /workspaces/Airflow-domain-etl/venv/lib/python3.10/site-packages/airflow/example_dags/tutorial_objectstorage.py
[2025-12-27T03:04:14.480+0000] {processor.py:830} INFO - Processing file /workspaces/Airflow-domain-etl/venv/lib/python3.10/site-packages/airflow/example_dags/tutorial_objectstorage.py for tasks to queue
[2025-12-27T03:04:14.481+0000] {logging_mixin.py:188} INFO - [2025-12-27T03:04:14.481+0000] {dagbag.py:538} INFO - Filling up the DagBag from /workspaces/Airflow-domain-etl/venv/lib/python3.10/site-packages/airflow/example_dags/tutorial_objectstorage.py
[2025-12-27T03:04:14.490+0000] {processor.py:840} INFO - DAG(s) 'tutorial_objectstorage' retrieved from /workspaces/Airflow-domain-etl/venv/lib/python3.10/site-packages/airflow/example_dags/tutorial_objectstorage.py
[2025-12-27T03:04:14.507+0000] {logging_mixin.py:188} INFO - [2025-12-27T03:04:14.507+0000] {dag.py:3036} INFO - Sync 1 DAGs
[2025-12-27T03:04:14.522+0000] {logging_mixin.py:188} INFO - [2025-12-27T03:04:14.522+0000] {dag.py:3823} INFO - Setting next_dagrun for tutorial_objectstorage to None, run_after=None
[2025-12-27T03:04:14.536+0000] {processor.py:183} INFO - Processing /workspaces/Airflow-domain-etl/venv/lib/python3.10/site-packages/airflow/example_dags/tutorial_objectstorage.py took 0.060 seconds
[2025-12-27T03:05:00.292+0000] {processor.py:161} INFO - Started process (PID=26411) to work on /workspaces/Airflow-domain-etl/venv/lib/python3.10/site-packages/airflow/example_dags/tutorial_objectstorage.py
[2025-12-27T03:05:00.292+0000] {processor.py:830} INFO - Processing file /workspaces/Airflow-domain-etl/venv/lib/python3.10/site-packages/airflow/example_dags/tutorial_objectstorage.py for tasks to queue
[2025-12-27T03:05:00.293+0000] {logging_mixin.py:188} INFO - [2025-12-27T03:05:00.293+0000] {dagbag.py:538} INFO - Filling up the DagBag from /workspaces/Airflow-domain-etl/venv/lib/python3.10/site-packages/airflow/example_dags/tutorial_objectstorage.py
[2025-12-27T03:05:00.298+0000] {processor.py:840} INFO - DAG(s) 'tutorial_objectstorage' retrieved from /workspaces/Airflow-domain-etl/venv/lib/python3.10/site-packages/airflow/example_dags/tutorial_objectstorage.py
[2025-12-27T03:05:00.308+0000] {logging_mixin.py:188} INFO - [2025-12-27T03:05:00.308+0000] {dag.py:3036} INFO - Sync 1 DAGs
[2025-12-27T03:05:00.315+0000] {logging_mixin.py:188} INFO - [2025-12-27T03:05:00.315+0000] {dag.py:3823} INFO - Setting next_dagrun for tutorial_objectstorage to None, run_after=None
[2025-12-27T03:05:00.330+0000] {processor.py:183} INFO - Processing /workspaces/Airflow-domain-etl/venv/lib/python3.10/site-packages/airflow/example_dags/tutorial_objectstorage.py took 0.041 seconds
[2025-12-27T03:05:36.206+0000] {processor.py:161} INFO - Started process (PID=26738) to work on /workspaces/Airflow-domain-etl/venv/lib/python3.10/site-packages/airflow/example_dags/tutorial_objectstorage.py
[2025-12-27T03:05:36.207+0000] {processor.py:830} INFO - Processing file /workspaces/Airflow-domain-etl/venv/lib/python3.10/site-packages/airflow/example_dags/tutorial_objectstorage.py for tasks to queue
[2025-12-27T03:05:36.207+0000] {logging_mixin.py:188} INFO - [2025-12-27T03:05:36.207+0000] {dagbag.py:538} INFO - Filling up the DagBag from /workspaces/Airflow-domain-etl/venv/lib/python3.10/site-packages/airflow/example_dags/tutorial_objectstorage.py
[2025-12-27T03:05:36.213+0000] {processor.py:840} INFO - DAG(s) 'tutorial_objectstorage' retrieved from /workspaces/Airflow-domain-etl/venv/lib/python3.10/site-packages/airflow/example_dags/tutorial_objectstorage.py
[2025-12-27T03:05:36.222+0000] {logging_mixin.py:188} INFO - [2025-12-27T03:05:36.222+0000] {dag.py:3036} INFO - Sync 1 DAGs
[2025-12-27T03:05:36.229+0000] {logging_mixin.py:188} INFO - [2025-12-27T03:05:36.229+0000] {dag.py:3823} INFO - Setting next_dagrun for tutorial_objectstorage to None, run_after=None
[2025-12-27T03:05:36.244+0000] {processor.py:183} INFO - Processing /workspaces/Airflow-domain-etl/venv/lib/python3.10/site-packages/airflow/example_dags/tutorial_objectstorage.py took 0.040 seconds
[2025-12-27T03:06:12.143+0000] {processor.py:161} INFO - Started process (PID=27223) to work on /workspaces/Airflow-domain-etl/venv/lib/python3.10/site-packages/airflow/example_dags/tutorial_objectstorage.py
[2025-12-27T03:06:12.144+0000] {processor.py:830} INFO - Processing file /workspaces/Airflow-domain-etl/venv/lib/python3.10/site-packages/airflow/example_dags/tutorial_objectstorage.py for tasks to queue
[2025-12-27T03:06:12.145+0000] {logging_mixin.py:188} INFO - [2025-12-27T03:06:12.145+0000] {dagbag.py:538} INFO - Filling up the DagBag from /workspaces/Airflow-domain-etl/venv/lib/python3.10/site-packages/airflow/example_dags/tutorial_objectstorage.py
[2025-12-27T03:06:12.153+0000] {processor.py:840} INFO - DAG(s) 'tutorial_objectstorage' retrieved from /workspaces/Airflow-domain-etl/venv/lib/python3.10/site-packages/airflow/example_dags/tutorial_objectstorage.py
[2025-12-27T03:06:12.167+0000] {logging_mixin.py:188} INFO - [2025-12-27T03:06:12.167+0000] {dag.py:3036} INFO - Sync 1 DAGs
[2025-12-27T03:06:12.178+0000] {logging_mixin.py:188} INFO - [2025-12-27T03:06:12.178+0000] {dag.py:3823} INFO - Setting next_dagrun for tutorial_objectstorage to None, run_after=None
[2025-12-27T03:06:12.205+0000] {processor.py:183} INFO - Processing /workspaces/Airflow-domain-etl/venv/lib/python3.10/site-packages/airflow/example_dags/tutorial_objectstorage.py took 0.064 seconds
