[2025-12-27T03:03:24.453+0000] {processor.py:161} INFO - Started process (PID=25075) to work on /workspaces/Airflow-domain-etl/venv/lib/python3.10/site-packages/airflow/example_dags/tutorial_taskflow_api_virtualenv.py
[2025-12-27T03:03:24.454+0000] {processor.py:830} INFO - Processing file /workspaces/Airflow-domain-etl/venv/lib/python3.10/site-packages/airflow/example_dags/tutorial_taskflow_api_virtualenv.py for tasks to queue
[2025-12-27T03:03:24.454+0000] {logging_mixin.py:188} INFO - [2025-12-27T03:03:24.454+0000] {dagbag.py:538} INFO - Filling up the DagBag from /workspaces/Airflow-domain-etl/venv/lib/python3.10/site-packages/airflow/example_dags/tutorial_taskflow_api_virtualenv.py
[2025-12-27T03:03:24.533+0000] {processor.py:840} INFO - DAG(s) 'tutorial_taskflow_api_virtualenv' retrieved from /workspaces/Airflow-domain-etl/venv/lib/python3.10/site-packages/airflow/example_dags/tutorial_taskflow_api_virtualenv.py
[2025-12-27T03:03:24.600+0000] {logging_mixin.py:188} INFO - [2025-12-27T03:03:24.600+0000] {override.py:1769} INFO - Created Permission View: can delete on DAG:tutorial_taskflow_api_virtualenv
[2025-12-27T03:03:24.608+0000] {logging_mixin.py:188} INFO - [2025-12-27T03:03:24.608+0000] {override.py:1769} INFO - Created Permission View: can edit on DAG:tutorial_taskflow_api_virtualenv
[2025-12-27T03:03:24.615+0000] {logging_mixin.py:188} INFO - [2025-12-27T03:03:24.615+0000] {override.py:1769} INFO - Created Permission View: can read on DAG:tutorial_taskflow_api_virtualenv
[2025-12-27T03:03:24.615+0000] {logging_mixin.py:188} INFO - [2025-12-27T03:03:24.615+0000] {dag.py:3036} INFO - Sync 1 DAGs
[2025-12-27T03:03:24.621+0000] {logging_mixin.py:188} INFO - [2025-12-27T03:03:24.621+0000] {dag.py:3058} INFO - Creating ORM DAG for tutorial_taskflow_api_virtualenv
[2025-12-27T03:03:24.622+0000] {logging_mixin.py:188} INFO - [2025-12-27T03:03:24.622+0000] {dag.py:3823} INFO - Setting next_dagrun for tutorial_taskflow_api_virtualenv to None, run_after=None
[2025-12-27T03:03:24.636+0000] {processor.py:183} INFO - Processing /workspaces/Airflow-domain-etl/venv/lib/python3.10/site-packages/airflow/example_dags/tutorial_taskflow_api_virtualenv.py took 0.185 seconds
[2025-12-27T03:04:15.187+0000] {processor.py:161} INFO - Started process (PID=25991) to work on /workspaces/Airflow-domain-etl/venv/lib/python3.10/site-packages/airflow/example_dags/tutorial_taskflow_api_virtualenv.py
[2025-12-27T03:04:15.188+0000] {processor.py:830} INFO - Processing file /workspaces/Airflow-domain-etl/venv/lib/python3.10/site-packages/airflow/example_dags/tutorial_taskflow_api_virtualenv.py for tasks to queue
[2025-12-27T03:04:15.189+0000] {logging_mixin.py:188} INFO - [2025-12-27T03:04:15.188+0000] {dagbag.py:538} INFO - Filling up the DagBag from /workspaces/Airflow-domain-etl/venv/lib/python3.10/site-packages/airflow/example_dags/tutorial_taskflow_api_virtualenv.py
[2025-12-27T03:04:15.197+0000] {processor.py:840} INFO - DAG(s) 'tutorial_taskflow_api_virtualenv' retrieved from /workspaces/Airflow-domain-etl/venv/lib/python3.10/site-packages/airflow/example_dags/tutorial_taskflow_api_virtualenv.py
[2025-12-27T03:04:15.207+0000] {logging_mixin.py:188} INFO - [2025-12-27T03:04:15.207+0000] {dag.py:3036} INFO - Sync 1 DAGs
[2025-12-27T03:04:15.214+0000] {logging_mixin.py:188} INFO - [2025-12-27T03:04:15.214+0000] {dag.py:3823} INFO - Setting next_dagrun for tutorial_taskflow_api_virtualenv to None, run_after=None
[2025-12-27T03:04:15.228+0000] {processor.py:183} INFO - Processing /workspaces/Airflow-domain-etl/venv/lib/python3.10/site-packages/airflow/example_dags/tutorial_taskflow_api_virtualenv.py took 0.043 seconds
[2025-12-27T03:05:00.583+0000] {processor.py:161} INFO - Started process (PID=26412) to work on /workspaces/Airflow-domain-etl/venv/lib/python3.10/site-packages/airflow/example_dags/tutorial_taskflow_api_virtualenv.py
[2025-12-27T03:05:00.584+0000] {processor.py:830} INFO - Processing file /workspaces/Airflow-domain-etl/venv/lib/python3.10/site-packages/airflow/example_dags/tutorial_taskflow_api_virtualenv.py for tasks to queue
[2025-12-27T03:05:00.585+0000] {logging_mixin.py:188} INFO - [2025-12-27T03:05:00.584+0000] {dagbag.py:538} INFO - Filling up the DagBag from /workspaces/Airflow-domain-etl/venv/lib/python3.10/site-packages/airflow/example_dags/tutorial_taskflow_api_virtualenv.py
[2025-12-27T03:05:00.593+0000] {processor.py:840} INFO - DAG(s) 'tutorial_taskflow_api_virtualenv' retrieved from /workspaces/Airflow-domain-etl/venv/lib/python3.10/site-packages/airflow/example_dags/tutorial_taskflow_api_virtualenv.py
[2025-12-27T03:05:00.604+0000] {logging_mixin.py:188} INFO - [2025-12-27T03:05:00.604+0000] {dag.py:3036} INFO - Sync 1 DAGs
[2025-12-27T03:05:00.611+0000] {logging_mixin.py:188} INFO - [2025-12-27T03:05:00.611+0000] {dag.py:3823} INFO - Setting next_dagrun for tutorial_taskflow_api_virtualenv to None, run_after=None
[2025-12-27T03:05:00.626+0000] {processor.py:183} INFO - Processing /workspaces/Airflow-domain-etl/venv/lib/python3.10/site-packages/airflow/example_dags/tutorial_taskflow_api_virtualenv.py took 0.045 seconds
[2025-12-27T03:05:36.505+0000] {processor.py:161} INFO - Started process (PID=26766) to work on /workspaces/Airflow-domain-etl/venv/lib/python3.10/site-packages/airflow/example_dags/tutorial_taskflow_api_virtualenv.py
[2025-12-27T03:05:36.506+0000] {processor.py:830} INFO - Processing file /workspaces/Airflow-domain-etl/venv/lib/python3.10/site-packages/airflow/example_dags/tutorial_taskflow_api_virtualenv.py for tasks to queue
[2025-12-27T03:05:36.507+0000] {logging_mixin.py:188} INFO - [2025-12-27T03:05:36.507+0000] {dagbag.py:538} INFO - Filling up the DagBag from /workspaces/Airflow-domain-etl/venv/lib/python3.10/site-packages/airflow/example_dags/tutorial_taskflow_api_virtualenv.py
[2025-12-27T03:05:36.517+0000] {processor.py:840} INFO - DAG(s) 'tutorial_taskflow_api_virtualenv' retrieved from /workspaces/Airflow-domain-etl/venv/lib/python3.10/site-packages/airflow/example_dags/tutorial_taskflow_api_virtualenv.py
[2025-12-27T03:05:36.530+0000] {logging_mixin.py:188} INFO - [2025-12-27T03:05:36.530+0000] {dag.py:3036} INFO - Sync 1 DAGs
[2025-12-27T03:05:36.538+0000] {logging_mixin.py:188} INFO - [2025-12-27T03:05:36.538+0000] {dag.py:3823} INFO - Setting next_dagrun for tutorial_taskflow_api_virtualenv to None, run_after=None
[2025-12-27T03:05:36.555+0000] {processor.py:183} INFO - Processing /workspaces/Airflow-domain-etl/venv/lib/python3.10/site-packages/airflow/example_dags/tutorial_taskflow_api_virtualenv.py took 0.053 seconds
[2025-12-27T03:06:13.276+0000] {processor.py:161} INFO - Started process (PID=27247) to work on /workspaces/Airflow-domain-etl/venv/lib/python3.10/site-packages/airflow/example_dags/tutorial_taskflow_api_virtualenv.py
[2025-12-27T03:06:13.277+0000] {processor.py:830} INFO - Processing file /workspaces/Airflow-domain-etl/venv/lib/python3.10/site-packages/airflow/example_dags/tutorial_taskflow_api_virtualenv.py for tasks to queue
[2025-12-27T03:06:13.277+0000] {logging_mixin.py:188} INFO - [2025-12-27T03:06:13.277+0000] {dagbag.py:538} INFO - Filling up the DagBag from /workspaces/Airflow-domain-etl/venv/lib/python3.10/site-packages/airflow/example_dags/tutorial_taskflow_api_virtualenv.py
[2025-12-27T03:06:13.287+0000] {processor.py:840} INFO - DAG(s) 'tutorial_taskflow_api_virtualenv' retrieved from /workspaces/Airflow-domain-etl/venv/lib/python3.10/site-packages/airflow/example_dags/tutorial_taskflow_api_virtualenv.py
[2025-12-27T03:06:13.297+0000] {logging_mixin.py:188} INFO - [2025-12-27T03:06:13.297+0000] {dag.py:3036} INFO - Sync 1 DAGs
[2025-12-27T03:06:13.305+0000] {logging_mixin.py:188} INFO - [2025-12-27T03:06:13.305+0000] {dag.py:3823} INFO - Setting next_dagrun for tutorial_taskflow_api_virtualenv to None, run_after=None
[2025-12-27T03:06:13.320+0000] {processor.py:183} INFO - Processing /workspaces/Airflow-domain-etl/venv/lib/python3.10/site-packages/airflow/example_dags/tutorial_taskflow_api_virtualenv.py took 0.046 seconds
