[2025-12-27T03:03:17.857+0000] {processor.py:161} INFO - Started process (PID=25038) to work on /workspaces/Airflow-domain-etl/venv/lib/python3.10/site-packages/airflow/example_dags/subdags/subdag.py
[2025-12-27T03:03:17.858+0000] {processor.py:830} INFO - Processing file /workspaces/Airflow-domain-etl/venv/lib/python3.10/site-packages/airflow/example_dags/subdags/subdag.py for tasks to queue
[2025-12-27T03:03:17.858+0000] {logging_mixin.py:188} INFO - [2025-12-27T03:03:17.858+0000] {dagbag.py:538} INFO - Filling up the DagBag from /workspaces/Airflow-domain-etl/venv/lib/python3.10/site-packages/airflow/example_dags/subdags/subdag.py
[2025-12-27T03:03:17.860+0000] {processor.py:842} WARNING - No viable dags retrieved from /workspaces/Airflow-domain-etl/venv/lib/python3.10/site-packages/airflow/example_dags/subdags/subdag.py
[2025-12-27T03:03:17.866+0000] {processor.py:183} INFO - Processing /workspaces/Airflow-domain-etl/venv/lib/python3.10/site-packages/airflow/example_dags/subdags/subdag.py took 0.011 seconds
[2025-12-27T03:04:10.240+0000] {processor.py:161} INFO - Started process (PID=25944) to work on /workspaces/Airflow-domain-etl/venv/lib/python3.10/site-packages/airflow/example_dags/subdags/subdag.py
[2025-12-27T03:04:10.241+0000] {processor.py:830} INFO - Processing file /workspaces/Airflow-domain-etl/venv/lib/python3.10/site-packages/airflow/example_dags/subdags/subdag.py for tasks to queue
[2025-12-27T03:04:10.242+0000] {logging_mixin.py:188} INFO - [2025-12-27T03:04:10.241+0000] {dagbag.py:538} INFO - Filling up the DagBag from /workspaces/Airflow-domain-etl/venv/lib/python3.10/site-packages/airflow/example_dags/subdags/subdag.py
[2025-12-27T03:04:10.243+0000] {processor.py:842} WARNING - No viable dags retrieved from /workspaces/Airflow-domain-etl/venv/lib/python3.10/site-packages/airflow/example_dags/subdags/subdag.py
[2025-12-27T03:04:10.250+0000] {processor.py:183} INFO - Processing /workspaces/Airflow-domain-etl/venv/lib/python3.10/site-packages/airflow/example_dags/subdags/subdag.py took 0.012 seconds
[2025-12-27T03:04:45.076+0000] {processor.py:161} INFO - Started process (PID=26278) to work on /workspaces/Airflow-domain-etl/venv/lib/python3.10/site-packages/airflow/example_dags/subdags/subdag.py
[2025-12-27T03:04:45.076+0000] {processor.py:830} INFO - Processing file /workspaces/Airflow-domain-etl/venv/lib/python3.10/site-packages/airflow/example_dags/subdags/subdag.py for tasks to queue
[2025-12-27T03:04:45.077+0000] {logging_mixin.py:188} INFO - [2025-12-27T03:04:45.077+0000] {dagbag.py:538} INFO - Filling up the DagBag from /workspaces/Airflow-domain-etl/venv/lib/python3.10/site-packages/airflow/example_dags/subdags/subdag.py
[2025-12-27T03:04:45.079+0000] {processor.py:842} WARNING - No viable dags retrieved from /workspaces/Airflow-domain-etl/venv/lib/python3.10/site-packages/airflow/example_dags/subdags/subdag.py
[2025-12-27T03:04:45.085+0000] {processor.py:183} INFO - Processing /workspaces/Airflow-domain-etl/venv/lib/python3.10/site-packages/airflow/example_dags/subdags/subdag.py took 0.012 seconds
[2025-12-27T03:05:31.055+0000] {processor.py:161} INFO - Started process (PID=26693) to work on /workspaces/Airflow-domain-etl/venv/lib/python3.10/site-packages/airflow/example_dags/subdags/subdag.py
[2025-12-27T03:05:31.056+0000] {processor.py:830} INFO - Processing file /workspaces/Airflow-domain-etl/venv/lib/python3.10/site-packages/airflow/example_dags/subdags/subdag.py for tasks to queue
[2025-12-27T03:05:31.057+0000] {logging_mixin.py:188} INFO - [2025-12-27T03:05:31.056+0000] {dagbag.py:538} INFO - Filling up the DagBag from /workspaces/Airflow-domain-etl/venv/lib/python3.10/site-packages/airflow/example_dags/subdags/subdag.py
[2025-12-27T03:05:31.059+0000] {processor.py:842} WARNING - No viable dags retrieved from /workspaces/Airflow-domain-etl/venv/lib/python3.10/site-packages/airflow/example_dags/subdags/subdag.py
[2025-12-27T03:05:31.066+0000] {processor.py:183} INFO - Processing /workspaces/Airflow-domain-etl/venv/lib/python3.10/site-packages/airflow/example_dags/subdags/subdag.py took 0.014 seconds
[2025-12-27T03:06:07.001+0000] {processor.py:161} INFO - Started process (PID=27146) to work on /workspaces/Airflow-domain-etl/venv/lib/python3.10/site-packages/airflow/example_dags/subdags/subdag.py
[2025-12-27T03:06:07.002+0000] {processor.py:830} INFO - Processing file /workspaces/Airflow-domain-etl/venv/lib/python3.10/site-packages/airflow/example_dags/subdags/subdag.py for tasks to queue
[2025-12-27T03:06:07.003+0000] {logging_mixin.py:188} INFO - [2025-12-27T03:06:07.003+0000] {dagbag.py:538} INFO - Filling up the DagBag from /workspaces/Airflow-domain-etl/venv/lib/python3.10/site-packages/airflow/example_dags/subdags/subdag.py
[2025-12-27T03:06:07.004+0000] {processor.py:842} WARNING - No viable dags retrieved from /workspaces/Airflow-domain-etl/venv/lib/python3.10/site-packages/airflow/example_dags/subdags/subdag.py
[2025-12-27T03:06:07.011+0000] {processor.py:183} INFO - Processing /workspaces/Airflow-domain-etl/venv/lib/python3.10/site-packages/airflow/example_dags/subdags/subdag.py took 0.012 seconds
[2025-12-27T03:06:46.143+0000] {processor.py:161} INFO - Started process (PID=27600) to work on /workspaces/Airflow-domain-etl/venv/lib/python3.10/site-packages/airflow/example_dags/subdags/subdag.py
[2025-12-27T03:06:46.143+0000] {processor.py:830} INFO - Processing file /workspaces/Airflow-domain-etl/venv/lib/python3.10/site-packages/airflow/example_dags/subdags/subdag.py for tasks to queue
[2025-12-27T03:06:46.144+0000] {logging_mixin.py:188} INFO - [2025-12-27T03:06:46.144+0000] {dagbag.py:538} INFO - Filling up the DagBag from /workspaces/Airflow-domain-etl/venv/lib/python3.10/site-packages/airflow/example_dags/subdags/subdag.py
[2025-12-27T03:06:46.145+0000] {processor.py:842} WARNING - No viable dags retrieved from /workspaces/Airflow-domain-etl/venv/lib/python3.10/site-packages/airflow/example_dags/subdags/subdag.py
[2025-12-27T03:06:46.152+0000] {processor.py:183} INFO - Processing /workspaces/Airflow-domain-etl/venv/lib/python3.10/site-packages/airflow/example_dags/subdags/subdag.py took 0.011 seconds
