[2025-12-27T03:03:19.470+0000] {processor.py:161} INFO - Started process (PID=25048) to work on /workspaces/Airflow-domain-etl/venv/lib/python3.10/site-packages/airflow/example_dags/plugins/event_listener.py
[2025-12-27T03:03:19.471+0000] {processor.py:830} INFO - Processing file /workspaces/Airflow-domain-etl/venv/lib/python3.10/site-packages/airflow/example_dags/plugins/event_listener.py for tasks to queue
[2025-12-27T03:03:19.472+0000] {logging_mixin.py:188} INFO - [2025-12-27T03:03:19.471+0000] {dagbag.py:538} INFO - Filling up the DagBag from /workspaces/Airflow-domain-etl/venv/lib/python3.10/site-packages/airflow/example_dags/plugins/event_listener.py
[2025-12-27T03:03:19.473+0000] {processor.py:842} WARNING - No viable dags retrieved from /workspaces/Airflow-domain-etl/venv/lib/python3.10/site-packages/airflow/example_dags/plugins/event_listener.py
[2025-12-27T03:03:19.479+0000] {processor.py:183} INFO - Processing /workspaces/Airflow-domain-etl/venv/lib/python3.10/site-packages/airflow/example_dags/plugins/event_listener.py took 0.011 seconds
[2025-12-27T03:04:11.572+0000] {processor.py:161} INFO - Started process (PID=25954) to work on /workspaces/Airflow-domain-etl/venv/lib/python3.10/site-packages/airflow/example_dags/plugins/event_listener.py
[2025-12-27T03:04:11.572+0000] {processor.py:830} INFO - Processing file /workspaces/Airflow-domain-etl/venv/lib/python3.10/site-packages/airflow/example_dags/plugins/event_listener.py for tasks to queue
[2025-12-27T03:04:11.573+0000] {logging_mixin.py:188} INFO - [2025-12-27T03:04:11.573+0000] {dagbag.py:538} INFO - Filling up the DagBag from /workspaces/Airflow-domain-etl/venv/lib/python3.10/site-packages/airflow/example_dags/plugins/event_listener.py
[2025-12-27T03:04:11.575+0000] {processor.py:842} WARNING - No viable dags retrieved from /workspaces/Airflow-domain-etl/venv/lib/python3.10/site-packages/airflow/example_dags/plugins/event_listener.py
[2025-12-27T03:04:11.581+0000] {processor.py:183} INFO - Processing /workspaces/Airflow-domain-etl/venv/lib/python3.10/site-packages/airflow/example_dags/plugins/event_listener.py took 0.012 seconds
[2025-12-27T03:04:45.806+0000] {processor.py:161} INFO - Started process (PID=26287) to work on /workspaces/Airflow-domain-etl/venv/lib/python3.10/site-packages/airflow/example_dags/plugins/event_listener.py
[2025-12-27T03:04:45.807+0000] {processor.py:830} INFO - Processing file /workspaces/Airflow-domain-etl/venv/lib/python3.10/site-packages/airflow/example_dags/plugins/event_listener.py for tasks to queue
[2025-12-27T03:04:45.807+0000] {logging_mixin.py:188} INFO - [2025-12-27T03:04:45.807+0000] {dagbag.py:538} INFO - Filling up the DagBag from /workspaces/Airflow-domain-etl/venv/lib/python3.10/site-packages/airflow/example_dags/plugins/event_listener.py
[2025-12-27T03:04:45.809+0000] {processor.py:842} WARNING - No viable dags retrieved from /workspaces/Airflow-domain-etl/venv/lib/python3.10/site-packages/airflow/example_dags/plugins/event_listener.py
[2025-12-27T03:04:45.815+0000] {processor.py:183} INFO - Processing /workspaces/Airflow-domain-etl/venv/lib/python3.10/site-packages/airflow/example_dags/plugins/event_listener.py took 0.011 seconds
[2025-12-27T03:05:33.332+0000] {processor.py:161} INFO - Started process (PID=26724) to work on /workspaces/Airflow-domain-etl/venv/lib/python3.10/site-packages/airflow/example_dags/plugins/event_listener.py
[2025-12-27T03:05:33.332+0000] {processor.py:830} INFO - Processing file /workspaces/Airflow-domain-etl/venv/lib/python3.10/site-packages/airflow/example_dags/plugins/event_listener.py for tasks to queue
[2025-12-27T03:05:33.333+0000] {logging_mixin.py:188} INFO - [2025-12-27T03:05:33.333+0000] {dagbag.py:538} INFO - Filling up the DagBag from /workspaces/Airflow-domain-etl/venv/lib/python3.10/site-packages/airflow/example_dags/plugins/event_listener.py
[2025-12-27T03:05:33.335+0000] {processor.py:842} WARNING - No viable dags retrieved from /workspaces/Airflow-domain-etl/venv/lib/python3.10/site-packages/airflow/example_dags/plugins/event_listener.py
[2025-12-27T03:05:33.341+0000] {processor.py:183} INFO - Processing /workspaces/Airflow-domain-etl/venv/lib/python3.10/site-packages/airflow/example_dags/plugins/event_listener.py took 0.011 seconds
[2025-12-27T03:06:09.263+0000] {processor.py:161} INFO - Started process (PID=27177) to work on /workspaces/Airflow-domain-etl/venv/lib/python3.10/site-packages/airflow/example_dags/plugins/event_listener.py
[2025-12-27T03:06:09.264+0000] {processor.py:830} INFO - Processing file /workspaces/Airflow-domain-etl/venv/lib/python3.10/site-packages/airflow/example_dags/plugins/event_listener.py for tasks to queue
[2025-12-27T03:06:09.264+0000] {logging_mixin.py:188} INFO - [2025-12-27T03:06:09.264+0000] {dagbag.py:538} INFO - Filling up the DagBag from /workspaces/Airflow-domain-etl/venv/lib/python3.10/site-packages/airflow/example_dags/plugins/event_listener.py
[2025-12-27T03:06:09.266+0000] {processor.py:842} WARNING - No viable dags retrieved from /workspaces/Airflow-domain-etl/venv/lib/python3.10/site-packages/airflow/example_dags/plugins/event_listener.py
[2025-12-27T03:06:09.273+0000] {processor.py:183} INFO - Processing /workspaces/Airflow-domain-etl/venv/lib/python3.10/site-packages/airflow/example_dags/plugins/event_listener.py took 0.012 seconds
[2025-12-27T03:06:47.743+0000] {processor.py:161} INFO - Started process (PID=27609) to work on /workspaces/Airflow-domain-etl/venv/lib/python3.10/site-packages/airflow/example_dags/plugins/event_listener.py
[2025-12-27T03:06:47.744+0000] {processor.py:830} INFO - Processing file /workspaces/Airflow-domain-etl/venv/lib/python3.10/site-packages/airflow/example_dags/plugins/event_listener.py for tasks to queue
[2025-12-27T03:06:47.744+0000] {logging_mixin.py:188} INFO - [2025-12-27T03:06:47.744+0000] {dagbag.py:538} INFO - Filling up the DagBag from /workspaces/Airflow-domain-etl/venv/lib/python3.10/site-packages/airflow/example_dags/plugins/event_listener.py
[2025-12-27T03:06:47.746+0000] {processor.py:842} WARNING - No viable dags retrieved from /workspaces/Airflow-domain-etl/venv/lib/python3.10/site-packages/airflow/example_dags/plugins/event_listener.py
[2025-12-27T03:06:47.753+0000] {processor.py:183} INFO - Processing /workspaces/Airflow-domain-etl/venv/lib/python3.10/site-packages/airflow/example_dags/plugins/event_listener.py took 0.012 seconds
