[2025-12-27T03:03:18.988+0000] {processor.py:161} INFO - Started process (PID=25040) to work on /workspaces/Airflow-domain-etl/venv/lib/python3.10/site-packages/airflow/example_dags/plugins/listener_plugin.py
[2025-12-27T03:03:18.988+0000] {processor.py:830} INFO - Processing file /workspaces/Airflow-domain-etl/venv/lib/python3.10/site-packages/airflow/example_dags/plugins/listener_plugin.py for tasks to queue
[2025-12-27T03:03:18.989+0000] {logging_mixin.py:188} INFO - [2025-12-27T03:03:18.989+0000] {dagbag.py:538} INFO - Filling up the DagBag from /workspaces/Airflow-domain-etl/venv/lib/python3.10/site-packages/airflow/example_dags/plugins/listener_plugin.py
[2025-12-27T03:03:18.991+0000] {processor.py:842} WARNING - No viable dags retrieved from /workspaces/Airflow-domain-etl/venv/lib/python3.10/site-packages/airflow/example_dags/plugins/listener_plugin.py
[2025-12-27T03:03:18.998+0000] {processor.py:183} INFO - Processing /workspaces/Airflow-domain-etl/venv/lib/python3.10/site-packages/airflow/example_dags/plugins/listener_plugin.py took 0.012 seconds
[2025-12-27T03:04:11.370+0000] {processor.py:161} INFO - Started process (PID=25952) to work on /workspaces/Airflow-domain-etl/venv/lib/python3.10/site-packages/airflow/example_dags/plugins/listener_plugin.py
[2025-12-27T03:04:11.371+0000] {processor.py:830} INFO - Processing file /workspaces/Airflow-domain-etl/venv/lib/python3.10/site-packages/airflow/example_dags/plugins/listener_plugin.py for tasks to queue
[2025-12-27T03:04:11.372+0000] {logging_mixin.py:188} INFO - [2025-12-27T03:04:11.372+0000] {dagbag.py:538} INFO - Filling up the DagBag from /workspaces/Airflow-domain-etl/venv/lib/python3.10/site-packages/airflow/example_dags/plugins/listener_plugin.py
[2025-12-27T03:04:11.374+0000] {processor.py:842} WARNING - No viable dags retrieved from /workspaces/Airflow-domain-etl/venv/lib/python3.10/site-packages/airflow/example_dags/plugins/listener_plugin.py
[2025-12-27T03:04:11.380+0000] {processor.py:183} INFO - Processing /workspaces/Airflow-domain-etl/venv/lib/python3.10/site-packages/airflow/example_dags/plugins/listener_plugin.py took 0.012 seconds
[2025-12-27T03:04:45.452+0000] {processor.py:161} INFO - Started process (PID=26285) to work on /workspaces/Airflow-domain-etl/venv/lib/python3.10/site-packages/airflow/example_dags/plugins/listener_plugin.py
[2025-12-27T03:04:45.453+0000] {processor.py:830} INFO - Processing file /workspaces/Airflow-domain-etl/venv/lib/python3.10/site-packages/airflow/example_dags/plugins/listener_plugin.py for tasks to queue
[2025-12-27T03:04:45.453+0000] {logging_mixin.py:188} INFO - [2025-12-27T03:04:45.453+0000] {dagbag.py:538} INFO - Filling up the DagBag from /workspaces/Airflow-domain-etl/venv/lib/python3.10/site-packages/airflow/example_dags/plugins/listener_plugin.py
[2025-12-27T03:04:45.455+0000] {processor.py:842} WARNING - No viable dags retrieved from /workspaces/Airflow-domain-etl/venv/lib/python3.10/site-packages/airflow/example_dags/plugins/listener_plugin.py
[2025-12-27T03:04:45.462+0000] {processor.py:183} INFO - Processing /workspaces/Airflow-domain-etl/venv/lib/python3.10/site-packages/airflow/example_dags/plugins/listener_plugin.py took 0.012 seconds
[2025-12-27T03:05:32.208+0000] {processor.py:161} INFO - Started process (PID=26707) to work on /workspaces/Airflow-domain-etl/venv/lib/python3.10/site-packages/airflow/example_dags/plugins/listener_plugin.py
[2025-12-27T03:05:32.210+0000] {processor.py:830} INFO - Processing file /workspaces/Airflow-domain-etl/venv/lib/python3.10/site-packages/airflow/example_dags/plugins/listener_plugin.py for tasks to queue
[2025-12-27T03:05:32.211+0000] {logging_mixin.py:188} INFO - [2025-12-27T03:05:32.210+0000] {dagbag.py:538} INFO - Filling up the DagBag from /workspaces/Airflow-domain-etl/venv/lib/python3.10/site-packages/airflow/example_dags/plugins/listener_plugin.py
[2025-12-27T03:05:32.214+0000] {processor.py:842} WARNING - No viable dags retrieved from /workspaces/Airflow-domain-etl/venv/lib/python3.10/site-packages/airflow/example_dags/plugins/listener_plugin.py
[2025-12-27T03:05:32.232+0000] {processor.py:183} INFO - Processing /workspaces/Airflow-domain-etl/venv/lib/python3.10/site-packages/airflow/example_dags/plugins/listener_plugin.py took 0.035 seconds
[2025-12-27T03:06:08.132+0000] {processor.py:161} INFO - Started process (PID=27154) to work on /workspaces/Airflow-domain-etl/venv/lib/python3.10/site-packages/airflow/example_dags/plugins/listener_plugin.py
[2025-12-27T03:06:08.133+0000] {processor.py:830} INFO - Processing file /workspaces/Airflow-domain-etl/venv/lib/python3.10/site-packages/airflow/example_dags/plugins/listener_plugin.py for tasks to queue
[2025-12-27T03:06:08.133+0000] {logging_mixin.py:188} INFO - [2025-12-27T03:06:08.133+0000] {dagbag.py:538} INFO - Filling up the DagBag from /workspaces/Airflow-domain-etl/venv/lib/python3.10/site-packages/airflow/example_dags/plugins/listener_plugin.py
[2025-12-27T03:06:08.135+0000] {processor.py:842} WARNING - No viable dags retrieved from /workspaces/Airflow-domain-etl/venv/lib/python3.10/site-packages/airflow/example_dags/plugins/listener_plugin.py
[2025-12-27T03:06:08.142+0000] {processor.py:183} INFO - Processing /workspaces/Airflow-domain-etl/venv/lib/python3.10/site-packages/airflow/example_dags/plugins/listener_plugin.py took 0.012 seconds
[2025-12-27T03:06:46.728+0000] {processor.py:161} INFO - Started process (PID=27601) to work on /workspaces/Airflow-domain-etl/venv/lib/python3.10/site-packages/airflow/example_dags/plugins/listener_plugin.py
[2025-12-27T03:06:46.729+0000] {processor.py:830} INFO - Processing file /workspaces/Airflow-domain-etl/venv/lib/python3.10/site-packages/airflow/example_dags/plugins/listener_plugin.py for tasks to queue
[2025-12-27T03:06:46.730+0000] {logging_mixin.py:188} INFO - [2025-12-27T03:06:46.729+0000] {dagbag.py:538} INFO - Filling up the DagBag from /workspaces/Airflow-domain-etl/venv/lib/python3.10/site-packages/airflow/example_dags/plugins/listener_plugin.py
[2025-12-27T03:06:46.732+0000] {processor.py:842} WARNING - No viable dags retrieved from /workspaces/Airflow-domain-etl/venv/lib/python3.10/site-packages/airflow/example_dags/plugins/listener_plugin.py
[2025-12-27T03:06:46.738+0000] {processor.py:183} INFO - Processing /workspaces/Airflow-domain-etl/venv/lib/python3.10/site-packages/airflow/example_dags/plugins/listener_plugin.py took 0.012 seconds
