[2025-12-27T03:03:16.412+0000] {processor.py:161} INFO - Started process (PID=25009) to work on /workspaces/Airflow-domain-etl/venv/lib/python3.10/site-packages/airflow/example_dags/plugins/workday.py
[2025-12-27T03:03:16.413+0000] {processor.py:830} INFO - Processing file /workspaces/Airflow-domain-etl/venv/lib/python3.10/site-packages/airflow/example_dags/plugins/workday.py for tasks to queue
[2025-12-27T03:03:16.414+0000] {logging_mixin.py:188} INFO - [2025-12-27T03:03:16.413+0000] {dagbag.py:538} INFO - Filling up the DagBag from /workspaces/Airflow-domain-etl/venv/lib/python3.10/site-packages/airflow/example_dags/plugins/workday.py
[2025-12-27T03:03:16.806+0000] {processor.py:842} WARNING - No viable dags retrieved from /workspaces/Airflow-domain-etl/venv/lib/python3.10/site-packages/airflow/example_dags/plugins/workday.py
[2025-12-27T03:03:16.811+0000] {processor.py:183} INFO - Processing /workspaces/Airflow-domain-etl/venv/lib/python3.10/site-packages/airflow/example_dags/plugins/workday.py took 0.401 seconds
[2025-12-27T03:04:08.909+0000] {processor.py:161} INFO - Started process (PID=25941) to work on /workspaces/Airflow-domain-etl/venv/lib/python3.10/site-packages/airflow/example_dags/plugins/workday.py
[2025-12-27T03:04:08.912+0000] {processor.py:830} INFO - Processing file /workspaces/Airflow-domain-etl/venv/lib/python3.10/site-packages/airflow/example_dags/plugins/workday.py for tasks to queue
[2025-12-27T03:04:08.912+0000] {logging_mixin.py:188} INFO - [2025-12-27T03:04:08.912+0000] {dagbag.py:538} INFO - Filling up the DagBag from /workspaces/Airflow-domain-etl/venv/lib/python3.10/site-packages/airflow/example_dags/plugins/workday.py
[2025-12-27T03:04:09.146+0000] {processor.py:842} WARNING - No viable dags retrieved from /workspaces/Airflow-domain-etl/venv/lib/python3.10/site-packages/airflow/example_dags/plugins/workday.py
[2025-12-27T03:04:09.155+0000] {processor.py:183} INFO - Processing /workspaces/Airflow-domain-etl/venv/lib/python3.10/site-packages/airflow/example_dags/plugins/workday.py took 0.250 seconds
[2025-12-27T03:04:43.744+0000] {processor.py:161} INFO - Started process (PID=26275) to work on /workspaces/Airflow-domain-etl/venv/lib/python3.10/site-packages/airflow/example_dags/plugins/workday.py
[2025-12-27T03:04:43.744+0000] {processor.py:830} INFO - Processing file /workspaces/Airflow-domain-etl/venv/lib/python3.10/site-packages/airflow/example_dags/plugins/workday.py for tasks to queue
[2025-12-27T03:04:43.745+0000] {logging_mixin.py:188} INFO - [2025-12-27T03:04:43.745+0000] {dagbag.py:538} INFO - Filling up the DagBag from /workspaces/Airflow-domain-etl/venv/lib/python3.10/site-packages/airflow/example_dags/plugins/workday.py
[2025-12-27T03:04:43.999+0000] {processor.py:842} WARNING - No viable dags retrieved from /workspaces/Airflow-domain-etl/venv/lib/python3.10/site-packages/airflow/example_dags/plugins/workday.py
[2025-12-27T03:04:44.006+0000] {processor.py:183} INFO - Processing /workspaces/Airflow-domain-etl/venv/lib/python3.10/site-packages/airflow/example_dags/plugins/workday.py took 0.264 seconds
[2025-12-27T03:05:15.719+0000] {processor.py:161} INFO - Started process (PID=26523) to work on /workspaces/Airflow-domain-etl/venv/lib/python3.10/site-packages/airflow/example_dags/plugins/workday.py
[2025-12-27T03:05:15.719+0000] {processor.py:830} INFO - Processing file /workspaces/Airflow-domain-etl/venv/lib/python3.10/site-packages/airflow/example_dags/plugins/workday.py for tasks to queue
[2025-12-27T03:05:15.720+0000] {logging_mixin.py:188} INFO - [2025-12-27T03:05:15.720+0000] {dagbag.py:538} INFO - Filling up the DagBag from /workspaces/Airflow-domain-etl/venv/lib/python3.10/site-packages/airflow/example_dags/plugins/workday.py
[2025-12-27T03:05:15.963+0000] {processor.py:842} WARNING - No viable dags retrieved from /workspaces/Airflow-domain-etl/venv/lib/python3.10/site-packages/airflow/example_dags/plugins/workday.py
[2025-12-27T03:05:15.969+0000] {processor.py:183} INFO - Processing /workspaces/Airflow-domain-etl/venv/lib/python3.10/site-packages/airflow/example_dags/plugins/workday.py took 0.253 seconds
[2025-12-27T03:05:49.125+0000] {processor.py:161} INFO - Started process (PID=26901) to work on /workspaces/Airflow-domain-etl/venv/lib/python3.10/site-packages/airflow/example_dags/plugins/workday.py
[2025-12-27T03:05:49.125+0000] {processor.py:830} INFO - Processing file /workspaces/Airflow-domain-etl/venv/lib/python3.10/site-packages/airflow/example_dags/plugins/workday.py for tasks to queue
[2025-12-27T03:05:49.126+0000] {logging_mixin.py:188} INFO - [2025-12-27T03:05:49.126+0000] {dagbag.py:538} INFO - Filling up the DagBag from /workspaces/Airflow-domain-etl/venv/lib/python3.10/site-packages/airflow/example_dags/plugins/workday.py
[2025-12-27T03:05:49.455+0000] {processor.py:842} WARNING - No viable dags retrieved from /workspaces/Airflow-domain-etl/venv/lib/python3.10/site-packages/airflow/example_dags/plugins/workday.py
[2025-12-27T03:05:49.465+0000] {processor.py:183} INFO - Processing /workspaces/Airflow-domain-etl/venv/lib/python3.10/site-packages/airflow/example_dags/plugins/workday.py took 0.342 seconds
[2025-12-27T03:06:27.271+0000] {processor.py:161} INFO - Started process (PID=27373) to work on /workspaces/Airflow-domain-etl/venv/lib/python3.10/site-packages/airflow/example_dags/plugins/workday.py
[2025-12-27T03:06:27.272+0000] {processor.py:830} INFO - Processing file /workspaces/Airflow-domain-etl/venv/lib/python3.10/site-packages/airflow/example_dags/plugins/workday.py for tasks to queue
[2025-12-27T03:06:27.273+0000] {logging_mixin.py:188} INFO - [2025-12-27T03:06:27.272+0000] {dagbag.py:538} INFO - Filling up the DagBag from /workspaces/Airflow-domain-etl/venv/lib/python3.10/site-packages/airflow/example_dags/plugins/workday.py
[2025-12-27T03:06:27.490+0000] {processor.py:842} WARNING - No viable dags retrieved from /workspaces/Airflow-domain-etl/venv/lib/python3.10/site-packages/airflow/example_dags/plugins/workday.py
[2025-12-27T03:06:27.498+0000] {processor.py:183} INFO - Processing /workspaces/Airflow-domain-etl/venv/lib/python3.10/site-packages/airflow/example_dags/plugins/workday.py took 0.229 seconds
