[2025-12-27T03:03:14.423+0000] {manager.py:469} INFO - Processing files using up to 1 processes at a time 
[2025-12-27T03:03:14.426+0000] {manager.py:470} INFO - Process each file at most once every 30 seconds
[2025-12-27T03:03:14.426+0000] {manager.py:471} INFO - Checking for new files in /workspaces/Airflow-domain-etl/dags every 300 seconds
[2025-12-27T03:03:14.426+0000] {manager.py:738} INFO - Searching for files in /workspaces/Airflow-domain-etl/dags
[2025-12-27T03:03:14.464+0000] {manager.py:741} INFO - There are 49 files in /workspaces/Airflow-domain-etl/dags
[2025-12-27T03:03:15.327+0000] {manager.py:879} INFO - 
================================================================================
DAG File Processing Stats

File Path                                                                                                                                         PID    Runtime      # DAGs    # Errors  Last Runtime    Last Run
------------------------------------------------------------------------------------------------------------------------------------------------  -----  ---------  --------  ----------  --------------  -------------------
/workspaces/Airflow-domain-etl/venv/lib/python3.10/site-packages/airflow/example_dags/example_dag_decorator.py                                                             0           0
/workspaces/Airflow-domain-etl/venv/lib/python3.10/site-packages/airflow/example_dags/example_xcom.py                                                                      0           0
/workspaces/Airflow-domain-etl/venv/lib/python3.10/site-packages/airflow/example_dags/example_setup_teardown.py                                                            0           0
/workspaces/Airflow-domain-etl/venv/lib/python3.10/site-packages/airflow/example_dags/example_xcomargs.py                                                                  0           0
/workspaces/Airflow-domain-etl/venv/lib/python3.10/site-packages/airflow/example_dags/example_time_delta_sensor_async.py                                                   0           0
/workspaces/Airflow-domain-etl/venv/lib/python3.10/site-packages/airflow/example_dags/example_branch_operator_decorator.py                                                 0           0
/workspaces/Airflow-domain-etl/venv/lib/python3.10/site-packages/airflow/example_dags/example_subdag_operator.py                                                           0           0
/workspaces/Airflow-domain-etl/venv/lib/python3.10/site-packages/airflow/example_dags/example_branch_labels.py                                                             0           0
/workspaces/Airflow-domain-etl/venv/lib/python3.10/site-packages/airflow/example_dags/example_dynamic_task_mapping_with_no_taskflow_operators.py                           0           0
/workspaces/Airflow-domain-etl/venv/lib/python3.10/site-packages/airflow/example_dags/example_kubernetes_executor.py                                                       0           0
/workspaces/Airflow-domain-etl/venv/lib/python3.10/site-packages/airflow/example_dags/example_passing_params_via_test_command.py                                           0           0
/workspaces/Airflow-domain-etl/venv/lib/python3.10/site-packages/airflow/example_dags/example_short_circuit_operator.py                                                    0           0
/workspaces/Airflow-domain-etl/venv/lib/python3.10/site-packages/airflow/example_dags/tutorial_taskflow_api.py                                                             0           0
/workspaces/Airflow-domain-etl/venv/lib/python3.10/site-packages/airflow/example_dags/example_latest_only_with_trigger.py                                                  0           0
/workspaces/Airflow-domain-etl/venv/lib/python3.10/site-packages/airflow/example_dags/example_short_circuit_decorator.py                                                   0           0
/workspaces/Airflow-domain-etl/venv/lib/python3.10/site-packages/airflow/example_dags/tutorial_dag.py                                                                      0           0
/workspaces/Airflow-domain-etl/venv/lib/python3.10/site-packages/airflow/example_dags/tutorial_objectstorage.py                                                            0           0
/workspaces/Airflow-domain-etl/venv/lib/python3.10/site-packages/airflow/example_dags/example_params_ui_tutorial.py                                                        0           0
/workspaces/Airflow-domain-etl/venv/lib/python3.10/site-packages/airflow/example_dags/example_trigger_controller_dag.py                                                    0           0
/workspaces/Airflow-domain-etl/venv/lib/python3.10/site-packages/airflow/example_dags/tutorial_taskflow_api_virtualenv.py                                                  0           0
/workspaces/Airflow-domain-etl/venv/lib/python3.10/site-packages/airflow/example_dags/example_sensors.py                                                                   0           0
/workspaces/Airflow-domain-etl/venv/lib/python3.10/site-packages/airflow/example_dags/example_dynamic_task_mapping.py                                                      0           0
/workspaces/Airflow-domain-etl/venv/lib/python3.10/site-packages/airflow/example_dags/example_python_decorator.py                                                          0           0
/workspaces/Airflow-domain-etl/venv/lib/python3.10/site-packages/airflow/example_dags/example_params_trigger_ui.py                                                         0           0
/workspaces/Airflow-domain-etl/venv/lib/python3.10/site-packages/airflow/example_dags/example_datasets.py                                                                  0           0
/workspaces/Airflow-domain-etl/venv/lib/python3.10/site-packages/airflow/example_dags/example_branch_python_dop_operator_3.py                                              0           0
/workspaces/Airflow-domain-etl/venv/lib/python3.10/site-packages/airflow/example_dags/example_nested_branch_dag.py                                                         0           0
/workspaces/Airflow-domain-etl/venv/lib/python3.10/site-packages/airflow/example_dags/example_python_operator.py                                                           0           0
/workspaces/Airflow-domain-etl/venv/lib/python3.10/site-packages/airflow/example_dags/example_local_kubernetes_executor.py                                                 0           0
/workspaces/Airflow-domain-etl/venv/lib/python3.10/site-packages/airflow/example_dags/example_task_group.py                                                                0           0
/workspaces/Airflow-domain-etl/venv/lib/python3.10/site-packages/airflow/example_dags/example_latest_only.py                                                               0           0
/workspaces/Airflow-domain-etl/venv/lib/python3.10/site-packages/airflow/example_dags/example_skip_dag.py                                                                  0           0
/workspaces/Airflow-domain-etl/venv/lib/python3.10/site-packages/airflow/example_dags/example_sla_dag.py                                                                   0           0
/workspaces/Airflow-domain-etl/venv/lib/python3.10/site-packages/airflow/example_dags/example_trigger_target_dag.py                                                        0           0
/workspaces/Airflow-domain-etl/venv/lib/python3.10/site-packages/airflow/example_dags/example_setup_teardown_taskflow.py                                                   0           0
/workspaces/Airflow-domain-etl/venv/lib/python3.10/site-packages/airflow/example_dags/example_task_group_decorator.py                                                      0           0
/workspaces/Airflow-domain-etl/venv/lib/python3.10/site-packages/airflow/example_dags/example_complex.py                                                                   0           0
/workspaces/Airflow-domain-etl/venv/lib/python3.10/site-packages/airflow/example_dags/example_branch_day_of_week_operator.py                                               0           0
/workspaces/Airflow-domain-etl/venv/lib/python3.10/site-packages/airflow/example_dags/example_sensor_decorator.py                                                          0           0
/workspaces/Airflow-domain-etl/venv/lib/python3.10/site-packages/airflow/example_dags/example_branch_datetime_operator.py                                                  0           0
/workspaces/Airflow-domain-etl/venv/lib/python3.10/site-packages/airflow/example_dags/tutorial.py                                                                          0           0
/workspaces/Airflow-domain-etl/venv/lib/python3.10/site-packages/airflow/example_dags/example_external_task_marker_dag.py                                                  0           0
/workspaces/Airflow-domain-etl/venv/lib/python3.10/site-packages/airflow/example_dags/example_bash_operator.py                                                             0           0
/workspaces/Airflow-domain-etl/venv/lib/python3.10/site-packages/airflow/example_dags/example_branch_operator.py                                                           0           0
/workspaces/Airflow-domain-etl/venv/lib/python3.10/site-packages/airflow/example_dags/plugins/workday.py                                                                   0           0
/workspaces/Airflow-domain-etl/venv/lib/python3.10/site-packages/airflow/example_dags/plugins/listener_plugin.py                                                           0           0
/workspaces/Airflow-domain-etl/venv/lib/python3.10/site-packages/airflow/example_dags/plugins/event_listener.py                                                            0           0
/workspaces/Airflow-domain-etl/venv/lib/python3.10/site-packages/airflow/example_dags/subdags/subdag.py                                                                    0           0
/workspaces/Airflow-domain-etl/dags/kaggle_etl_dag.py                                                                                                                      1           0  0.82s           2025-12-27T03:03:15
================================================================================
[2025-12-27T03:03:45.676+0000] {manager.py:879} INFO - 
================================================================================
DAG File Processing Stats

File Path                                                                                                                                         PID    Runtime      # DAGs    # Errors  Last Runtime    Last Run
------------------------------------------------------------------------------------------------------------------------------------------------  -----  ---------  --------  ----------  --------------  -------------------
/workspaces/Airflow-domain-etl/venv/lib/python3.10/site-packages/airflow/example_dags/example_dag_decorator.py                                                             0           0
/workspaces/Airflow-domain-etl/venv/lib/python3.10/site-packages/airflow/example_dags/example_branch_operator_decorator.py                                                 0           0
/workspaces/Airflow-domain-etl/venv/lib/python3.10/site-packages/airflow/example_dags/example_branch_labels.py                                                             0           0
/workspaces/Airflow-domain-etl/venv/lib/python3.10/site-packages/airflow/example_dags/example_dynamic_task_mapping_with_no_taskflow_operators.py                           0           0
/workspaces/Airflow-domain-etl/venv/lib/python3.10/site-packages/airflow/example_dags/example_kubernetes_executor.py                                                       0           0
/workspaces/Airflow-domain-etl/venv/lib/python3.10/site-packages/airflow/example_dags/example_latest_only_with_trigger.py                                                  0           0
/workspaces/Airflow-domain-etl/venv/lib/python3.10/site-packages/airflow/example_dags/example_dynamic_task_mapping.py                                                      0           0
/workspaces/Airflow-domain-etl/venv/lib/python3.10/site-packages/airflow/example_dags/example_params_trigger_ui.py                                                         0           0
/workspaces/Airflow-domain-etl/venv/lib/python3.10/site-packages/airflow/example_dags/example_datasets.py                                                                  0           0
/workspaces/Airflow-domain-etl/venv/lib/python3.10/site-packages/airflow/example_dags/example_branch_python_dop_operator_3.py                                              0           0
/workspaces/Airflow-domain-etl/venv/lib/python3.10/site-packages/airflow/example_dags/example_nested_branch_dag.py                                                         0           0
/workspaces/Airflow-domain-etl/venv/lib/python3.10/site-packages/airflow/example_dags/example_python_operator.py                                                           0           0
/workspaces/Airflow-domain-etl/venv/lib/python3.10/site-packages/airflow/example_dags/example_local_kubernetes_executor.py                                                 0           0
/workspaces/Airflow-domain-etl/venv/lib/python3.10/site-packages/airflow/example_dags/example_latest_only.py                                                               0           0
/workspaces/Airflow-domain-etl/venv/lib/python3.10/site-packages/airflow/example_dags/example_complex.py                                                                   0           0
/workspaces/Airflow-domain-etl/venv/lib/python3.10/site-packages/airflow/example_dags/example_branch_day_of_week_operator.py                                               0           0
/workspaces/Airflow-domain-etl/venv/lib/python3.10/site-packages/airflow/example_dags/example_branch_datetime_operator.py                                                  0           0
/workspaces/Airflow-domain-etl/venv/lib/python3.10/site-packages/airflow/example_dags/example_external_task_marker_dag.py                                                  0           0
/workspaces/Airflow-domain-etl/venv/lib/python3.10/site-packages/airflow/example_dags/example_bash_operator.py                                                             0           0
/workspaces/Airflow-domain-etl/venv/lib/python3.10/site-packages/airflow/example_dags/example_branch_operator.py                                                           0           0
/workspaces/Airflow-domain-etl/venv/lib/python3.10/site-packages/airflow/example_dags/plugins/workday.py                                                                   0           0  0.42s           2025-12-27T03:03:16
/workspaces/Airflow-domain-etl/venv/lib/python3.10/site-packages/airflow/example_dags/plugins/listener_plugin.py                                                           0           0  0.10s           2025-12-27T03:03:19
/workspaces/Airflow-domain-etl/venv/lib/python3.10/site-packages/airflow/example_dags/plugins/event_listener.py                                                            0           0  0.10s           2025-12-27T03:03:19
/workspaces/Airflow-domain-etl/venv/lib/python3.10/site-packages/airflow/example_dags/subdags/subdag.py                                                                    0           0  0.10s           2025-12-27T03:03:17
/workspaces/Airflow-domain-etl/dags/kaggle_etl_dag.py                                                                                                                      1           0  0.82s           2025-12-27T03:03:15
/workspaces/Airflow-domain-etl/venv/lib/python3.10/site-packages/airflow/example_dags/example_xcom.py                                                                      1           0  0.30s           2025-12-27T03:03:26
/workspaces/Airflow-domain-etl/venv/lib/python3.10/site-packages/airflow/example_dags/example_setup_teardown.py                                                            1           0  0.20s           2025-12-27T03:03:40
/workspaces/Airflow-domain-etl/venv/lib/python3.10/site-packages/airflow/example_dags/example_time_delta_sensor_async.py                                                   1           0  0.20s           2025-12-27T03:03:31
/workspaces/Airflow-domain-etl/venv/lib/python3.10/site-packages/airflow/example_dags/example_passing_params_via_test_command.py                                           1           0  0.20s           2025-12-27T03:03:44
/workspaces/Airflow-domain-etl/venv/lib/python3.10/site-packages/airflow/example_dags/example_short_circuit_operator.py                                                    1           0  0.20s           2025-12-27T03:03:36
/workspaces/Airflow-domain-etl/venv/lib/python3.10/site-packages/airflow/example_dags/tutorial_taskflow_api.py                                                             1           0  0.21s           2025-12-27T03:03:20
/workspaces/Airflow-domain-etl/venv/lib/python3.10/site-packages/airflow/example_dags/example_short_circuit_decorator.py                                                   1           0  0.20s           2025-12-27T03:03:37
/workspaces/Airflow-domain-etl/venv/lib/python3.10/site-packages/airflow/example_dags/tutorial_dag.py                                                                      1           0  0.30s           2025-12-27T03:03:22
/workspaces/Airflow-domain-etl/venv/lib/python3.10/site-packages/airflow/example_dags/tutorial_objectstorage.py                                                            1           0  0.21s           2025-12-27T03:03:23
/workspaces/Airflow-domain-etl/venv/lib/python3.10/site-packages/airflow/example_dags/example_params_ui_tutorial.py                                                        1           0  0.20s           2025-12-27T03:03:44
/workspaces/Airflow-domain-etl/venv/lib/python3.10/site-packages/airflow/example_dags/example_trigger_controller_dag.py                                                    1           0  0.20s           2025-12-27T03:03:28
/workspaces/Airflow-domain-etl/venv/lib/python3.10/site-packages/airflow/example_dags/tutorial_taskflow_api_virtualenv.py                                                  1           0  0.20s           2025-12-27T03:03:24
/workspaces/Airflow-domain-etl/venv/lib/python3.10/site-packages/airflow/example_dags/example_sensors.py                                                                   1           0  0.20s           2025-12-27T03:03:41
/workspaces/Airflow-domain-etl/venv/lib/python3.10/site-packages/airflow/example_dags/example_python_decorator.py                                                          1           0  0.20s           2025-12-27T03:03:45
/workspaces/Airflow-domain-etl/venv/lib/python3.10/site-packages/airflow/example_dags/example_task_group.py                                                                1           0  0.20s           2025-12-27T03:03:33
/workspaces/Airflow-domain-etl/venv/lib/python3.10/site-packages/airflow/example_dags/example_skip_dag.py                                                                  1           0  0.20s           2025-12-27T03:03:38
/workspaces/Airflow-domain-etl/venv/lib/python3.10/site-packages/airflow/example_dags/example_sla_dag.py                                                                   1           0  0.20s           2025-12-27T03:03:35
/workspaces/Airflow-domain-etl/venv/lib/python3.10/site-packages/airflow/example_dags/example_trigger_target_dag.py                                                        1           0  0.21s           2025-12-27T03:03:29
/workspaces/Airflow-domain-etl/venv/lib/python3.10/site-packages/airflow/example_dags/example_setup_teardown_taskflow.py                                                   1           0  0.20s           2025-12-27T03:03:40
/workspaces/Airflow-domain-etl/venv/lib/python3.10/site-packages/airflow/example_dags/example_task_group_decorator.py                                                      1           0  0.20s           2025-12-27T03:03:34
/workspaces/Airflow-domain-etl/venv/lib/python3.10/site-packages/airflow/example_dags/example_sensor_decorator.py                                                          1           0  0.20s           2025-12-27T03:03:42
/workspaces/Airflow-domain-etl/venv/lib/python3.10/site-packages/airflow/example_dags/tutorial.py                                                                          1           0  0.20s           2025-12-27T03:03:29
/workspaces/Airflow-domain-etl/venv/lib/python3.10/site-packages/airflow/example_dags/example_xcomargs.py                                                                  2           0  0.30s           2025-12-27T03:03:27
/workspaces/Airflow-domain-etl/venv/lib/python3.10/site-packages/airflow/example_dags/example_subdag_operator.py                                                           3           0  0.20s           2025-12-27T03:03:32
================================================================================
[2025-12-27T03:04:16.644+0000] {manager.py:879} INFO - 
================================================================================
DAG File Processing Stats

File Path                                                                                                                                         PID    Runtime      # DAGs    # Errors  Last Runtime    Last Run
------------------------------------------------------------------------------------------------------------------------------------------------  -----  ---------  --------  ----------  --------------  -------------------
/workspaces/Airflow-domain-etl/venv/lib/python3.10/site-packages/airflow/example_dags/example_kubernetes_executor.py                                                       0           0  0.10s           2025-12-27T03:03:51
/workspaces/Airflow-domain-etl/venv/lib/python3.10/site-packages/airflow/example_dags/example_local_kubernetes_executor.py                                                 0           0  0.10s           2025-12-27T03:03:50
/workspaces/Airflow-domain-etl/venv/lib/python3.10/site-packages/airflow/example_dags/plugins/workday.py                                                                   0           0  0.31s           2025-12-27T03:04:09
/workspaces/Airflow-domain-etl/venv/lib/python3.10/site-packages/airflow/example_dags/plugins/listener_plugin.py                                                           0           0  0.10s           2025-12-27T03:04:11
/workspaces/Airflow-domain-etl/venv/lib/python3.10/site-packages/airflow/example_dags/plugins/event_listener.py                                                            0           0  0.10s           2025-12-27T03:04:11
/workspaces/Airflow-domain-etl/venv/lib/python3.10/site-packages/airflow/example_dags/subdags/subdag.py                                                                    0           0  0.10s           2025-12-27T03:04:10
/workspaces/Airflow-domain-etl/dags/kaggle_etl_dag.py                                                                                                                      1           0  0.30s           2025-12-27T03:04:07
/workspaces/Airflow-domain-etl/venv/lib/python3.10/site-packages/airflow/example_dags/example_dag_decorator.py                                                             1           0  0.20s           2025-12-27T03:03:55
/workspaces/Airflow-domain-etl/venv/lib/python3.10/site-packages/airflow/example_dags/example_xcom.py                                                                      1           0  0.10s           2025-12-27T03:04:15
/workspaces/Airflow-domain-etl/venv/lib/python3.10/site-packages/airflow/example_dags/example_setup_teardown.py                                                            1           0  0.20s           2025-12-27T03:03:40
/workspaces/Airflow-domain-etl/venv/lib/python3.10/site-packages/airflow/example_dags/example_time_delta_sensor_async.py                                                   1           0  0.20s           2025-12-27T03:03:31
/workspaces/Airflow-domain-etl/venv/lib/python3.10/site-packages/airflow/example_dags/example_branch_operator_decorator.py                                                 1           0  0.21s           2025-12-27T03:04:00
/workspaces/Airflow-domain-etl/venv/lib/python3.10/site-packages/airflow/example_dags/example_branch_labels.py                                                             1           0  0.20s           2025-12-27T03:04:01
/workspaces/Airflow-domain-etl/venv/lib/python3.10/site-packages/airflow/example_dags/example_dynamic_task_mapping_with_no_taskflow_operators.py                           1           0  0.20s           2025-12-27T03:03:56
/workspaces/Airflow-domain-etl/venv/lib/python3.10/site-packages/airflow/example_dags/example_passing_params_via_test_command.py                                           1           0  0.20s           2025-12-27T03:03:44
/workspaces/Airflow-domain-etl/venv/lib/python3.10/site-packages/airflow/example_dags/example_short_circuit_operator.py                                                    1           0  0.20s           2025-12-27T03:03:36
/workspaces/Airflow-domain-etl/venv/lib/python3.10/site-packages/airflow/example_dags/tutorial_taskflow_api.py                                                             1           0  0.10s           2025-12-27T03:04:12
/workspaces/Airflow-domain-etl/venv/lib/python3.10/site-packages/airflow/example_dags/example_latest_only_with_trigger.py                                                  1           0  0.21s           2025-12-27T03:03:48
/workspaces/Airflow-domain-etl/venv/lib/python3.10/site-packages/airflow/example_dags/example_short_circuit_decorator.py                                                   1           0  0.20s           2025-12-27T03:03:37
/workspaces/Airflow-domain-etl/venv/lib/python3.10/site-packages/airflow/example_dags/tutorial_dag.py                                                                      1           0  0.10s           2025-12-27T03:04:13
/workspaces/Airflow-domain-etl/venv/lib/python3.10/site-packages/airflow/example_dags/tutorial_objectstorage.py                                                            1           0  0.11s           2025-12-27T03:04:14
/workspaces/Airflow-domain-etl/venv/lib/python3.10/site-packages/airflow/example_dags/example_params_ui_tutorial.py                                                        1           0  0.20s           2025-12-27T03:03:44
/workspaces/Airflow-domain-etl/venv/lib/python3.10/site-packages/airflow/example_dags/example_trigger_controller_dag.py                                                    1           0  0.20s           2025-12-27T03:03:28
/workspaces/Airflow-domain-etl/venv/lib/python3.10/site-packages/airflow/example_dags/tutorial_taskflow_api_virtualenv.py                                                  1           0  0.10s           2025-12-27T03:04:15
/workspaces/Airflow-domain-etl/venv/lib/python3.10/site-packages/airflow/example_dags/example_sensors.py                                                                   1           0  0.20s           2025-12-27T03:03:41
/workspaces/Airflow-domain-etl/venv/lib/python3.10/site-packages/airflow/example_dags/example_dynamic_task_mapping.py                                                      1           0  0.20s           2025-12-27T03:03:57
/workspaces/Airflow-domain-etl/venv/lib/python3.10/site-packages/airflow/example_dags/example_python_decorator.py                                                          1           0  0.20s           2025-12-27T03:03:45
/workspaces/Airflow-domain-etl/venv/lib/python3.10/site-packages/airflow/example_dags/example_params_trigger_ui.py                                                         1           0  0.21s           2025-12-27T03:03:49
/workspaces/Airflow-domain-etl/venv/lib/python3.10/site-packages/airflow/example_dags/example_branch_python_dop_operator_3.py                                              1           0  0.20s           2025-12-27T03:04:02
/workspaces/Airflow-domain-etl/venv/lib/python3.10/site-packages/airflow/example_dags/example_nested_branch_dag.py                                                         1           0  0.20s           2025-12-27T03:03:50
/workspaces/Airflow-domain-etl/venv/lib/python3.10/site-packages/airflow/example_dags/example_python_operator.py                                                           1           0  0.20s           2025-12-27T03:03:46
/workspaces/Airflow-domain-etl/venv/lib/python3.10/site-packages/airflow/example_dags/example_task_group.py                                                                1           0  0.20s           2025-12-27T03:03:33
/workspaces/Airflow-domain-etl/venv/lib/python3.10/site-packages/airflow/example_dags/example_latest_only.py                                                               1           0  0.20s           2025-12-27T03:03:53
/workspaces/Airflow-domain-etl/venv/lib/python3.10/site-packages/airflow/example_dags/example_skip_dag.py                                                                  1           0  0.20s           2025-12-27T03:03:38
/workspaces/Airflow-domain-etl/venv/lib/python3.10/site-packages/airflow/example_dags/example_sla_dag.py                                                                   1           0  0.20s           2025-12-27T03:03:35
/workspaces/Airflow-domain-etl/venv/lib/python3.10/site-packages/airflow/example_dags/example_trigger_target_dag.py                                                        1           0  0.21s           2025-12-27T03:03:29
/workspaces/Airflow-domain-etl/venv/lib/python3.10/site-packages/airflow/example_dags/example_setup_teardown_taskflow.py                                                   1           0  0.20s           2025-12-27T03:03:40
/workspaces/Airflow-domain-etl/venv/lib/python3.10/site-packages/airflow/example_dags/example_task_group_decorator.py                                                      1           0  0.20s           2025-12-27T03:03:34
/workspaces/Airflow-domain-etl/venv/lib/python3.10/site-packages/airflow/example_dags/example_complex.py                                                                   1           0  0.20s           2025-12-27T03:03:59
/workspaces/Airflow-domain-etl/venv/lib/python3.10/site-packages/airflow/example_dags/example_branch_day_of_week_operator.py                                               1           0  0.20s           2025-12-27T03:04:03
/workspaces/Airflow-domain-etl/venv/lib/python3.10/site-packages/airflow/example_dags/example_sensor_decorator.py                                                          1           0  0.20s           2025-12-27T03:03:42
/workspaces/Airflow-domain-etl/venv/lib/python3.10/site-packages/airflow/example_dags/tutorial.py                                                                          1           0  0.20s           2025-12-27T03:03:29
/workspaces/Airflow-domain-etl/venv/lib/python3.10/site-packages/airflow/example_dags/example_bash_operator.py                                                             1           0  0.20s           2025-12-27T03:04:06
/workspaces/Airflow-domain-etl/venv/lib/python3.10/site-packages/airflow/example_dags/example_branch_operator.py                                                           1           0  0.21s           2025-12-27T03:04:05
/workspaces/Airflow-domain-etl/venv/lib/python3.10/site-packages/airflow/example_dags/example_xcomargs.py                                                                  2           0  0.11s           2025-12-27T03:04:16
/workspaces/Airflow-domain-etl/venv/lib/python3.10/site-packages/airflow/example_dags/example_external_task_marker_dag.py                                                  2           0  0.20s           2025-12-27T03:03:54
/workspaces/Airflow-domain-etl/venv/lib/python3.10/site-packages/airflow/example_dags/example_subdag_operator.py                                                           3           0  0.20s           2025-12-27T03:03:32
/workspaces/Airflow-domain-etl/venv/lib/python3.10/site-packages/airflow/example_dags/example_branch_datetime_operator.py                                                  3           0  0.20s           2025-12-27T03:04:04
/workspaces/Airflow-domain-etl/venv/lib/python3.10/site-packages/airflow/example_dags/example_datasets.py                                                                  6           0  0.31s           2025-12-27T03:03:58
================================================================================
[2025-12-27T03:04:47.045+0000] {manager.py:879} INFO - 
================================================================================
DAG File Processing Stats

File Path                                                                                                                                         PID    Runtime      # DAGs    # Errors  Last Runtime    Last Run
------------------------------------------------------------------------------------------------------------------------------------------------  -----  ---------  --------  ----------  --------------  -------------------
/workspaces/Airflow-domain-etl/venv/lib/python3.10/site-packages/airflow/example_dags/example_kubernetes_executor.py                                                       0           0  0.11s           2025-12-27T03:04:38
/workspaces/Airflow-domain-etl/venv/lib/python3.10/site-packages/airflow/example_dags/example_local_kubernetes_executor.py                                                 0           0  0.10s           2025-12-27T03:04:37
/workspaces/Airflow-domain-etl/venv/lib/python3.10/site-packages/airflow/example_dags/plugins/workday.py                                                                   0           0  0.30s           2025-12-27T03:04:44
/workspaces/Airflow-domain-etl/venv/lib/python3.10/site-packages/airflow/example_dags/plugins/listener_plugin.py                                                           0           0  0.10s           2025-12-27T03:04:45
/workspaces/Airflow-domain-etl/venv/lib/python3.10/site-packages/airflow/example_dags/plugins/event_listener.py                                                            0           0  0.10s           2025-12-27T03:04:45
/workspaces/Airflow-domain-etl/venv/lib/python3.10/site-packages/airflow/example_dags/subdags/subdag.py                                                                    0           0  0.10s           2025-12-27T03:04:45
/workspaces/Airflow-domain-etl/dags/kaggle_etl_dag.py                                                                                                                      1           0  0.30s           2025-12-27T03:04:42
/workspaces/Airflow-domain-etl/venv/lib/python3.10/site-packages/airflow/example_dags/example_dag_decorator.py                                                             1           0  0.20s           2025-12-27T03:04:42
/workspaces/Airflow-domain-etl/venv/lib/python3.10/site-packages/airflow/example_dags/example_xcom.py                                                                      1           0  0.10s           2025-12-27T03:04:15
/workspaces/Airflow-domain-etl/venv/lib/python3.10/site-packages/airflow/example_dags/example_setup_teardown.py                                                            1           0  0.10s           2025-12-27T03:04:28
/workspaces/Airflow-domain-etl/venv/lib/python3.10/site-packages/airflow/example_dags/example_time_delta_sensor_async.py                                                   1           0  0.11s           2025-12-27T03:04:20
/workspaces/Airflow-domain-etl/venv/lib/python3.10/site-packages/airflow/example_dags/example_branch_operator_decorator.py                                                 1           0  0.21s           2025-12-27T03:04:00
/workspaces/Airflow-domain-etl/venv/lib/python3.10/site-packages/airflow/example_dags/example_branch_labels.py                                                             1           0  0.20s           2025-12-27T03:04:01
/workspaces/Airflow-domain-etl/venv/lib/python3.10/site-packages/airflow/example_dags/example_dynamic_task_mapping_with_no_taskflow_operators.py                           1           0  0.10s           2025-12-27T03:04:47
/workspaces/Airflow-domain-etl/venv/lib/python3.10/site-packages/airflow/example_dags/example_passing_params_via_test_command.py                                           1           0  0.10s           2025-12-27T03:04:31
/workspaces/Airflow-domain-etl/venv/lib/python3.10/site-packages/airflow/example_dags/example_short_circuit_operator.py                                                    1           0  0.10s           2025-12-27T03:04:25
/workspaces/Airflow-domain-etl/venv/lib/python3.10/site-packages/airflow/example_dags/tutorial_taskflow_api.py                                                             1           0  0.10s           2025-12-27T03:04:12
/workspaces/Airflow-domain-etl/venv/lib/python3.10/site-packages/airflow/example_dags/example_latest_only_with_trigger.py                                                  1           0  0.10s           2025-12-27T03:04:35
/workspaces/Airflow-domain-etl/venv/lib/python3.10/site-packages/airflow/example_dags/example_short_circuit_decorator.py                                                   1           0  0.10s           2025-12-27T03:04:25
/workspaces/Airflow-domain-etl/venv/lib/python3.10/site-packages/airflow/example_dags/tutorial_dag.py                                                                      1           0  0.10s           2025-12-27T03:04:13
/workspaces/Airflow-domain-etl/venv/lib/python3.10/site-packages/airflow/example_dags/tutorial_objectstorage.py                                                            1           0  0.11s           2025-12-27T03:04:14
/workspaces/Airflow-domain-etl/venv/lib/python3.10/site-packages/airflow/example_dags/example_params_ui_tutorial.py                                                        1           0  0.10s           2025-12-27T03:04:32
/workspaces/Airflow-domain-etl/venv/lib/python3.10/site-packages/airflow/example_dags/example_trigger_controller_dag.py                                                    1           0  0.10s           2025-12-27T03:04:16
/workspaces/Airflow-domain-etl/venv/lib/python3.10/site-packages/airflow/example_dags/tutorial_taskflow_api_virtualenv.py                                                  1           0  0.10s           2025-12-27T03:04:15
/workspaces/Airflow-domain-etl/venv/lib/python3.10/site-packages/airflow/example_dags/example_sensors.py                                                                   1           0  0.10s           2025-12-27T03:04:29
/workspaces/Airflow-domain-etl/venv/lib/python3.10/site-packages/airflow/example_dags/example_dynamic_task_mapping.py                                                      1           0  0.20s           2025-12-27T03:03:57
/workspaces/Airflow-domain-etl/venv/lib/python3.10/site-packages/airflow/example_dags/example_python_decorator.py                                                          1           0  0.10s           2025-12-27T03:04:33
/workspaces/Airflow-domain-etl/venv/lib/python3.10/site-packages/airflow/example_dags/example_params_trigger_ui.py                                                         1           0  0.10s           2025-12-27T03:04:35
/workspaces/Airflow-domain-etl/venv/lib/python3.10/site-packages/airflow/example_dags/example_branch_python_dop_operator_3.py                                              1           0  0.20s           2025-12-27T03:04:02
/workspaces/Airflow-domain-etl/venv/lib/python3.10/site-packages/airflow/example_dags/example_nested_branch_dag.py                                                         1           0  0.10s           2025-12-27T03:04:36
/workspaces/Airflow-domain-etl/venv/lib/python3.10/site-packages/airflow/example_dags/example_python_operator.py                                                           1           0  0.10s           2025-12-27T03:04:34
/workspaces/Airflow-domain-etl/venv/lib/python3.10/site-packages/airflow/example_dags/example_task_group.py                                                                1           0  0.10s           2025-12-27T03:04:21
/workspaces/Airflow-domain-etl/venv/lib/python3.10/site-packages/airflow/example_dags/example_latest_only.py                                                               1           0  0.10s           2025-12-27T03:04:39
/workspaces/Airflow-domain-etl/venv/lib/python3.10/site-packages/airflow/example_dags/example_skip_dag.py                                                                  1           0  0.10s           2025-12-27T03:04:26
/workspaces/Airflow-domain-etl/venv/lib/python3.10/site-packages/airflow/example_dags/example_sla_dag.py                                                                   1           0  0.10s           2025-12-27T03:04:24
/workspaces/Airflow-domain-etl/venv/lib/python3.10/site-packages/airflow/example_dags/example_trigger_target_dag.py                                                        1           0  0.11s           2025-12-27T03:04:17
/workspaces/Airflow-domain-etl/venv/lib/python3.10/site-packages/airflow/example_dags/example_setup_teardown_taskflow.py                                                   1           0  0.10s           2025-12-27T03:04:27
/workspaces/Airflow-domain-etl/venv/lib/python3.10/site-packages/airflow/example_dags/example_task_group_decorator.py                                                      1           0  0.10s           2025-12-27T03:04:23
/workspaces/Airflow-domain-etl/venv/lib/python3.10/site-packages/airflow/example_dags/example_complex.py                                                                   1           0  0.20s           2025-12-27T03:03:59
/workspaces/Airflow-domain-etl/venv/lib/python3.10/site-packages/airflow/example_dags/example_branch_day_of_week_operator.py                                               1           0  0.20s           2025-12-27T03:04:03
/workspaces/Airflow-domain-etl/venv/lib/python3.10/site-packages/airflow/example_dags/example_sensor_decorator.py                                                          1           0  0.10s           2025-12-27T03:04:30
/workspaces/Airflow-domain-etl/venv/lib/python3.10/site-packages/airflow/example_dags/tutorial.py                                                                          1           0  0.11s           2025-12-27T03:04:19
/workspaces/Airflow-domain-etl/venv/lib/python3.10/site-packages/airflow/example_dags/example_bash_operator.py                                                             1           0  0.20s           2025-12-27T03:04:06
/workspaces/Airflow-domain-etl/venv/lib/python3.10/site-packages/airflow/example_dags/example_branch_operator.py                                                           1           0  0.21s           2025-12-27T03:04:05
/workspaces/Airflow-domain-etl/venv/lib/python3.10/site-packages/airflow/example_dags/example_xcomargs.py                                                                  2           0  0.11s           2025-12-27T03:04:16
/workspaces/Airflow-domain-etl/venv/lib/python3.10/site-packages/airflow/example_dags/example_external_task_marker_dag.py                                                  2           0  0.10s           2025-12-27T03:04:40
/workspaces/Airflow-domain-etl/venv/lib/python3.10/site-packages/airflow/example_dags/example_subdag_operator.py                                                           3           0  0.11s           2025-12-27T03:04:21
/workspaces/Airflow-domain-etl/venv/lib/python3.10/site-packages/airflow/example_dags/example_branch_datetime_operator.py                                                  3           0  0.20s           2025-12-27T03:04:04
/workspaces/Airflow-domain-etl/venv/lib/python3.10/site-packages/airflow/example_dags/example_datasets.py                                                                  6           0  0.31s           2025-12-27T03:03:58
================================================================================
[2025-12-27T03:05:17.460+0000] {manager.py:879} INFO - 
================================================================================
DAG File Processing Stats

File Path                                                                                                                                         PID    Runtime      # DAGs    # Errors  Last Runtime    Last Run
------------------------------------------------------------------------------------------------------------------------------------------------  -----  ---------  --------  ----------  --------------  -------------------
/workspaces/Airflow-domain-etl/venv/lib/python3.10/site-packages/airflow/example_dags/example_kubernetes_executor.py                                                       0           0  0.11s           2025-12-27T03:04:38
/workspaces/Airflow-domain-etl/venv/lib/python3.10/site-packages/airflow/example_dags/example_local_kubernetes_executor.py                                                 0           0  0.10s           2025-12-27T03:04:37
/workspaces/Airflow-domain-etl/venv/lib/python3.10/site-packages/airflow/example_dags/plugins/workday.py                                                                   0           0  0.31s           2025-12-27T03:05:16
/workspaces/Airflow-domain-etl/venv/lib/python3.10/site-packages/airflow/example_dags/plugins/listener_plugin.py                                                           0           0  0.10s           2025-12-27T03:04:45
/workspaces/Airflow-domain-etl/venv/lib/python3.10/site-packages/airflow/example_dags/plugins/event_listener.py                                                            0           0  0.10s           2025-12-27T03:04:45
/workspaces/Airflow-domain-etl/venv/lib/python3.10/site-packages/airflow/example_dags/subdags/subdag.py                                                                    0           0  0.10s           2025-12-27T03:04:45
/workspaces/Airflow-domain-etl/dags/kaggle_etl_dag.py                                                                                                                      1           0  0.31s           2025-12-27T03:05:14
/workspaces/Airflow-domain-etl/venv/lib/python3.10/site-packages/airflow/example_dags/example_dag_decorator.py                                                             1           0  0.20s           2025-12-27T03:04:42
/workspaces/Airflow-domain-etl/venv/lib/python3.10/site-packages/airflow/example_dags/example_xcom.py                                                                      1           0  0.10s           2025-12-27T03:05:01
/workspaces/Airflow-domain-etl/venv/lib/python3.10/site-packages/airflow/example_dags/example_setup_teardown.py                                                            1           0  0.11s           2025-12-27T03:05:16
/workspaces/Airflow-domain-etl/venv/lib/python3.10/site-packages/airflow/example_dags/example_time_delta_sensor_async.py                                                   1           0  0.10s           2025-12-27T03:05:06
/workspaces/Airflow-domain-etl/venv/lib/python3.10/site-packages/airflow/example_dags/example_branch_operator_decorator.py                                                 1           0  0.10s           2025-12-27T03:04:51
/workspaces/Airflow-domain-etl/venv/lib/python3.10/site-packages/airflow/example_dags/example_branch_labels.py                                                             1           0  0.10s           2025-12-27T03:04:52
/workspaces/Airflow-domain-etl/venv/lib/python3.10/site-packages/airflow/example_dags/example_dynamic_task_mapping_with_no_taskflow_operators.py                           1           0  0.10s           2025-12-27T03:04:47
/workspaces/Airflow-domain-etl/venv/lib/python3.10/site-packages/airflow/example_dags/example_passing_params_via_test_command.py                                           1           0  0.10s           2025-12-27T03:04:31
/workspaces/Airflow-domain-etl/venv/lib/python3.10/site-packages/airflow/example_dags/example_short_circuit_operator.py                                                    1           0  0.10s           2025-12-27T03:05:11
/workspaces/Airflow-domain-etl/venv/lib/python3.10/site-packages/airflow/example_dags/tutorial_taskflow_api.py                                                             1           0  0.10s           2025-12-27T03:04:58
/workspaces/Airflow-domain-etl/venv/lib/python3.10/site-packages/airflow/example_dags/example_latest_only_with_trigger.py                                                  1           0  0.10s           2025-12-27T03:04:35
/workspaces/Airflow-domain-etl/venv/lib/python3.10/site-packages/airflow/example_dags/example_short_circuit_decorator.py                                                   1           0  0.10s           2025-12-27T03:05:12
/workspaces/Airflow-domain-etl/venv/lib/python3.10/site-packages/airflow/example_dags/tutorial_dag.py                                                                      1           0  0.10s           2025-12-27T03:04:59
/workspaces/Airflow-domain-etl/venv/lib/python3.10/site-packages/airflow/example_dags/tutorial_objectstorage.py                                                            1           0  0.10s           2025-12-27T03:05:00
/workspaces/Airflow-domain-etl/venv/lib/python3.10/site-packages/airflow/example_dags/example_params_ui_tutorial.py                                                        1           0  0.10s           2025-12-27T03:04:32
/workspaces/Airflow-domain-etl/venv/lib/python3.10/site-packages/airflow/example_dags/example_trigger_controller_dag.py                                                    1           0  0.10s           2025-12-27T03:05:03
/workspaces/Airflow-domain-etl/venv/lib/python3.10/site-packages/airflow/example_dags/tutorial_taskflow_api_virtualenv.py                                                  1           0  0.10s           2025-12-27T03:05:00
/workspaces/Airflow-domain-etl/venv/lib/python3.10/site-packages/airflow/example_dags/example_sensors.py                                                                   1           0  0.10s           2025-12-27T03:05:17
/workspaces/Airflow-domain-etl/venv/lib/python3.10/site-packages/airflow/example_dags/example_dynamic_task_mapping.py                                                      1           0  0.10s           2025-12-27T03:04:47
/workspaces/Airflow-domain-etl/venv/lib/python3.10/site-packages/airflow/example_dags/example_python_decorator.py                                                          1           0  0.10s           2025-12-27T03:04:33
/workspaces/Airflow-domain-etl/venv/lib/python3.10/site-packages/airflow/example_dags/example_params_trigger_ui.py                                                         1           0  0.10s           2025-12-27T03:04:35
/workspaces/Airflow-domain-etl/venv/lib/python3.10/site-packages/airflow/example_dags/example_branch_python_dop_operator_3.py                                              1           0  0.11s           2025-12-27T03:04:52
/workspaces/Airflow-domain-etl/venv/lib/python3.10/site-packages/airflow/example_dags/example_nested_branch_dag.py                                                         1           0  0.10s           2025-12-27T03:04:36
/workspaces/Airflow-domain-etl/venv/lib/python3.10/site-packages/airflow/example_dags/example_python_operator.py                                                           1           0  0.10s           2025-12-27T03:04:34
/workspaces/Airflow-domain-etl/venv/lib/python3.10/site-packages/airflow/example_dags/example_task_group.py                                                                1           0  0.10s           2025-12-27T03:05:08
/workspaces/Airflow-domain-etl/venv/lib/python3.10/site-packages/airflow/example_dags/example_latest_only.py                                                               1           0  0.10s           2025-12-27T03:04:39
/workspaces/Airflow-domain-etl/venv/lib/python3.10/site-packages/airflow/example_dags/example_skip_dag.py                                                                  1           0  0.10s           2025-12-27T03:05:13
/workspaces/Airflow-domain-etl/venv/lib/python3.10/site-packages/airflow/example_dags/example_sla_dag.py                                                                   1           0  0.10s           2025-12-27T03:05:10
/workspaces/Airflow-domain-etl/venv/lib/python3.10/site-packages/airflow/example_dags/example_trigger_target_dag.py                                                        1           0  0.10s           2025-12-27T03:05:04
/workspaces/Airflow-domain-etl/venv/lib/python3.10/site-packages/airflow/example_dags/example_setup_teardown_taskflow.py                                                   1           0  0.11s           2025-12-27T03:05:14
/workspaces/Airflow-domain-etl/venv/lib/python3.10/site-packages/airflow/example_dags/example_task_group_decorator.py                                                      1           0  0.11s           2025-12-27T03:05:09
/workspaces/Airflow-domain-etl/venv/lib/python3.10/site-packages/airflow/example_dags/example_complex.py                                                                   1           0  0.10s           2025-12-27T03:04:50
/workspaces/Airflow-domain-etl/venv/lib/python3.10/site-packages/airflow/example_dags/example_branch_day_of_week_operator.py                                               1           0  0.10s           2025-12-27T03:04:54
/workspaces/Airflow-domain-etl/venv/lib/python3.10/site-packages/airflow/example_dags/example_sensor_decorator.py                                                          1           0  0.10s           2025-12-27T03:04:30
/workspaces/Airflow-domain-etl/venv/lib/python3.10/site-packages/airflow/example_dags/tutorial.py                                                                          1           0  0.10s           2025-12-27T03:05:05
/workspaces/Airflow-domain-etl/venv/lib/python3.10/site-packages/airflow/example_dags/example_bash_operator.py                                                             1           0  0.10s           2025-12-27T03:04:57
/workspaces/Airflow-domain-etl/venv/lib/python3.10/site-packages/airflow/example_dags/example_branch_operator.py                                                           1           0  0.10s           2025-12-27T03:04:56
/workspaces/Airflow-domain-etl/venv/lib/python3.10/site-packages/airflow/example_dags/example_xcomargs.py                                                                  2           0  0.10s           2025-12-27T03:05:02
/workspaces/Airflow-domain-etl/venv/lib/python3.10/site-packages/airflow/example_dags/example_external_task_marker_dag.py                                                  2           0  0.10s           2025-12-27T03:04:40
/workspaces/Airflow-domain-etl/venv/lib/python3.10/site-packages/airflow/example_dags/example_subdag_operator.py                                                           3           0  0.10s           2025-12-27T03:05:07
/workspaces/Airflow-domain-etl/venv/lib/python3.10/site-packages/airflow/example_dags/example_branch_datetime_operator.py                                                  3           0  0.10s           2025-12-27T03:04:55
/workspaces/Airflow-domain-etl/venv/lib/python3.10/site-packages/airflow/example_dags/example_datasets.py                                                                  6           0  0.10s           2025-12-27T03:04:48
================================================================================
[2025-12-27T03:05:48.090+0000] {manager.py:879} INFO - 
================================================================================
DAG File Processing Stats

File Path                                                                                                                                         PID    Runtime      # DAGs    # Errors  Last Runtime    Last Run
------------------------------------------------------------------------------------------------------------------------------------------------  -----  ---------  --------  ----------  --------------  -------------------
/workspaces/Airflow-domain-etl/venv/lib/python3.10/site-packages/airflow/example_dags/example_kubernetes_executor.py                                                       0           0  0.10s           2025-12-27T03:05:27
/workspaces/Airflow-domain-etl/venv/lib/python3.10/site-packages/airflow/example_dags/example_local_kubernetes_executor.py                                                 0           0  0.11s           2025-12-27T03:05:26
/workspaces/Airflow-domain-etl/venv/lib/python3.10/site-packages/airflow/example_dags/plugins/workday.py                                                                   0           0  0.31s           2025-12-27T03:05:16
/workspaces/Airflow-domain-etl/venv/lib/python3.10/site-packages/airflow/example_dags/plugins/listener_plugin.py                                                           0           0  0.11s           2025-12-27T03:05:32
/workspaces/Airflow-domain-etl/venv/lib/python3.10/site-packages/airflow/example_dags/plugins/event_listener.py                                                            0           0  0.10s           2025-12-27T03:05:33
/workspaces/Airflow-domain-etl/venv/lib/python3.10/site-packages/airflow/example_dags/subdags/subdag.py                                                                    0           0  0.10s           2025-12-27T03:05:31
/workspaces/Airflow-domain-etl/dags/kaggle_etl_dag.py                                                                                                                      1           0  0.31s           2025-12-27T03:05:48
/workspaces/Airflow-domain-etl/venv/lib/python3.10/site-packages/airflow/example_dags/example_dag_decorator.py                                                             1           0  0.20s           2025-12-27T03:05:30
/workspaces/Airflow-domain-etl/venv/lib/python3.10/site-packages/airflow/example_dags/example_xcom.py                                                                      1           0  0.10s           2025-12-27T03:05:01
/workspaces/Airflow-domain-etl/venv/lib/python3.10/site-packages/airflow/example_dags/example_setup_teardown.py                                                            1           0  0.11s           2025-12-27T03:05:16
/workspaces/Airflow-domain-etl/venv/lib/python3.10/site-packages/airflow/example_dags/example_time_delta_sensor_async.py                                                   1           0  0.10s           2025-12-27T03:05:06
/workspaces/Airflow-domain-etl/venv/lib/python3.10/site-packages/airflow/example_dags/example_branch_operator_decorator.py                                                 1           0  0.11s           2025-12-27T03:05:41
/workspaces/Airflow-domain-etl/venv/lib/python3.10/site-packages/airflow/example_dags/example_branch_labels.py                                                             1           0  0.10s           2025-12-27T03:05:42
/workspaces/Airflow-domain-etl/venv/lib/python3.10/site-packages/airflow/example_dags/example_dynamic_task_mapping_with_no_taskflow_operators.py                           1           0  0.10s           2025-12-27T03:05:37
/workspaces/Airflow-domain-etl/venv/lib/python3.10/site-packages/airflow/example_dags/example_passing_params_via_test_command.py                                           1           0  0.10s           2025-12-27T03:05:19
/workspaces/Airflow-domain-etl/venv/lib/python3.10/site-packages/airflow/example_dags/example_short_circuit_operator.py                                                    1           0  0.10s           2025-12-27T03:05:11
/workspaces/Airflow-domain-etl/venv/lib/python3.10/site-packages/airflow/example_dags/tutorial_taskflow_api.py                                                             1           0  0.10s           2025-12-27T03:05:34
/workspaces/Airflow-domain-etl/venv/lib/python3.10/site-packages/airflow/example_dags/example_latest_only_with_trigger.py                                                  1           0  0.10s           2025-12-27T03:05:23
/workspaces/Airflow-domain-etl/venv/lib/python3.10/site-packages/airflow/example_dags/example_short_circuit_decorator.py                                                   1           0  0.10s           2025-12-27T03:05:12
/workspaces/Airflow-domain-etl/venv/lib/python3.10/site-packages/airflow/example_dags/tutorial_dag.py                                                                      1           0  0.10s           2025-12-27T03:05:35
/workspaces/Airflow-domain-etl/venv/lib/python3.10/site-packages/airflow/example_dags/tutorial_objectstorage.py                                                            1           0  0.10s           2025-12-27T03:05:36
/workspaces/Airflow-domain-etl/venv/lib/python3.10/site-packages/airflow/example_dags/example_params_ui_tutorial.py                                                        1           0  0.10s           2025-12-27T03:05:20
/workspaces/Airflow-domain-etl/venv/lib/python3.10/site-packages/airflow/example_dags/example_trigger_controller_dag.py                                                    1           0  0.10s           2025-12-27T03:05:03
/workspaces/Airflow-domain-etl/venv/lib/python3.10/site-packages/airflow/example_dags/tutorial_taskflow_api_virtualenv.py                                                  1           0  0.11s           2025-12-27T03:05:36
/workspaces/Airflow-domain-etl/venv/lib/python3.10/site-packages/airflow/example_dags/example_sensors.py                                                                   1           0  0.10s           2025-12-27T03:05:17
/workspaces/Airflow-domain-etl/venv/lib/python3.10/site-packages/airflow/example_dags/example_dynamic_task_mapping.py                                                      1           0  0.11s           2025-12-27T03:05:38
/workspaces/Airflow-domain-etl/venv/lib/python3.10/site-packages/airflow/example_dags/example_python_decorator.py                                                          1           0  0.10s           2025-12-27T03:05:21
/workspaces/Airflow-domain-etl/venv/lib/python3.10/site-packages/airflow/example_dags/example_params_trigger_ui.py                                                         1           0  0.10s           2025-12-27T03:05:24
/workspaces/Airflow-domain-etl/venv/lib/python3.10/site-packages/airflow/example_dags/example_branch_python_dop_operator_3.py                                              1           0  0.10s           2025-12-27T03:05:43
/workspaces/Airflow-domain-etl/venv/lib/python3.10/site-packages/airflow/example_dags/example_nested_branch_dag.py                                                         1           0  0.10s           2025-12-27T03:05:26
/workspaces/Airflow-domain-etl/venv/lib/python3.10/site-packages/airflow/example_dags/example_python_operator.py                                                           1           0  0.10s           2025-12-27T03:05:23
/workspaces/Airflow-domain-etl/venv/lib/python3.10/site-packages/airflow/example_dags/example_task_group.py                                                                1           0  0.10s           2025-12-27T03:05:08
/workspaces/Airflow-domain-etl/venv/lib/python3.10/site-packages/airflow/example_dags/example_latest_only.py                                                               1           0  0.10s           2025-12-27T03:05:28
/workspaces/Airflow-domain-etl/venv/lib/python3.10/site-packages/airflow/example_dags/example_skip_dag.py                                                                  1           0  0.10s           2025-12-27T03:05:13
/workspaces/Airflow-domain-etl/venv/lib/python3.10/site-packages/airflow/example_dags/example_sla_dag.py                                                                   1           0  0.10s           2025-12-27T03:05:10
/workspaces/Airflow-domain-etl/venv/lib/python3.10/site-packages/airflow/example_dags/example_trigger_target_dag.py                                                        1           0  0.10s           2025-12-27T03:05:04
/workspaces/Airflow-domain-etl/venv/lib/python3.10/site-packages/airflow/example_dags/example_setup_teardown_taskflow.py                                                   1           0  0.11s           2025-12-27T03:05:14
/workspaces/Airflow-domain-etl/venv/lib/python3.10/site-packages/airflow/example_dags/example_task_group_decorator.py                                                      1           0  0.11s           2025-12-27T03:05:09
/workspaces/Airflow-domain-etl/venv/lib/python3.10/site-packages/airflow/example_dags/example_complex.py                                                                   1           0  0.10s           2025-12-27T03:05:40
/workspaces/Airflow-domain-etl/venv/lib/python3.10/site-packages/airflow/example_dags/example_branch_day_of_week_operator.py                                               1           0  0.10s           2025-12-27T03:05:44
/workspaces/Airflow-domain-etl/venv/lib/python3.10/site-packages/airflow/example_dags/example_sensor_decorator.py                                                          1           0  0.10s           2025-12-27T03:05:18
/workspaces/Airflow-domain-etl/venv/lib/python3.10/site-packages/airflow/example_dags/tutorial.py                                                                          1           0  0.10s           2025-12-27T03:05:05
/workspaces/Airflow-domain-etl/venv/lib/python3.10/site-packages/airflow/example_dags/example_bash_operator.py                                                             1           0  0.10s           2025-12-27T03:05:46
/workspaces/Airflow-domain-etl/venv/lib/python3.10/site-packages/airflow/example_dags/example_branch_operator.py                                                           1           0  0.11s           2025-12-27T03:05:46
/workspaces/Airflow-domain-etl/venv/lib/python3.10/site-packages/airflow/example_dags/example_xcomargs.py                                                                  2           0  0.10s           2025-12-27T03:05:02
/workspaces/Airflow-domain-etl/venv/lib/python3.10/site-packages/airflow/example_dags/example_external_task_marker_dag.py                                                  2           0  0.10s           2025-12-27T03:05:28
/workspaces/Airflow-domain-etl/venv/lib/python3.10/site-packages/airflow/example_dags/example_subdag_operator.py                                                           3           0  0.10s           2025-12-27T03:05:07
/workspaces/Airflow-domain-etl/venv/lib/python3.10/site-packages/airflow/example_dags/example_branch_datetime_operator.py                                                  3           0  0.10s           2025-12-27T03:05:45
/workspaces/Airflow-domain-etl/venv/lib/python3.10/site-packages/airflow/example_dags/example_datasets.py                                                                  6           0  0.21s           2025-12-27T03:05:39
================================================================================
[2025-12-27T03:06:18.370+0000] {manager.py:879} INFO - 
================================================================================
DAG File Processing Stats

File Path                                                                                                                                         PID    Runtime      # DAGs    # Errors  Last Runtime    Last Run
------------------------------------------------------------------------------------------------------------------------------------------------  -----  ---------  --------  ----------  --------------  -------------------
/workspaces/Airflow-domain-etl/venv/lib/python3.10/site-packages/airflow/example_dags/example_kubernetes_executor.py                                                       0           0  0.10s           2025-12-27T03:05:27
/workspaces/Airflow-domain-etl/venv/lib/python3.10/site-packages/airflow/example_dags/example_local_kubernetes_executor.py                                                 0           0  0.11s           2025-12-27T03:05:26
/workspaces/Airflow-domain-etl/venv/lib/python3.10/site-packages/airflow/example_dags/plugins/workday.py                                                                   0           0  0.41s           2025-12-27T03:05:49
/workspaces/Airflow-domain-etl/venv/lib/python3.10/site-packages/airflow/example_dags/plugins/listener_plugin.py                                                           0           0  0.10s           2025-12-27T03:06:08
/workspaces/Airflow-domain-etl/venv/lib/python3.10/site-packages/airflow/example_dags/plugins/event_listener.py                                                            0           0  0.10s           2025-12-27T03:06:09
/workspaces/Airflow-domain-etl/venv/lib/python3.10/site-packages/airflow/example_dags/subdags/subdag.py                                                                    0           0  0.11s           2025-12-27T03:06:07
/workspaces/Airflow-domain-etl/dags/kaggle_etl_dag.py                                                                                                                      1           0  0.31s           2025-12-27T03:05:48
/workspaces/Airflow-domain-etl/venv/lib/python3.10/site-packages/airflow/example_dags/example_dag_decorator.py                                                             1           0  0.20s           2025-12-27T03:05:30
/workspaces/Airflow-domain-etl/venv/lib/python3.10/site-packages/airflow/example_dags/example_xcom.py                                                                      1           0  0.10s           2025-12-27T03:05:50
/workspaces/Airflow-domain-etl/venv/lib/python3.10/site-packages/airflow/example_dags/example_setup_teardown.py                                                            1           0  0.10s           2025-12-27T03:06:04
/workspaces/Airflow-domain-etl/venv/lib/python3.10/site-packages/airflow/example_dags/example_time_delta_sensor_async.py                                                   1           0  0.10s           2025-12-27T03:05:55
/workspaces/Airflow-domain-etl/venv/lib/python3.10/site-packages/airflow/example_dags/example_branch_operator_decorator.py                                                 1           0  0.11s           2025-12-27T03:05:41
/workspaces/Airflow-domain-etl/venv/lib/python3.10/site-packages/airflow/example_dags/example_branch_labels.py                                                             1           0  0.10s           2025-12-27T03:05:42
/workspaces/Airflow-domain-etl/venv/lib/python3.10/site-packages/airflow/example_dags/example_dynamic_task_mapping_with_no_taskflow_operators.py                           1           0  0.10s           2025-12-27T03:05:37
/workspaces/Airflow-domain-etl/venv/lib/python3.10/site-packages/airflow/example_dags/example_passing_params_via_test_command.py                                           1           0  0.10s           2025-12-27T03:06:15
/workspaces/Airflow-domain-etl/venv/lib/python3.10/site-packages/airflow/example_dags/example_short_circuit_operator.py                                                    1           0  0.10s           2025-12-27T03:06:00
/workspaces/Airflow-domain-etl/venv/lib/python3.10/site-packages/airflow/example_dags/tutorial_taskflow_api.py                                                             1           0  0.10s           2025-12-27T03:06:09
/workspaces/Airflow-domain-etl/venv/lib/python3.10/site-packages/airflow/example_dags/example_latest_only_with_trigger.py                                                  1           0  0.10s           2025-12-27T03:06:18
/workspaces/Airflow-domain-etl/venv/lib/python3.10/site-packages/airflow/example_dags/example_short_circuit_decorator.py                                                   1           0  0.10s           2025-12-27T03:06:01
/workspaces/Airflow-domain-etl/venv/lib/python3.10/site-packages/airflow/example_dags/tutorial_dag.py                                                                      1           0  0.11s           2025-12-27T03:06:11
/workspaces/Airflow-domain-etl/venv/lib/python3.10/site-packages/airflow/example_dags/tutorial_objectstorage.py                                                            1           0  0.11s           2025-12-27T03:06:12
/workspaces/Airflow-domain-etl/venv/lib/python3.10/site-packages/airflow/example_dags/example_params_ui_tutorial.py                                                        1           0  0.10s           2025-12-27T03:06:16
/workspaces/Airflow-domain-etl/venv/lib/python3.10/site-packages/airflow/example_dags/example_trigger_controller_dag.py                                                    1           0  0.11s           2025-12-27T03:05:52
/workspaces/Airflow-domain-etl/venv/lib/python3.10/site-packages/airflow/example_dags/tutorial_taskflow_api_virtualenv.py                                                  1           0  0.10s           2025-12-27T03:06:13
/workspaces/Airflow-domain-etl/venv/lib/python3.10/site-packages/airflow/example_dags/example_sensors.py                                                                   1           0  0.10s           2025-12-27T03:06:05
/workspaces/Airflow-domain-etl/venv/lib/python3.10/site-packages/airflow/example_dags/example_dynamic_task_mapping.py                                                      1           0  0.11s           2025-12-27T03:05:38
/workspaces/Airflow-domain-etl/venv/lib/python3.10/site-packages/airflow/example_dags/example_python_decorator.py                                                          1           0  0.10s           2025-12-27T03:06:16
/workspaces/Airflow-domain-etl/venv/lib/python3.10/site-packages/airflow/example_dags/example_params_trigger_ui.py                                                         1           0  0.10s           2025-12-27T03:05:24
/workspaces/Airflow-domain-etl/venv/lib/python3.10/site-packages/airflow/example_dags/example_branch_python_dop_operator_3.py                                              1           0  0.10s           2025-12-27T03:05:43
/workspaces/Airflow-domain-etl/venv/lib/python3.10/site-packages/airflow/example_dags/example_nested_branch_dag.py                                                         1           0  0.10s           2025-12-27T03:05:26
/workspaces/Airflow-domain-etl/venv/lib/python3.10/site-packages/airflow/example_dags/example_python_operator.py                                                           1           0  0.11s           2025-12-27T03:06:17
/workspaces/Airflow-domain-etl/venv/lib/python3.10/site-packages/airflow/example_dags/example_task_group.py                                                                1           0  0.10s           2025-12-27T03:05:58
/workspaces/Airflow-domain-etl/venv/lib/python3.10/site-packages/airflow/example_dags/example_latest_only.py                                                               1           0  0.10s           2025-12-27T03:05:28
/workspaces/Airflow-domain-etl/venv/lib/python3.10/site-packages/airflow/example_dags/example_skip_dag.py                                                                  1           0  0.10s           2025-12-27T03:06:02
/workspaces/Airflow-domain-etl/venv/lib/python3.10/site-packages/airflow/example_dags/example_sla_dag.py                                                                   1           0  0.10s           2025-12-27T03:05:59
/workspaces/Airflow-domain-etl/venv/lib/python3.10/site-packages/airflow/example_dags/example_trigger_target_dag.py                                                        1           0  0.10s           2025-12-27T03:05:54
/workspaces/Airflow-domain-etl/venv/lib/python3.10/site-packages/airflow/example_dags/example_setup_teardown_taskflow.py                                                   1           0  0.10s           2025-12-27T03:06:03
/workspaces/Airflow-domain-etl/venv/lib/python3.10/site-packages/airflow/example_dags/example_task_group_decorator.py                                                      1           0  0.10s           2025-12-27T03:05:59
/workspaces/Airflow-domain-etl/venv/lib/python3.10/site-packages/airflow/example_dags/example_complex.py                                                                   1           0  0.10s           2025-12-27T03:05:40
/workspaces/Airflow-domain-etl/venv/lib/python3.10/site-packages/airflow/example_dags/example_branch_day_of_week_operator.py                                               1           0  0.10s           2025-12-27T03:05:44
/workspaces/Airflow-domain-etl/venv/lib/python3.10/site-packages/airflow/example_dags/example_sensor_decorator.py                                                          1           0  0.10s           2025-12-27T03:06:14
/workspaces/Airflow-domain-etl/venv/lib/python3.10/site-packages/airflow/example_dags/tutorial.py                                                                          1           0  0.10s           2025-12-27T03:05:54
/workspaces/Airflow-domain-etl/venv/lib/python3.10/site-packages/airflow/example_dags/example_bash_operator.py                                                             1           0  0.10s           2025-12-27T03:05:46
/workspaces/Airflow-domain-etl/venv/lib/python3.10/site-packages/airflow/example_dags/example_branch_operator.py                                                           1           0  0.11s           2025-12-27T03:05:46
/workspaces/Airflow-domain-etl/venv/lib/python3.10/site-packages/airflow/example_dags/example_xcomargs.py                                                                  2           0  0.10s           2025-12-27T03:05:51
/workspaces/Airflow-domain-etl/venv/lib/python3.10/site-packages/airflow/example_dags/example_external_task_marker_dag.py                                                  2           0  0.10s           2025-12-27T03:05:28
/workspaces/Airflow-domain-etl/venv/lib/python3.10/site-packages/airflow/example_dags/example_subdag_operator.py                                                           3           0  0.20s           2025-12-27T03:05:56
/workspaces/Airflow-domain-etl/venv/lib/python3.10/site-packages/airflow/example_dags/example_branch_datetime_operator.py                                                  3           0  0.10s           2025-12-27T03:05:45
/workspaces/Airflow-domain-etl/venv/lib/python3.10/site-packages/airflow/example_dags/example_datasets.py                                                                  6           0  0.21s           2025-12-27T03:05:39
================================================================================
[2025-12-27T03:06:48.974+0000] {manager.py:879} INFO - 
================================================================================
DAG File Processing Stats

File Path                                                                                                                                         PID    Runtime      # DAGs    # Errors  Last Runtime    Last Run
------------------------------------------------------------------------------------------------------------------------------------------------  -----  ---------  --------  ----------  --------------  -------------------
/workspaces/Airflow-domain-etl/venv/lib/python3.10/site-packages/airflow/example_dags/example_kubernetes_executor.py                                                       0           0  0.10s           2025-12-27T03:06:22
/workspaces/Airflow-domain-etl/venv/lib/python3.10/site-packages/airflow/example_dags/example_local_kubernetes_executor.py                                                 0           0  0.10s           2025-12-27T03:06:21
/workspaces/Airflow-domain-etl/venv/lib/python3.10/site-packages/airflow/example_dags/plugins/workday.py                                                                   0           0  0.31s           2025-12-27T03:06:27
/workspaces/Airflow-domain-etl/venv/lib/python3.10/site-packages/airflow/example_dags/plugins/listener_plugin.py                                                           0           0  0.10s           2025-12-27T03:06:46
/workspaces/Airflow-domain-etl/venv/lib/python3.10/site-packages/airflow/example_dags/plugins/event_listener.py                                                            0           0  0.10s           2025-12-27T03:06:47
/workspaces/Airflow-domain-etl/venv/lib/python3.10/site-packages/airflow/example_dags/subdags/subdag.py                                                                    0           0  0.10s           2025-12-27T03:06:46
/workspaces/Airflow-domain-etl/dags/kaggle_etl_dag.py                                                                                                                      1           0  0.30s           2025-12-27T03:06:26
/workspaces/Airflow-domain-etl/venv/lib/python3.10/site-packages/airflow/example_dags/example_dag_decorator.py                                                             1           0  0.20s           2025-12-27T03:06:25
/workspaces/Airflow-domain-etl/venv/lib/python3.10/site-packages/airflow/example_dags/example_xcom.py                                                                      1           0  0.10s           2025-12-27T03:06:28
/workspaces/Airflow-domain-etl/venv/lib/python3.10/site-packages/airflow/example_dags/example_setup_teardown.py                                                            1           0  0.10s           2025-12-27T03:06:04
/workspaces/Airflow-domain-etl/venv/lib/python3.10/site-packages/airflow/example_dags/example_time_delta_sensor_async.py                                                   1           0  0.10s           2025-12-27T03:06:33
/workspaces/Airflow-domain-etl/venv/lib/python3.10/site-packages/airflow/example_dags/example_branch_operator_decorator.py                                                 1           0  0.10s           2025-12-27T03:06:38
/workspaces/Airflow-domain-etl/venv/lib/python3.10/site-packages/airflow/example_dags/example_branch_labels.py                                                             1           0  0.10s           2025-12-27T03:06:39
/workspaces/Airflow-domain-etl/venv/lib/python3.10/site-packages/airflow/example_dags/example_dynamic_task_mapping_with_no_taskflow_operators.py                           1           0  0.10s           2025-12-27T03:06:35
/workspaces/Airflow-domain-etl/venv/lib/python3.10/site-packages/airflow/example_dags/example_passing_params_via_test_command.py                                           1           0  0.10s           2025-12-27T03:06:15
/workspaces/Airflow-domain-etl/venv/lib/python3.10/site-packages/airflow/example_dags/example_short_circuit_operator.py                                                    1           0  0.10s           2025-12-27T03:06:00
/workspaces/Airflow-domain-etl/venv/lib/python3.10/site-packages/airflow/example_dags/tutorial_taskflow_api.py                                                             1           0  0.10s           2025-12-27T03:06:48
/workspaces/Airflow-domain-etl/venv/lib/python3.10/site-packages/airflow/example_dags/example_latest_only_with_trigger.py                                                  1           0  0.10s           2025-12-27T03:06:18
/workspaces/Airflow-domain-etl/venv/lib/python3.10/site-packages/airflow/example_dags/example_short_circuit_decorator.py                                                   1           0  0.10s           2025-12-27T03:06:01
/workspaces/Airflow-domain-etl/venv/lib/python3.10/site-packages/airflow/example_dags/tutorial_dag.py                                                                      1           0  0.11s           2025-12-27T03:06:11
/workspaces/Airflow-domain-etl/venv/lib/python3.10/site-packages/airflow/example_dags/tutorial_objectstorage.py                                                            1           0  0.11s           2025-12-27T03:06:12
/workspaces/Airflow-domain-etl/venv/lib/python3.10/site-packages/airflow/example_dags/example_params_ui_tutorial.py                                                        1           0  0.10s           2025-12-27T03:06:16
/workspaces/Airflow-domain-etl/venv/lib/python3.10/site-packages/airflow/example_dags/example_trigger_controller_dag.py                                                    1           0  0.10s           2025-12-27T03:06:30
/workspaces/Airflow-domain-etl/venv/lib/python3.10/site-packages/airflow/example_dags/tutorial_taskflow_api_virtualenv.py                                                  1           0  0.10s           2025-12-27T03:06:13
/workspaces/Airflow-domain-etl/venv/lib/python3.10/site-packages/airflow/example_dags/example_sensors.py                                                                   1           0  0.10s           2025-12-27T03:06:05
/workspaces/Airflow-domain-etl/venv/lib/python3.10/site-packages/airflow/example_dags/example_dynamic_task_mapping.py                                                      1           0  0.33s           2025-12-27T03:06:35
/workspaces/Airflow-domain-etl/venv/lib/python3.10/site-packages/airflow/example_dags/example_python_decorator.py                                                          1           0  0.10s           2025-12-27T03:06:16
/workspaces/Airflow-domain-etl/venv/lib/python3.10/site-packages/airflow/example_dags/example_params_trigger_ui.py                                                         1           0  0.10s           2025-12-27T03:06:19
/workspaces/Airflow-domain-etl/venv/lib/python3.10/site-packages/airflow/example_dags/example_branch_python_dop_operator_3.py                                              1           0  0.10s           2025-12-27T03:06:41
/workspaces/Airflow-domain-etl/venv/lib/python3.10/site-packages/airflow/example_dags/example_nested_branch_dag.py                                                         1           0  0.11s           2025-12-27T03:06:20
/workspaces/Airflow-domain-etl/venv/lib/python3.10/site-packages/airflow/example_dags/example_python_operator.py                                                           1           0  0.11s           2025-12-27T03:06:17
/workspaces/Airflow-domain-etl/venv/lib/python3.10/site-packages/airflow/example_dags/example_task_group.py                                                                1           0  0.10s           2025-12-27T03:05:58
/workspaces/Airflow-domain-etl/venv/lib/python3.10/site-packages/airflow/example_dags/example_latest_only.py                                                               1           0  0.10s           2025-12-27T03:06:23
/workspaces/Airflow-domain-etl/venv/lib/python3.10/site-packages/airflow/example_dags/example_skip_dag.py                                                                  1           0  0.10s           2025-12-27T03:06:02
/workspaces/Airflow-domain-etl/venv/lib/python3.10/site-packages/airflow/example_dags/example_sla_dag.py                                                                   1           0  0.10s           2025-12-27T03:05:59
/workspaces/Airflow-domain-etl/venv/lib/python3.10/site-packages/airflow/example_dags/example_trigger_target_dag.py                                                        1           0  0.11s           2025-12-27T03:06:31
/workspaces/Airflow-domain-etl/venv/lib/python3.10/site-packages/airflow/example_dags/example_setup_teardown_taskflow.py                                                   1           0  0.10s           2025-12-27T03:06:03
/workspaces/Airflow-domain-etl/venv/lib/python3.10/site-packages/airflow/example_dags/example_task_group_decorator.py                                                      1           0  0.10s           2025-12-27T03:05:59
/workspaces/Airflow-domain-etl/venv/lib/python3.10/site-packages/airflow/example_dags/example_complex.py                                                                   1           0  0.11s           2025-12-27T03:06:37
/workspaces/Airflow-domain-etl/venv/lib/python3.10/site-packages/airflow/example_dags/example_branch_day_of_week_operator.py                                               1           0  0.10s           2025-12-27T03:06:42
/workspaces/Airflow-domain-etl/venv/lib/python3.10/site-packages/airflow/example_dags/example_sensor_decorator.py                                                          1           0  0.10s           2025-12-27T03:06:14
/workspaces/Airflow-domain-etl/venv/lib/python3.10/site-packages/airflow/example_dags/tutorial.py                                                                          1           0  0.10s           2025-12-27T03:06:32
/workspaces/Airflow-domain-etl/venv/lib/python3.10/site-packages/airflow/example_dags/example_bash_operator.py                                                             1           0  0.10s           2025-12-27T03:06:45
/workspaces/Airflow-domain-etl/venv/lib/python3.10/site-packages/airflow/example_dags/example_branch_operator.py                                                           1           0  0.10s           2025-12-27T03:06:44
/workspaces/Airflow-domain-etl/venv/lib/python3.10/site-packages/airflow/example_dags/example_xcomargs.py                                                                  2           0  0.10s           2025-12-27T03:06:29
/workspaces/Airflow-domain-etl/venv/lib/python3.10/site-packages/airflow/example_dags/example_external_task_marker_dag.py                                                  2           0  0.10s           2025-12-27T03:06:24
/workspaces/Airflow-domain-etl/venv/lib/python3.10/site-packages/airflow/example_dags/example_subdag_operator.py                                                           3           0  0.20s           2025-12-27T03:05:56
/workspaces/Airflow-domain-etl/venv/lib/python3.10/site-packages/airflow/example_dags/example_branch_datetime_operator.py                                                  3           0  0.10s           2025-12-27T03:06:43
/workspaces/Airflow-domain-etl/venv/lib/python3.10/site-packages/airflow/example_dags/example_datasets.py                                                                  6           0  0.11s           2025-12-27T03:06:37
================================================================================
[2025-12-27T03:06:49.686+0000] {manager.py:451} INFO - Exiting gracefully upon receiving signal 15
